[2025-10-11 09:12:12] Password reset for mobile: 9952428768 (User: Test super distributor)
[2025-10-11 12:28:42] Password reset for mobile: 7904386900 (User: S.Manjula)
[2025-10-11 12:28:57] Password reset for mobile: 7904386900 (User: S.Manjula)
[2025-10-11 12:31:10] Password reset for mobile: 7904386900 (User: S.Manjula)
[2025-10-11 13:06:03] Password reset for mobile: 7397070699 (User: THARUNYA UMAMAHESWARAN)
[2025-10-11 13:29:36] Password reset for mobile: 6381184545 (User: V.jayagomathi)
[2025-10-12 01:30:58] Password reset for mobile: 9751654342 (User: M.N.Balliyavathi)
[2025-10-12 04:49:48] Password reset for mobile: 9597618068 (User: LAKSHMINARAYANAN S)
[2025-10-12 05:32:39] Password reset for mobile: 9787506322 (User: Ayyappan G)
[2025-10-12 05:33:16] Password reset for mobile: 9787506322 (User: Ayyappan G)
[2025-10-12 05:38:13] Password reset for mobile: 9787506322 (User: Ayyappan G)
[2025-10-12 05:53:55] Password reset for mobile: 9787506322 (User: Ayyappan G)
[2025-10-12 05:54:35] Password reset for mobile: 9787506322 (User: Ayyappan G)
[2025-10-12 06:03:33] Password reset for mobile: 8610811365 (User: Banu Priya N)
[2025-10-12 06:19:28] Password reset for mobile: 8610811365 (User: Banu Priya N)
[2025-10-12 06:26:33] Password reset for mobile: 9787506322 (User: Ayyappan G)
[2025-10-12 08:24:24] Password reset for mobile: 8056562451 (User: SELVI S)
[2025-10-12 13:59:13] Password reset for mobile: 9787506322 (User: Ayyappan G)
[2025-10-12 14:00:29] Password reset for mobile: 9787506322 (User: Ayyappan G)
[2025-10-12 14:31:25] Password reset for mobile: 8610811365 (User: Banu Priya N)
[2025-10-12 17:17:00] Password reset for mobile: 9585523332 (User: Viva ventures)
[2025-10-13 05:17:58] Password reset for mobile: 6380232689 (User: Pradeepa)
[2025-10-13 05:18:28] Password reset for mobile: 6380232689 (User: Pradeepa)
[2025-10-13 06:00:58] Password reset for mobile: 9940208299 (User: Rajakumari S)
[2025-10-13 06:05:32] Password reset for mobile: 9585523332 (User: Viva ventures)
[2025-10-13 06:05:59] Password reset for mobile: 9585523332 (User: Viva ventures)
[2025-10-13 06:55:56] Password reset for mobile: 6381184545 (User: V.jayagomathi)
[2025-10-13 06:57:22] Password reset for mobile: 6381184545 (User: V.jayagomathi)
[2025-10-13 07:05:49] Password reset for mobile: 6381184545 (User: V.jayagomathi)
[2025-10-13 07:05:51] Password reset for mobile: 6381184545 (User: V.jayagomathi)
[2025-10-13 07:05:52] Password reset for mobile: 6381184545 (User: V.jayagomathi)
[2025-10-13 07:05:52] Password reset for mobile: 6381184545 (User: V.jayagomathi)
[2025-10-13 07:05:53] Password reset for mobile: 6381184545 (User: V.jayagomathi)
[2025-10-13 07:06:08] Password reset for mobile: 6381184545 (User: V.jayagomathi)
[2025-10-13 07:06:09] Password reset for mobile: 6381184545 (User: V.jayagomathi)
[2025-10-13 07:06:10] Password reset for mobile: 6381184545 (User: V.jayagomathi)
[2025-10-13 07:06:10] Password reset for mobile: 6381184545 (User: V.jayagomathi)
[2025-10-13 08:00:57] Password reset for mobile: 6380232689 (User: Pradeepa)
[2025-10-13 08:03:34] Password reset for mobile: 6380232689 (User: Pradeepa)
[2025-10-13 08:18:18] Password reset for mobile: 9363179863 (User: Sai Lakshmi R)
[2025-10-13 09:13:04] Password reset for mobile: 8056562451 (User: SELVI S)
[2025-10-13 09:34:28] Password reset for mobile: 6380232689 (User: Pradeepa)
[2025-10-13 12:48:31] Password reset for mobile: 9597618068 (User: LAKSHMINARAYANAN S)
[2025-10-13 12:58:10] Password reset for mobile: 9894407154 (User: Munusamy)
[2025-10-13 12:58:42] Password reset for mobile: 9597618068 (User: LAKSHMINARAYANAN S)
[2025-10-13 16:27:26] Password reset for mobile: 9787506322 (User: Ayyappan G)
[2025-10-13 16:27:27] Password reset for mobile: 9787506322 (User: Ayyappan G)
[2025-10-13 16:45:57] Password reset for mobile: 9787506322 (User: Ayyappan G)
[2025-10-13 16:47:22] Password reset for mobile: 9787506322 (User: Ayyappan G)
[2025-10-13 16:47:40] Password reset for mobile: 9787506322 (User: Ayyappan G)
[2025-10-13 16:53:44] Password reset for mobile: 9787506322 (User: Ayyappan G)
[2025-10-14 07:01:45] Password reset for mobile: 9940208299 (User: Rajakumari S)
[2025-10-14 09:38:47] Password reset for mobile: 8056562451 (User: SELVI S)
[2025-10-14 09:39:32] Password reset for mobile: 8056562451 (User: SELVI S)
[2025-10-14 09:45:10] Password reset for mobile: 8056562451 (User: SELVI S)
[2025-10-14 11:53:27] Password reset for mobile: 9751654342 (User: M.N.Balliyavathi)
[2025-10-14 11:53:28] Password reset for mobile: 9751654342 (User: M.N.Balliyavathi)
[2025-10-14 13:40:17] Password reset for mobile: 7708760646 (User: R. Uma Maheswari)
[2025-10-14 14:12:43] Password reset for mobile: 7904386900 (User: S.Manjula)
[2025-10-14 14:14:01] Password reset for mobile: 7904386900 (User: S.Manjula)
[2025-10-14 14:15:54] Password reset for mobile: 7904386900 (User: S.Manjula)
[2025-10-14 14:15:54] Password reset for mobile: 7904386900 (User: S.Manjula)
[2025-10-14 18:45:23] Password reset for mobile: 9600267084 (User: T. Vimal)
[2025-10-14 18:46:22] Password reset for mobile: 9600267084 (User: T. Vimal)
[2025-10-15 04:45:26] Password reset for mobile: 9159673373 (User: Monisha H)
[2025-10-15 06:47:35] Password reset for mobile: 8667294474 (User: VR.Amirtha Varshini )
[2025-10-15 06:49:44] Password reset for mobile: 8667294474 (User: VR.Amirtha Varshini )
[2025-10-15 08:17:37] Password reset for mobile: 6381184545 (User: V.jayagomathi)
[2025-10-15 10:56:27] Password reset for mobile: 8667294474 (User: VR.Amirtha Varshini )
[2025-10-15 12:55:56] Password reset for mobile: 6381184545 (User: V.jayagomathi)
[2025-10-16 05:41:43] Password reset for mobile: 9047290159 (User: G vijayasanthi)
[2025-10-16 05:42:18] Password reset for mobile: 9047290159 (User: G vijayasanthi)
[2025-10-16 11:17:10] Password reset for mobile: 7010404670 (User: Lithran traders )
[2025-10-16 16:11:07] Password reset for mobile: 7904386900 (User: S.Manjula)
[2025-10-17 02:29:50] Password reset for mobile: 9047290159 (User: G vijayasanthi)
[2025-10-17 02:31:16] Password reset for mobile: 9047290159 (User: G vijayasanthi)
[2025-10-17 02:53:48] Password reset for mobile: 9047290159 (User: G vijayasanthi)
[2025-10-17 04:38:38] Password reset for mobile: 9994578159 (User: deepa deepa)
[2025-10-17 04:38:39] Password reset for mobile: 9994578159 (User: deepa deepa)
[2025-10-17 04:39:37] Password reset for mobile: 9994578159 (User: deepa deepa)
[2025-10-17 15:27:16] Password reset for mobile: 8754964564 (User: Abirami M)
[2025-10-19 01:58:44] Password reset for mobile: 9994578159 (User: deepa deepa)
[2025-10-21 02:54:23] Password reset for mobile: 8056562451 (User: SELVI S)
[2025-10-21 02:54:25] Password reset for mobile: 8056562451 (User: SELVI S)
[2025-10-21 02:54:59] Password reset for mobile: 8056562451 (User: SELVI S)
[2025-10-21 17:28:21] Password reset for mobile: 9677463722 (User: A.JAYANTHI)
[2025-10-21 17:29:19] Password reset for mobile: 9677463722 (User: A.JAYANTHI)
[2025-10-21 17:30:58] Password reset for mobile: 9677463722 (User: A.JAYANTHI)
[2025-10-22 02:23:06] Password reset for mobile: 6369410667 (User: vanitha shanmugam)
[2025-10-22 02:23:15] Password reset for mobile: 6369410667 (User: vanitha shanmugam)
[2025-10-22 13:17:07] Password reset for mobile: 9994993044 (User: Chitra Senthilraja)
[2025-10-22 13:17:25] Password reset for mobile: 9994993044 (User: Chitra Senthilraja)
[2025-10-23 06:55:59] Password reset for mobile: 9538360216 (User: Sathya priya)
[2025-10-23 07:00:33] Password reset for mobile: 9538360216 (User: Sathya priya)
[2025-10-23 11:25:31] Password reset for mobile: 7010404670 (User: Lithran traders )
[2025-10-23 11:26:46] Password reset for mobile: 7010404670 (User: Lithran traders )
[2025-10-23 11:26:47] Password reset for mobile: 7010404670 (User: Lithran traders )
[2025-10-23 11:26:48] Password reset for mobile: 7010404670 (User: Lithran traders )
[2025-10-23 11:26:49] Password reset for mobile: 7010404670 (User: Lithran traders )
[2025-10-23 11:27:08] Password reset for mobile: 7010404670 (User: Lithran traders )
[2025-10-23 11:29:00] Password reset for mobile: 7010404670 (User: Lithran traders )
[2025-10-25 08:16:34] Password reset for mobile: 6385697541 (User: Sumathi.R)
[2025-10-25 08:17:55] Password reset for mobile: 6385697541 (User: Sumathi.R)
[2025-10-25 08:19:41] Password reset for mobile: 6385697541 (User: Sumathi.R)
[2025-10-25 08:20:07] Password reset for mobile: 6385697541 (User: Sumathi.R)
[2025-10-25 10:26:26] Password reset for mobile: 7010404670 (User: Lithran traders )
[2025-10-25 10:27:06] Password reset for mobile: 7010404670 (User: Lithran traders )
[2025-10-25 13:11:32] Password reset for mobile: 9150653373 (User: Jayalakshmi)
[2025-10-25 13:13:38] Password reset for mobile: 9150653373 (User: Jayalakshmi)
[2025-10-25 13:14:43] Password reset for mobile: 9150653373 (User: Jayalakshmi)
[2025-10-25 14:50:08] Password reset for mobile: 9344739674 (User: R. Mary)
[2025-10-25 14:54:22] Password reset for mobile: 9344739674 (User: R. Mary)
[2025-10-25 14:54:23] Password reset for mobile: 9344739674 (User: R. Mary)
[2025-10-25 15:18:26] Password reset for mobile: 6381184545 (User: V.jayagomathi)
[2025-10-26 05:25:01] Password reset for mobile: 7094736604 (User: RR Ramya)
[2025-10-26 11:39:48] Password reset for mobile: 9600285009 (User: MONISHA M)
[2025-10-26 11:39:49] Password reset for mobile: 9600285009 (User: MONISHA M)
[2025-10-26 11:40:28] Password reset for mobile: 9600285009 (User: MONISHA M)
[2025-10-26 14:11:33] Password reset for mobile: 8754964564 (User: Abirami M)
[2025-10-26 14:12:33] Password reset for mobile: 8754964564 (User: Abirami M)
[2025-10-26 17:31:54] Password reset for mobile: 9791686395 (User: G Yuvarani)
[2025-10-26 17:33:49] Password reset for mobile: 9791686395 (User: G Yuvarani)
[2025-10-26 17:34:49] Password reset for mobile: 9791686395 (User: G Yuvarani)
[2025-10-27 05:35:45] Password reset for mobile: 9994578159 (User: deepa deepa)
[2025-10-27 05:35:46] Password reset for mobile: 9994578159 (User: deepa deepa)
[2025-10-27 05:35:47] Password reset for mobile: 9994578159 (User: deepa deepa)
[2025-10-28 02:15:59] Password reset for mobile: 9600267084 (User: T. Vimal)
[2025-10-28 07:24:33] Password reset for mobile: 9150653373 (User: Jayalakshmi)
[2025-10-28 09:39:57] Password reset for mobile: 9791686395 (User: G Yuvarani)
[2025-10-28 09:40:58] Password reset for mobile: 9791686395 (User: G Yuvarani)
[2025-10-28 09:41:33] Password reset for mobile: 9791686395 (User: G Yuvarani)
[2025-10-28 10:06:37] Password reset for mobile: 8754964564 (User: Abirami M)
[2025-10-28 10:43:04] Password reset for mobile: 9791686395 (User: G Yuvarani)
[2025-10-28 11:39:35] Password reset for mobile: 9791686395 (User: G Yuvarani)
[2025-10-29 04:27:30] Password reset for mobile: 9787577743 (User: K.Amudha)
[2025-10-29 04:28:14] Password reset for mobile: 9787577743 (User: K.Amudha)
[2025-10-29 04:30:38] Password reset for mobile: 9787577743 (User: K.Amudha)
[2025-10-29 04:32:46] Password reset for mobile: 9787577743 (User: K.Amudha)
[2025-10-29 11:05:11] Password reset for mobile: 8056177149 (User: R. Soundarya Rani)
[2025-10-29 16:09:48] Password reset for mobile: 9994993044 (User: Chitra Senthilraja)
[2025-10-29 16:11:55] Password reset for mobile: 9994993044 (User: Chitra Senthilraja)
[2025-10-30 04:58:02] Password reset for mobile: 6385697541 (User: Sumathi.R)
[2025-10-30 04:58:37] Password reset for mobile: 6385697541 (User: Sumathi.R)
[2025-10-30 04:59:59] Password reset for mobile: 6385697541 (User: Sumathi.R)
[2025-10-30 05:00:18] Password reset for mobile: 6385697541 (User: Sumathi.R)
[2025-10-30 05:00:26] Password reset for mobile: 6385697541 (User: Sumathi.R)
[2025-10-30 05:00:48] Password reset for mobile: 6385697541 (User: Sumathi.R)
[2025-10-30 05:01:05] Password reset for mobile: 6385697541 (User: Sumathi.R)
[2025-10-31 04:59:47] Password reset for mobile: 6385697541 (User: Sumathi.R)
[2025-10-31 05:01:45] Password reset for mobile: 6385697541 (User: Sumathi.R)
[2025-10-31 05:01:50] Password reset for mobile: 6385697541 (User: Sumathi.R)
[2025-10-31 05:10:40] Password reset for mobile: 6385697541 (User: Sumathi.R)
[2025-10-31 05:18:02] Password reset for mobile: 6385697541 (User: Sumathi.R)
[2025-10-31 05:23:47] Password reset for mobile: 6385697541 (User: Sumathi.R)
[2025-10-31 05:55:42] Password reset for mobile: 6385697541 (User: Sumathi.R)
[2025-10-31 06:37:15] Password reset for mobile: 9994602196 (User: Revathi S)
[2025-10-31 06:39:01] Password reset for mobile: 9994602196 (User: Revathi S)
[2025-11-02 03:49:00] Password reset for mobile: 9176006081 (User: Priya P)
[2025-11-03 13:23:37] Password reset for mobile: 9994602196 (User: Revathi S)
[2025-11-04 07:17:21] Password reset for mobile: 9952516602 (User: C.DHANDAPANI)
[2025-11-04 08:38:23] Password reset for mobile: 8056177149 (User: R. Soundarya Rani)
[2025-11-04 12:55:14] Password reset for mobile: 9080497948 (User: N. Rajam)
[2025-11-05 02:06:01] Password reset for mobile: 9600285009 (User: MONISHA M)
[2025-11-06 10:10:09] Password reset for mobile: 9942135533 (User: Sangeetha R)
[2025-11-06 10:10:10] Password reset for mobile: 9942135533 (User: Sangeetha R)
[2025-11-07 13:31:48] Password reset for mobile: 9994993044 (User: Chitra Senthilraja)
[2025-11-10 07:16:16] Password reset for mobile: 9952516602 (User: C.DHANDAPANI)
[2025-11-11 04:55:48] Password reset for mobile: 9952516602 (User: C.DHANDAPANI)
[2025-11-11 04:56:42] Password reset for mobile: 9952516602 (User: C.DHANDAPANI)
[2025-11-11 06:26:20] Password reset for mobile: 9487010755 (User: Mohana priya)
[2025-11-11 06:26:33] Password reset for mobile: 9487010755 (User: Mohana priya)
[2025-11-11 10:51:37] Password reset for mobile: 9600285009 (User: MONISHA M)
[2025-11-13 10:43:03] Password reset for mobile: 9952516602 (User: C.DHANDAPANI)
[2025-11-13 13:47:07] Password reset for mobile: 9600285009 (User: MONISHA M)
[2025-11-15 13:19:33] Password reset for mobile: 9094063688 (User: Bakkiyalakshmi S)
[2025-11-16 02:35:55] Password reset for mobile: 9600285009 (User: MONISHA M)
[2025-11-16 02:36:15] Password reset for mobile: 9600285009 (User: MONISHA M)
[2025-11-16 04:23:17] Password reset for mobile: 8056177149 (User: R. Soundarya Rani)
[2025-11-17 07:15:37] Password reset for mobile: 7338989919 (User: Priya)
[2025-11-17 15:21:31] Password reset for mobile: 7338989919 (User: Priya)
[2025-11-21 06:18:01] Password reset for mobile: 9841504947 (User:  Sumithra J)
[2025-11-21 06:18:23] Password reset for mobile: 9841504947 (User:  Sumithra J)
[2025-11-21 06:19:27] Password reset for mobile: 9841504947 (User:  Sumithra J)
[2025-11-21 08:06:10] Password reset for mobile: 9787577743 (User: K.Amudha)
[2025-11-21 08:07:38] Password reset for mobile: 9787577743 (User: K.Amudha)
[2025-11-24 16:01:52] Password reset for mobile: 9524353807 (User: Kalaivani)
[2025-11-24 16:02:12] Password reset for mobile: 9524353807 (User: Kalaivani)
[2025-11-24 16:02:30] Password reset for mobile: 9524353807 (User: Kalaivani)
[2025-11-24 16:02:32] Password reset for mobile: 9524353807 (User: Kalaivani)
[2025-11-24 17:20:37] Password reset for mobile: 9043834347 (User: Manjula)
[2025-11-24 17:48:04] Password reset for mobile: 9043834347 (User: Manjula)
[2025-11-24 17:49:25] Password reset for mobile: 9043834347 (User: Manjula)
[2025-11-25 13:50:32] Password reset for mobile: 9524353807 (User: Kalaivani)
[2025-11-26 02:27:21] Password reset for mobile: 8667416751 (User: Vani)
[2025-11-26 02:27:57] Password reset for mobile: 8667416751 (User: Vani)
[2025-11-26 02:29:57] Password reset for mobile: 8667416751 (User: Vani)
[2025-11-26 04:34:51] Password reset for mobile: 9043834347 (User: Manjula)
[2025-11-26 04:44:33] Password reset for mobile: 9043834347 (User: Manjula)
[2025-11-28 13:17:32] Password reset for mobile: 6379048416 (User: Selvi Kavery.K)
[2025-11-28 13:24:16] Password reset for mobile: 6379048416 (User: Selvi Kavery.K)
[2025-11-28 14:32:56] Password reset for mobile: 9524353807 (User: Kalaivani)
[2025-11-28 14:32:58] Password reset for mobile: 9524353807 (User: Kalaivani)
[2025-11-28 14:32:59] Password reset for mobile: 9524353807 (User: Kalaivani)
[2025-11-28 14:32:59] Password reset for mobile: 9524353807 (User: Kalaivani)
[2025-11-28 14:33:00] Password reset for mobile: 9524353807 (User: Kalaivani)
[2025-11-28 14:36:59] Password reset for mobile: 9524353807 (User: Kalaivani)
[2025-11-28 14:37:00] Password reset for mobile: 9524353807 (User: Kalaivani)
[2025-11-28 14:43:07] Password reset for mobile: 9344739674 (User: R. Mary)
[2025-11-28 14:47:21] Password reset for mobile: 9344739674 (User: R. Mary)
[2025-11-28 14:49:32] Password reset for mobile: 9344739674 (User: R. Mary)
[2025-11-28 14:50:14] Password reset for mobile: 9344739674 (User: R. Mary)
[2025-11-29 01:24:13] Password reset for mobile: 9524353807 (User: Kalaivani)
[2025-11-29 01:24:43] Password reset for mobile: 9524353807 (User: Kalaivani)
[2025-11-29 01:30:28] Password reset for mobile: 9524353807 (User: Kalaivani)
[2025-11-29 03:02:41] Password reset for mobile: 9442346878 (User: M.jayasudha)
[2025-11-29 13:52:04] Password reset for mobile: 8921171081 (User: Reena bai)
[2025-11-30 12:28:20] Password reset for mobile: 9600285009 (User: MONISHA M)
[2025-12-02 04:47:09] Password reset for mobile: 7358899155 (User: Chitra devi)
[2025-12-04 08:32:18] Password reset for mobile: 9600267084 (User: T. Vimal)
[2025-12-04 08:32:36] Password reset for mobile: 9600267084 (User: T. Vimal)
[2025-12-04 08:32:53] Password reset for mobile: 9600267084 (User: T. Vimal)
[2025-12-04 14:48:16] Password reset for mobile: 8825923405 (User: Pandiyamma Devi)
[2025-12-05 10:02:01] Password reset for mobile: 7904386900 (User: S.Manjula)
[2025-12-05 10:02:02] Password reset for mobile: 7904386900 (User: S.Manjula)
[2025-12-05 10:02:03] Password reset for mobile: 7904386900 (User: S.Manjula)
[2025-12-05 12:41:29] Password reset for mobile: 7904386900 (User: S.Manjula)
[2025-12-05 14:40:54] Password reset for mobile: 9787577743 (User: K.Amudha)
[2025-12-05 14:42:23] Password reset for mobile: 9787577743 (User: K.Amudha)
[2025-12-05 14:45:21] Password reset for mobile: 9787577743 (User: K.Amudha)
[2025-12-05 14:47:23] Password reset for mobile: 9787577743 (User: K.Amudha)
[2025-12-05 14:49:20] Password reset for mobile: 9787577743 (User: K.Amudha)
[2025-12-06 02:34:36] Password reset for mobile: 9787577743 (User: K.Amudha)
[2025-12-06 08:28:44] Password reset for mobile: 9787577743 (User: K.Amudha)
[2025-12-06 09:30:33] Password reset for mobile: 9080366992 (User: P Lalitha)
[2025-12-06 09:30:49] Password reset for mobile: 9080366992 (User: P Lalitha)
[2025-12-06 09:32:41] Password reset for mobile: 9080366992 (User: P Lalitha)
[2025-12-06 09:51:52] Password reset for mobile: 9080366992 (User: P Lalitha)
[2025-12-06 10:05:24] Password reset for mobile: 9080366992 (User: P Lalitha)
[2025-12-06 10:08:48] Password reset for mobile: 9080366992 (User: P Lalitha)
[2025-12-06 10:12:30] Password reset for mobile: 9080366992 (User: P Lalitha)
[2025-12-06 10:12:31] Password reset for mobile: 9080366992 (User: P Lalitha)
[2025-12-06 10:15:31] Password reset for mobile: 9080366992 (User: P Lalitha)
[2025-12-06 10:20:02] Password reset for mobile: 9080366992 (User: P Lalitha)
[2025-12-12 14:32:51] Password reset for mobile: 9600285009 (User: MONISHA M)
[2025-12-12 14:34:22] Password reset for mobile: 9600285009 (User: MONISHA M)
[2025-12-12 14:35:25] Password reset for mobile: 9600285009 (User: MONISHA M)
[2025-12-12 14:35:26] Password reset for mobile: 9600285009 (User: MONISHA M)
[2025-12-12 14:35:27] Password reset for mobile: 9600285009 (User: MONISHA M)
[2025-12-19 17:37:56] Password reset for mobile: 8754320859 (User: S LATHA)
[2025-12-19 17:42:30] Password reset for mobile: 8754320859 (User: S LATHA)
[2026-01-02 08:46:17] Password reset for mobile: 7639182496 (User: pomalar s)
[2026-01-02 08:50:07] Password reset for mobile: 7639182496 (User: pomalar s)
[2026-01-02 09:00:01] Password reset for mobile: 7639182496 (User: pomalar s)
[2026-01-02 09:00:06] Password reset for mobile: 7639182496 (User: pomalar s)
[2026-01-02 09:03:44] Password reset for mobile: 7639182496 (User: pomalar s)
[2026-01-02 09:05:38] Password reset for mobile: 7639182496 (User: pomalar s)
[2026-01-02 09:27:50] Password reset for mobile: 7639182496 (User: pomalar s)
[2026-01-03 06:03:22] Password reset for mobile: 9841504947 (User:  Sumithra J)
[2026-01-03 11:41:26] Password reset for mobile: 9842336991 (User: Malathi. S)
[2026-01-03 11:41:28] Password reset for mobile: 9842336991 (User: Malathi. S)
[2026-01-03 11:42:39] Password reset for mobile: 9842336991 (User: Malathi. S)
[2026-01-03 11:42:41] Password reset for mobile: 9842336991 (User: Malathi. S)
[2026-01-03 11:44:29] Password reset for mobile: 9842336991 (User: Malathi. S)
[2026-01-03 11:49:06] Password reset for mobile: 9842336991 (User: Malathi. S)
[2026-01-03 13:00:15] Password reset for mobile: 9842336991 (User: Malathi. S)
[2026-01-03 13:16:11] Password reset for mobile: 9842336991 (User: Malathi. S)
[2026-01-03 13:16:20] Password reset for mobile: 9842336991 (User: Malathi. S)
[2026-01-03 13:18:08] Password reset for mobile: 9842336991 (User: Malathi. S)
[2026-01-03 13:33:32] Password reset for mobile: 9842336991 (User: Malathi. S)
[2026-01-03 13:50:54] Password reset for mobile: 9842336991 (User: Malathi. S)
[2026-01-03 13:51:07] Password reset for mobile: 9842336991 (User: Malathi. S)
[2026-01-03 13:51:46] Password reset for mobile: 9842336991 (User: Malathi. S)
[2026-01-03 13:52:22] Password reset for mobile: 9842336991 (User: Malathi. S)
[2026-01-04 06:30:50] Password reset for mobile: 7639182496 (User: pomalar s)
[2026-01-04 06:53:38] Password reset for mobile: 7639182496 (User: pomalar s)
[2026-01-04 07:31:18] Password reset for mobile: 7639182496 (User: pomalar s)
[2026-01-06 13:49:13] Password reset for mobile: 9842336991 (User: Malathi. S)
[2026-01-06 13:49:14] Password reset for mobile: 9842336991 (User: Malathi. S)
[2026-01-12 15:41:44] Password reset for mobile: 7826048035 (User: R.SATHIYAVATHI RAMAMOORTHY)
[2026-01-12 16:04:34] Password reset for mobile: 7826048035 (User: R.SATHIYAVATHI RAMAMOORTHY)
[2026-01-12 16:04:35] Password reset for mobile: 7826048035 (User: R.SATHIYAVATHI RAMAMOORTHY)
[2026-01-12 16:04:36] Password reset for mobile: 7826048035 (User: R.SATHIYAVATHI RAMAMOORTHY)
[2026-01-12 16:04:36] Password reset for mobile: 7826048035 (User: R.SATHIYAVATHI RAMAMOORTHY)
[2026-01-13 05:01:41] Password reset for mobile: 8778287447 (User: Revathi)
[2026-01-13 05:02:30] Password reset for mobile: 8778287447 (User: Revathi)
[2026-01-13 15:48:06] Password reset for mobile: 7826048035 (User: R.SATHIYAVATHI RAMAMOORTHY)
[2026-01-13 15:48:08] Password reset for mobile: 7826048035 (User: R.SATHIYAVATHI RAMAMOORTHY)
[2026-01-13 15:48:11] Password reset for mobile: 7826048035 (User: R.SATHIYAVATHI RAMAMOORTHY)
[2026-01-13 15:48:51] Password reset for mobile: 7826048035 (User: R.SATHIYAVATHI RAMAMOORTHY)
[2026-01-19 07:37:30] Password reset for mobile: 9345870177 (User: Sharmiladeviparmesh)
[2026-01-19 07:39:44] Password reset for mobile: 9345870177 (User: Sharmiladeviparmesh)
[2026-01-19 12:12:47] Password reset for mobile: 9994993044 (User: Chitra Senthilraja)
[2026-01-19 12:16:12] Password reset for mobile: 9994993044 (User: Chitra Senthilraja)
[2026-01-19 12:19:01] Password reset for mobile: 9994993044 (User: Chitra Senthilraja)
[2026-01-20 07:42:31] Password reset for mobile: 9566526109 (User: S.vennila)
[2026-01-20 12:59:23] Password reset for mobile: 9994993044 (User: Chitra Senthilraja)
[2026-01-20 13:00:03] Password reset for mobile: 9994993044 (User: Chitra Senthilraja)
[2026-01-20 13:04:18] Password reset for mobile: 9994993044 (User: Chitra Senthilraja)
[2026-01-20 16:22:00] Password reset for mobile: 8056913436 (User: sangeetha)
[2026-01-20 17:43:42] Password reset for mobile: 8056913436 (User: sangeetha)
[2026-01-21 18:09:24] Password reset for mobile: 9994993044 (User: Chitra Senthilraja)
[2026-01-29 02:47:24] Password reset for mobile: 9566526109 (User: S.vennila)
[2026-01-29 02:47:26] Password reset for mobile: 9566526109 (User: S.vennila)
[2026-01-29 02:47:27] Password reset for mobile: 9566526109 (User: S.vennila)
[2026-01-29 02:48:10] Password reset for mobile: 9566526109 (User: S.vennila)
[2026-01-29 02:48:11] Password reset for mobile: 9566526109 (User: S.vennila)
[2026-01-30 03:22:01] Password reset for mobile: 9566526109 (User: S.vennila)
[2026-01-30 10:07:45] Password reset for mobile: 7397671459 (User: Deepa)
[2026-02-01 08:49:31] Password reset for mobile: 8122454140 (User: E. Kanagalakshmi )
[2026-02-02 06:07:59] Password reset for mobile: 8056913436 (User: sangeetha)
[2026-02-02 06:09:30] Password reset for mobile: 8056913436 (User: sangeetha)
[2026-02-02 06:09:46] Password reset for mobile: 8056913436 (User: sangeetha)
[2026-02-02 06:12:17] Password reset for mobile: 8056913436 (User: sangeetha)
[2026-02-02 15:00:35] Password reset for mobile: 8056913436 (User: sangeetha)
[2026-02-02 15:10:41] Password reset for mobile: 8056913436 (User: sangeetha)
[2026-02-02 15:14:10] Password reset for mobile: 8122454140 (User: E. Kanagalakshmi )
[2026-02-02 15:15:45] Password reset for mobile: 8122454140 (User: E. Kanagalakshmi )
[2026-02-02 15:29:01] Password reset for mobile: 8056913436 (User: sangeetha)
[2026-02-03 01:48:26] Password reset for mobile: 8056913436 (User: sangeetha)
[2026-02-03 01:49:45] Password reset for mobile: 8056913436 (User: sangeetha)
[2026-02-03 01:52:17] Password reset for mobile: 8056913436 (User: sangeetha)
[2026-02-03 05:38:03] Password reset for mobile: 8056913436 (User: sangeetha)
[2026-02-03 10:33:32] Password reset for mobile: 7760512504 (User: Jayanthi)
[2026-02-03 10:46:23] Password reset for mobile: 7760512504 (User: Jayanthi)
[2026-02-03 12:19:13] Password reset for mobile: 9487010755 (User: Mohana priya)
[2026-02-04 14:39:58] Password reset for mobile: 8122454140 (User: E. Kanagalakshmi )
[2026-02-05 01:52:34] Password reset for mobile: 6381184545 (User: V.jayagomathi)
[2026-02-05 01:53:56] Password reset for mobile: 6381184545 (User: V.jayagomathi)
[2026-02-05 02:34:18] Password reset for mobile: 7397671459 (User: Deepa)
[2026-02-05 06:52:39] Password reset for mobile: 7397671459 (User: Deepa)
[2026-02-05 14:05:59] Password reset for mobile: 7397671459 (User: Deepa)
[2026-02-07 13:08:20] Password reset for mobile: 7760512504 (User: Jayanthi)
[2026-02-08 09:53:53] Password reset for mobile: 9894906727 (User: Tamilarasi. K)
[2026-02-08 10:15:17] Password reset for mobile: 9894906727 (User: Tamilarasi. K)
[2026-02-08 10:27:30] Password reset for mobile: 9894906727 (User: Tamilarasi. K)
[2026-02-08 13:06:00] Password reset for mobile: 9487010755 (User: Mohana priya)
[2026-02-08 13:06:25] Password reset for mobile: 9487010755 (User: Mohana priya)
[2026-02-09 07:46:17] Password reset for mobile: 9047290159 (User: G vijayasanthi)
[2026-02-09 11:05:12] Password reset for mobile: 9894906727 (User: Tamilarasi. K)
[2026-02-09 11:05:56] Password reset for mobile: 9894906727 (User: Tamilarasi. K)
[2026-02-18 16:09:21] Password reset for mobile: 9952912544 (User: Suganthi )
[2026-02-21 07:21:34] Password reset for mobile: 9894906727 (User: Tamilarasi. K)
[2026-02-27 08:42:48] Password reset for mobile: 6385725206 (User: S. J. Meha Nethra)
[2026-02-27 08:43:25] Password reset for mobile: 6385725206 (User: S. J. Meha Nethra)
[2026-02-27 08:47:58] Password reset for mobile: 6385725206 (User: S. J. Meha Nethra)
[2026-02-27 08:49:04] Password reset for mobile: 6385725206 (User: S. J. Meha Nethra)
[2026-02-27 08:52:48] Password reset for mobile: 6385725206 (User: S. J. Meha Nethra)
[2026-02-27 09:13:15] Password reset for mobile: 6385725206 (User: S. J. Meha Nethra)
[2026-02-28 09:12:01] Password reset for mobile: 7760512504 (User: Jayanthi)
[2026-03-01 05:24:49] Password reset for mobile: 9677679696 (User: Rajeswari)
[2026-03-01 06:01:40] Password reset for mobile: 9677679696 (User: Rajeswari)
[2026-03-01 11:46:57] Password reset for mobile: 9677679696 (User: Rajeswari)
[2026-03-01 11:56:59] Password reset for mobile: 9791686395 (User: G Yuvarani)
[2026-03-01 11:57:45] Password reset for mobile: 9791686395 (User: G Yuvarani)
[2026-03-01 11:59:19] Password reset for mobile: 9791686395 (User: G Yuvarani)
[2026-03-02 09:53:17] Password reset for mobile: 7760512504 (User: Jayanthi)
[2026-03-02 10:00:43] Password reset for mobile: 7760512504 (User: Jayanthi)
[2026-03-09 16:11:27] Password reset for mobile: 8754964564 (User: Abirami M)
[2026-03-11 06:02:19] Password reset for mobile: 8122454140 (User: E. Kanagalakshmi )
[2026-03-11 06:04:46] Password reset for mobile: 8122454140 (User: E. Kanagalakshmi )
[2026-03-15 08:47:54] Password reset for mobile: 9361994332 (User: Dharsini. P)
[2026-03-15 08:54:26] Password reset for mobile: 9361994332 (User: Dharsini. P)
[2026-03-15 08:57:43] Password reset for mobile: 9361994332 (User: Dharsini. P)
[2026-03-16 09:01:31] Password reset for mobile: 7826048035 (User: R.SATHIYAVATHI RAMAMOORTHY)
[2026-03-16 09:01:31] Password reset for mobile: 7826048035 (User: R.SATHIYAVATHI RAMAMOORTHY)
[2026-03-16 09:02:04] Password reset for mobile: 7826048035 (User: R.SATHIYAVATHI RAMAMOORTHY)
[2026-03-17 03:32:29] Password reset for mobile: 9361994332 (User: Dharsini. P)
[2026-03-17 03:34:45] Password reset for mobile: 9361994332 (User: Dharsini. P)
[2026-03-17 03:35:02] Password reset for mobile: 9361994332 (User: Dharsini. P)
[2026-03-17 03:35:03] Password reset for mobile: 9361994332 (User: Dharsini. P)
[2026-03-18 05:17:46] Password reset for mobile: 8056177149 (User: R. Soundarya Rani)
[2026-03-18 05:19:18] Password reset for mobile: 8056177149 (User: R. Soundarya Rani)
[2026-03-18 05:19:45] Password reset for mobile: 8056177149 (User: R. Soundarya Rani)
[2026-03-20 11:35:57] Password reset for mobile: 7019021608 (User: Savitha)
[2026-03-20 11:39:44] Password reset for mobile: 7019021608 (User: Savitha)
[2026-03-20 11:40:27] Password reset for mobile: 7019021608 (User: Savitha)
[2026-03-20 11:47:14] Password reset for mobile: 7019021608 (User: Savitha)
[2026-03-20 11:52:02] Password reset for mobile: 7019021608 (User: Savitha)
[2026-03-20 12:36:52] Password reset for mobile: 7019021608 (User: Savitha)
[2026-03-21 13:25:38] Password reset for mobile: 8122454140 (User: E. Kanagalakshmi )
[2026-03-21 13:27:23] Password reset for mobile: 8122454140 (User: E. Kanagalakshmi )
[2026-03-21 13:28:23] Password reset for mobile: 8122454140 (User: E. Kanagalakshmi )
[2026-03-21 13:34:41] Password reset for mobile: 8122454140 (User: E. Kanagalakshmi )
[2026-03-23 12:11:23] Password reset for mobile: 9361994332 (User: Dharsini. P)
[2026-03-25 07:47:49] Password reset for mobile: 6381184545 (User: V.jayagomathi)
[2026-03-25 13:33:05] Password reset for mobile: 9488808249 (User: Ramapriya)
[2026-03-25 13:33:05] Password reset for mobile: 9488808249 (User: Ramapriya)
[2026-03-25 16:01:52] Password reset for mobile: 9488808249 (User: Ramapriya)
[2026-03-25 16:02:27] Password reset for mobile: 9488808249 (User: Ramapriya)
[2026-03-25 16:02:42] Password reset for mobile: 9488808249 (User: Ramapriya)
[2026-03-25 16:04:04] Password reset for mobile: 9488808249 (User: Ramapriya)
[2026-03-25 16:08:05] Password reset for mobile: 9488808249 (User: Ramapriya)
[2026-03-25 23:05:20] Password reset for mobile: 9488808249 (User: Ramapriya)
[2026-03-25 23:08:10] Password reset for mobile: 9488808249 (User: Ramapriya)
[2026-03-26 11:16:33] Password reset for mobile: 9488808249 (User: Ramapriya)
[2026-03-26 15:02:11] Password reset for mobile: 9488808249 (User: Ramapriya)
[2026-03-27 05:39:00] Password reset for mobile: 8122454140 (User: E. Kanagalakshmi )
[2026-03-27 11:57:52] Password reset for mobile: 9488808249 (User: Ramapriya)
[2026-03-27 11:58:53] Password reset for mobile: 9488808249 (User: Ramapriya)
[2026-03-27 11:59:28] Password reset for mobile: 9488808249 (User: Ramapriya)
[2026-03-27 13:01:42] Password reset for mobile: 8122454140 (User: E. Kanagalakshmi )
[2026-03-28 10:23:36] Password reset for mobile: 9488808249 (User: Ramapriya)
[2026-03-28 10:23:55] Password reset for mobile: 9488808249 (User: Ramapriya)
[2026-03-30 17:21:42] Password reset for mobile: 9488808249 (User: Ramapriya)
[2026-03-30 17:22:04] Password reset for mobile: 9488808249 (User: Ramapriya)
[2026-03-30 17:22:05] Password reset for mobile: 9488808249 (User: Ramapriya)
[2026-03-31 10:10:53] Password reset for mobile: 9488808249 (User: Ramapriya)
[2026-04-01 15:04:09] Password reset for mobile: 9626824199 (User: T.MUTHURAKKU)
[2026-04-01 15:04:45] Password reset for mobile: 9626824199 (User: T.MUTHURAKKU)
[2026-04-01 15:36:08] Password reset for mobile: 9626824199 (User: T.MUTHURAKKU)
[2026-04-03 07:11:05] Password reset for mobile: 7373695087 (User: Padmavathy )
[2026-04-03 07:11:45] Password reset for mobile: 7373695087 (User: Padmavathy )
[2026-04-03 07:13:24] Password reset for mobile: 7373695087 (User: Padmavathy )
[2026-04-03 09:47:25] Password reset for mobile: 7373695087 (User: Padmavathy )
[2026-04-03 09:48:21] Password reset for mobile: 7373695087 (User: Padmavathy )
[2026-04-04 12:21:50] Password reset for mobile: 9626824199 (User: T.MUTHURAKKU)
[2026-04-07 10:09:43] Password reset for mobile: 7373695087 (User: Padmavathy )
[2026-04-07 10:10:40] Password reset for mobile: 7373695087 (User: Padmavathy )
[2026-04-07 10:11:28] Password reset for mobile: 7373695087 (User: Padmavathy )
[2026-04-07 10:57:07] Password reset for mobile: 7373695087 (User: Padmavathy )
[2026-04-07 11:05:54] Password reset for mobile: 7373695087 (User: Padmavathy )
[2026-04-07 11:06:31] Password reset for mobile: 7373695087 (User: Padmavathy )
[2026-04-08 01:23:09] Password reset for mobile: 9626655664 (User: Shalani kalai)
[2026-04-08 01:23:42] Password reset for mobile: 9626655664 (User: Shalani kalai)
[2026-04-09 14:48:00] Password reset for mobile: 9626655664 (User: Shalani kalai)
[2026-04-09 14:49:29] Password reset for mobile: 9626655664 (User: Shalani kalai)
[2026-04-12 10:41:20] Password reset for mobile: 9626655664 (User: Shalani kalai)
[2026-04-15 09:50:03] Password reset for mobile: 9489384201 (User: Abinayakavirasu)
[2026-04-15 09:51:21] Password reset for mobile: 9489384201 (User: Abinayakavirasu)
[2026-04-15 09:54:39] Password reset for mobile: 9489384201 (User: Abinayakavirasu)
[2026-04-21 16:23:53] Password reset for mobile: 7358259688 (User: M.P.Vijayabharathi)
[2026-04-21 16:24:12] Password reset for mobile: 7358259688 (User: M.P.Vijayabharathi)
[2026-04-23 06:45:18] Password reset for mobile: 6381184545 (User: V.jayagomathi)
[2026-04-27 09:38:59] Password reset for mobile: 9361994332 (User: Dharsini. P)
[2026-05-09 15:12:11] Password reset for mobile: 9443417230 (User: YAZIRAH TRADERS)
[2026-05-10 06:09:44] Password reset for mobile: 9524353807 (User: Kalaivani)
[2026-05-10 06:10:50] Password reset for mobile: 9524353807 (User: Kalaivani)
[2026-05-10 06:11:13] Password reset for mobile: 9524353807 (User: Kalaivani)
[2026-05-20 10:09:19] Password reset for mobile: 9840112355 (User: Ramya)
[2026-05-25 10:40:07] Password reset for mobile: 8667416751 (User: Vani)
