[2025-10-11 08:59:35] Password reset for mobile: 9952428768 (User: Test stockist)
[2025-10-11 11:35:20] Password reset for mobile: 7418127104 (User: D.LEENAVIDHYA)
[2025-10-11 11:36:05] Password reset for mobile: 7418127104 (User: D.LEENAVIDHYA)
[2025-10-11 11:40:27] Password reset for mobile: 8189895777 (User: Nishabegam A H)
[2025-10-11 12:15:26] Password reset for mobile: 9486326910 (User: A.GEETHA(SUN FASHION FEMI9 CARE))
[2025-10-11 12:18:24] Password reset for mobile: 9486326910 (User: A.GEETHA(SUN FASHION FEMI9 CARE))
[2025-10-11 12:18:25] Password reset for mobile: 9486326910 (User: A.GEETHA(SUN FASHION FEMI9 CARE))
[2025-10-11 12:18:26] Password reset for mobile: 9486326910 (User: A.GEETHA(SUN FASHION FEMI9 CARE))
[2025-10-11 12:36:27] Password reset for mobile: 9442376770 (User: Shenbagapriya V)
[2025-10-11 12:38:36] Password reset for mobile: 9442376770 (User: Shenbagapriya V)
[2025-10-11 12:39:21] Password reset for mobile: 9751361594 (User: N.Sumathi)
[2025-10-11 12:41:10] Password reset for mobile: 9344452880 (User: T.V.THARUN)
[2025-10-11 12:43:27] Password reset for mobile: 9976687337 (User: Jayamani S)
[2025-10-11 12:44:04] Password reset for mobile: 9361735280 (User: Jeyasudha M)
[2025-10-11 12:46:36] Password reset for mobile: 9842236863 (User: SUJEETHA)
[2025-10-11 12:46:57] Password reset for mobile: 9952409085 (User: V.Anbarasi Vijayalingam)
[2025-10-11 12:47:34] Password reset for mobile: 9655214239 (User: Indumathi T)
[2025-10-11 12:48:17] Password reset for mobile: 9952409085 (User: V.Anbarasi Vijayalingam)
[2025-10-11 12:50:41] Password reset for mobile: 9443417230 (User: M YASMIN)
[2025-10-11 12:54:08] Password reset for mobile: 9092784886 (User: Kavitha S)
[2025-10-11 12:54:35] Password reset for mobile: 9092784886 (User: Kavitha S)
[2025-10-11 12:56:26] Password reset for mobile: 9092784886 (User: Kavitha S)
[2025-10-11 12:58:29] Password reset for mobile: 9444818125 (User: G.Sivasankari)
[2025-10-11 13:02:00] Password reset for mobile: 7598372876 (User: Maharajan)
[2025-10-11 13:02:40] Password reset for mobile: 7598372876 (User: Maharajan)
[2025-10-11 13:03:30] Password reset for mobile: 9444818125 (User: G.Sivasankari)
[2025-10-11 13:03:32] Password reset for mobile: 7305118209 (User: V.Dharanlingam)
[2025-10-11 13:03:52] Password reset for mobile: 9444818125 (User: G.Sivasankari)
[2025-10-11 13:04:28] Password reset for mobile: 7305118209 (User: V.Dharanlingam)
[2025-10-11 13:04:49] Password reset for mobile: 7305118209 (User: V.Dharanlingam)
[2025-10-11 13:06:30] Password reset for mobile: 7305118209 (User: V.Dharanlingam)
[2025-10-11 13:08:14] Password reset for mobile: 7305118209 (User: V.Dharanlingam)
[2025-10-11 13:08:26] Password reset for mobile: 7305118209 (User: V.Dharanlingam)
[2025-10-11 13:08:27] Password reset for mobile: 8973720911 (User: karai Traders)
[2025-10-11 13:09:21] Password reset for mobile: 7305118209 (User: V.Dharanlingam)
[2025-10-11 13:11:18] Password reset for mobile: 7305118209 (User: V.Dharanlingam)
[2025-10-11 13:12:44] Password reset for mobile: 7639543115 (User: Jc Bala Senthil Kumar)
[2025-10-11 13:15:35] Password reset for mobile: 8778025090 (User: Sivaranjani S )
[2025-10-11 13:30:00] Password reset for mobile: 7598372876 (User: Maharajan)
[2025-10-11 13:39:09] Password reset for mobile: 9486326910 (User: A.GEETHA(SUN FASHION FEMI9 CARE))
[2025-10-11 13:42:24] Password reset for mobile: 8190093323 (User: Maheswari)
[2025-10-11 13:42:26] Password reset for mobile: 8190093323 (User: Maheswari)
[2025-10-11 13:42:53] Password reset for mobile: 8190093323 (User: Maheswari)
[2025-10-11 14:15:18] Password reset for mobile: 8344132340 (User: THILAGAVATHY D)
[2025-10-11 14:16:57] Password reset for mobile: 8344132340 (User: THILAGAVATHY D)
[2025-10-11 14:25:10] Password reset for mobile: 9842756882 (User: KAVITHAMANI B)
[2025-10-11 15:03:29] Password reset for mobile: 9790295312 (User: S MAHESWARI)
[2025-10-11 15:05:29] Password reset for mobile: 9159359124 (User: S.Indra)
[2025-10-11 15:13:26] Password reset for mobile: 9842158120 (User: ARUNA(HEMALATHA))
[2025-10-11 15:13:28] Password reset for mobile: 9842158120 (User: ARUNA(HEMALATHA))
[2025-10-11 15:20:12] Password reset for mobile: 9159359124 (User: S.Indra)
[2025-10-11 15:20:56] Password reset for mobile: 9159359124 (User: S.Indra)
[2025-10-11 15:23:39] Password reset for mobile: 9159359124 (User: S.Indra)
[2025-10-11 15:26:39] Password reset for mobile: 9159359124 (User: S.Indra)
[2025-10-11 15:27:35] Password reset for mobile: 9159359124 (User: S.Indra)
[2025-10-11 15:30:02] Password reset for mobile: 9159359124 (User: S.Indra)
[2025-10-11 15:32:18] Password reset for mobile: 9159359124 (User: S.Indra)
[2025-10-11 15:38:19] Password reset for mobile: 9360244021 (User: SAFEENA SIKKANDAR)
[2025-10-11 15:46:25] Password reset for mobile: 9626884483 (User: Anburaja Kirubanithi)
[2025-10-11 15:54:36] Password reset for mobile: 9787566000 (User: A. sathya)
[2025-10-11 16:02:13] Password reset for mobile: 8190093323 (User: Maheswari)
[2025-10-11 16:13:04] Password reset for mobile: 7339239448 (User: Premalatha)
[2025-10-11 16:14:15] Password reset for mobile: 7339239448 (User: Premalatha)
[2025-10-11 16:28:01] Password reset for mobile: 8190093323 (User: Maheswari)
[2025-10-11 16:28:08] Password reset for mobile: 8190093323 (User: Maheswari)
[2025-10-11 16:28:18] Password reset for mobile: 8190093323 (User: Maheswari)
[2025-10-11 16:28:18] Password reset for mobile: 8190093323 (User: Maheswari)
[2025-10-11 16:28:19] Password reset for mobile: 8190093323 (User: Maheswari)
[2025-10-11 16:29:27] Password reset for mobile: 8190093323 (User: Maheswari)
[2025-10-11 16:33:36] Password reset for mobile: 7418127104 (User: D.LEENAVIDHYA)
[2025-10-11 16:33:46] Password reset for mobile: 8248674312 (User: SELVAKUMARI G)
[2025-10-11 16:34:13] Password reset for mobile: 7418127104 (User: D.LEENAVIDHYA)
[2025-10-11 16:34:37] Password reset for mobile: 7418127104 (User: D.LEENAVIDHYA)
[2025-10-11 16:35:25] Password reset for mobile: 7418127104 (User: D.LEENAVIDHYA)
[2025-10-11 16:35:57] Password reset for mobile: 7418127104 (User: D.LEENAVIDHYA)
[2025-10-11 16:38:06] Password reset for mobile: 8248674312 (User: SELVAKUMARI G)
[2025-10-11 16:38:27] Password reset for mobile: 8248674312 (User: SELVAKUMARI G)
[2025-10-11 16:41:26] Password reset for mobile: 9042996139 (User: MANOJ RISHI N V)
[2025-10-11 17:08:05] Password reset for mobile: 9443417230 (User: M YASMIN)
[2025-10-11 17:53:32] Password reset for mobile: 7667779096 (User: Thirumathi. H)
[2025-10-11 18:00:04] Password reset for mobile: 7667779096 (User: Thirumathi. H)
[2025-10-11 18:18:20] Password reset for mobile: 9841616603 (User: ARTHI J)
[2025-10-11 18:18:42] Password reset for mobile: 9841616603 (User: ARTHI J)
[2025-10-11 18:20:00] Password reset for mobile: 9841616603 (User: ARTHI J)
[2025-10-11 18:58:48] Password reset for mobile: 7667779096 (User: Thirumathi. H)
[2025-10-11 19:50:05] Password reset for mobile: 9606778478 (User: Nandhini V)
[2025-10-11 19:50:43] Password reset for mobile: 9606778478 (User: Nandhini V)
[2025-10-12 02:51:21] Password reset for mobile: 9043826202 (User: ANANDHI A)
[2025-10-12 03:21:23] Password reset for mobile: 9443452880 (User: N.T.Vijayakumar )
[2025-10-12 03:22:25] Password reset for mobile: 9443452880 (User: N.T.Vijayakumar )
[2025-10-12 03:22:59] Password reset for mobile: 9443452880 (User: N.T.Vijayakumar )
[2025-10-12 03:23:40] Password reset for mobile: 9443452880 (User: N.T.Vijayakumar )
[2025-10-12 03:23:56] Password reset for mobile: 9443452880 (User: N.T.Vijayakumar )
[2025-10-12 03:27:45] Password reset for mobile: 9443452880 (User: N.T.Vijayakumar )
[2025-10-12 03:27:57] Password reset for mobile: 9443452880 (User: N.T.Vijayakumar )
[2025-10-12 03:28:10] Password reset for mobile: 9443452880 (User: N.T.Vijayakumar )
[2025-10-12 03:28:41] Password reset for mobile: 9443452880 (User: N.T.Vijayakumar )
[2025-10-12 03:43:14] Password reset for mobile: 9443452880 (User: N.T.Vijayakumar )
[2025-10-12 03:44:22] Password reset for mobile: 9443452880 (User: N.T.Vijayakumar )
[2025-10-12 03:47:16] Password reset for mobile: 9443452880 (User: N.T.Vijayakumar )
[2025-10-12 03:55:57] Password reset for mobile: 9715596143 (User: Indrani Parthasarathy)
[2025-10-12 04:05:11] Password reset for mobile: 6369084969 (User: LATHA KATHIRVEL)
[2025-10-12 04:09:28] Password reset for mobile: 6369084969 (User: LATHA KATHIRVEL)
[2025-10-12 04:11:07] Password reset for mobile: 7867884790 (User: S.KANAGA)
[2025-10-12 04:16:22] Password reset for mobile: 9841844585 (User: Ananthavalli )
[2025-10-12 04:16:24] Password reset for mobile: 9841844585 (User: Ananthavalli )
[2025-10-12 04:16:25] Password reset for mobile: 9841844585 (User: Ananthavalli )
[2025-10-12 04:18:50] Password reset for mobile: 9841844585 (User: Ananthavalli )
[2025-10-12 04:25:11] Password reset for mobile: 7867884790 (User: S.KANAGA)
[2025-10-12 04:26:48] Password reset for mobile: 7867884790 (User: S.KANAGA)
[2025-10-12 04:28:23] Password reset for mobile: 7867884790 (User: S.KANAGA)
[2025-10-12 04:28:53] Password reset for mobile: 7867884790 (User: S.KANAGA)
[2025-10-12 04:29:33] Password reset for mobile: 9159359124 (User: S.Indra)
[2025-10-12 04:29:45] Password reset for mobile: 7867884790 (User: S.KANAGA)
[2025-10-12 04:29:59] Password reset for mobile: 7867884790 (User: S.KANAGA)
[2025-10-12 04:30:17] Password reset for mobile: 9159359124 (User: S.Indra)
[2025-10-12 04:35:04] Password reset for mobile: 9159359124 (User: S.Indra)
[2025-10-12 04:35:05] Password reset for mobile: 9159359124 (User: S.Indra)
[2025-10-12 04:35:06] Password reset for mobile: 9159359124 (User: S.Indra)
[2025-10-12 04:35:07] Password reset for mobile: 9159359124 (User: S.Indra)
[2025-10-12 04:50:31] Password reset for mobile: 9159359124 (User: S.Indra)
[2025-10-12 05:37:24] Password reset for mobile: 9486326910 (User: A.GEETHA(SUN FASHION FEMI9 CARE))
[2025-10-12 05:53:35] Password reset for mobile: 9842236863 (User: SUJEETHA)
[2025-10-12 06:15:53] Password reset for mobile: 9943854074 (User: Kannan p)
[2025-10-12 06:16:32] Password reset for mobile: 9943854074 (User: Kannan p)
[2025-10-12 06:16:36] Password reset for mobile: 9943854074 (User: Kannan p)
[2025-10-12 06:16:40] Password reset for mobile: 9943854074 (User: Kannan p)
[2025-10-12 06:16:41] Password reset for mobile: 9943854074 (User: Kannan p)
[2025-10-12 06:16:42] Password reset for mobile: 9943854074 (User: Kannan p)
[2025-10-12 06:16:43] Password reset for mobile: 9943854074 (User: Kannan p)
[2025-10-12 06:16:43] Password reset for mobile: 9943854074 (User: Kannan p)
[2025-10-12 06:26:00] Password reset for mobile: 9488370396 (User: Sumathi)
[2025-10-12 06:39:27] Password reset for mobile: 9943854074 (User: Kannan p)
[2025-10-12 06:42:09] Password reset for mobile: 9488370396 (User: Sumathi)
[2025-10-12 06:45:47] Password reset for mobile: 9943854074 (User: Kannan p)
[2025-10-12 06:48:06] Password reset for mobile: 9488370396 (User: Sumathi)
[2025-10-12 06:49:11] Password reset for mobile: 9943854074 (User: Kannan p)
[2025-10-12 06:54:37] Password reset for mobile: 9943854074 (User: Kannan p)
[2025-10-12 06:57:03] Password reset for mobile: 9488370396 (User: Sumathi)
[2025-10-12 06:59:06] Password reset for mobile: 9488370396 (User: Sumathi)
[2025-10-12 06:59:49] Password reset for mobile: 9943854074 (User: Kannan p)
[2025-10-12 07:13:04] Password reset for mobile: 7667709887 (User: LOKESHWARI M)
[2025-10-12 08:22:34] Password reset for mobile: 9943854074 (User: Kannan p)
[2025-10-12 08:41:07] Password reset for mobile: 9943854074 (User: Kannan p)
[2025-10-12 08:58:19] Password reset for mobile: 9943854074 (User: Kannan p)
[2025-10-12 12:47:46] Password reset for mobile: 8015617554 (User: SUMATHI L)
[2025-10-12 12:49:14] Password reset for mobile: 8015617554 (User: SUMATHI L)
[2025-10-12 12:58:02] Password reset for mobile: 8015769564 (User: SUMATHI L)
[2025-10-12 13:44:59] Password reset for mobile: 7010328549 (User: LOUIS ANTHONY MARY L)
[2025-10-12 13:46:19] Password reset for mobile: 7010328549 (User: LOUIS ANTHONY MARY L)
[2025-10-12 13:50:52] Password reset for mobile: 9042110105 (User: Jayanthi)
[2025-10-12 14:11:37] Password reset for mobile: 9042110105 (User: Jayanthi)
[2025-10-12 15:09:30] Password reset for mobile: 9943854074 (User: Kannan p)
[2025-10-12 15:14:12] Password reset for mobile: 6374113015 (User: Poornima S)
[2025-10-12 15:14:40] Password reset for mobile: 6374113015 (User: Poornima S)
[2025-10-12 17:30:17] Password reset for mobile: 8971344448 (User: Nithya )
[2025-10-12 19:08:00] Password reset for mobile: 7339679758 (User: Anitha Agency)
[2025-10-12 19:14:50] Password reset for mobile: 7845567008 (User: Anitha Agency)
[2025-10-12 20:23:08] Password reset for mobile: 9677463722 (User: Jayanthi A)
[2025-10-12 20:24:01] Password reset for mobile: 9677463722 (User: Jayanthi A)
[2025-10-13 01:40:12] Password reset for mobile: 8072682485 (User: SUMATHI L)
[2025-10-13 03:13:04] Password reset for mobile: 9940273154 (User: PREMA KUMARI)
[2025-10-13 03:15:29] Password reset for mobile: 9940273154 (User: PREMA KUMARI)
[2025-10-13 03:15:52] Password reset for mobile: 9940273154 (User: PREMA KUMARI)
[2025-10-13 03:23:41] Password reset for mobile: 8973720911 (User: karai Traders)
[2025-10-13 03:24:23] Password reset for mobile: 9940273154 (User: PREMA KUMARI)
[2025-10-13 03:25:36] Password reset for mobile: 9940273154 (User: PREMA KUMARI)
[2025-10-13 03:26:10] Password reset for mobile: 9940273154 (User: PREMA KUMARI)
[2025-10-13 03:26:11] Password reset for mobile: 9940273154 (User: PREMA KUMARI)
[2025-10-13 03:50:39] Password reset for mobile: 8122087908 (User: Thivya E)
[2025-10-13 03:50:45] Password reset for mobile: 6383404185 (User: NANDHINI )
[2025-10-13 03:53:23] Password reset for mobile: 8122087908 (User: Thivya E)
[2025-10-13 03:53:38] Password reset for mobile: 8122087908 (User: Thivya E)
[2025-10-13 04:18:34] Password reset for mobile: 8248674312 (User: SELVAKUMARI G)
[2025-10-13 04:20:53] Password reset for mobile: 8248674312 (User: SELVAKUMARI G)
[2025-10-13 05:31:37] Password reset for mobile: 9994696051 (User: NIRMALADEVI T)
[2025-10-13 05:32:45] Password reset for mobile: 9994696051 (User: NIRMALADEVI T)
[2025-10-13 05:39:18] Password reset for mobile: 9994696051 (User: NIRMALADEVI T)
[2025-10-13 05:40:12] Password reset for mobile: 9994696051 (User: NIRMALADEVI T)
[2025-10-13 06:17:30] Password reset for mobile: 9840633849 (User: MANISHA M)
[2025-10-13 06:25:52] Password reset for mobile: 9600566871 (User: PANDICHELVI)
[2025-10-13 06:39:47] Password reset for mobile: 9943854074 (User: Kannan p)
[2025-10-13 07:22:32] Password reset for mobile: 9445969781 (User: MARY MELSI.M)
[2025-10-13 07:23:22] Password reset for mobile: 9445969781 (User: MARY MELSI.M)
[2025-10-13 07:24:33] Password reset for mobile: 9445969781 (User: MARY MELSI.M)
[2025-10-13 07:52:15] Password reset for mobile: 9715606005 (User: SAHAYA RANI D)
[2025-10-13 07:59:11] Password reset for mobile: 9344667299 (User: S.Dhanalakshmi)
[2025-10-13 08:52:20] Password reset for mobile: 9943854074 (User: Kannan p)
[2025-10-13 09:13:02] Password reset for mobile: 9943854074 (User: Kannan p)
[2025-10-13 09:23:01] Password reset for mobile: 9943854074 (User: Kannan p)
[2025-10-13 09:26:11] Password reset for mobile: 9943854074 (User: Kannan p)
[2025-10-13 09:44:07] Password reset for mobile: 6374113015 (User: Poornima S)
[2025-10-13 09:44:27] Password reset for mobile: 6374113015 (User: Poornima S)
[2025-10-13 10:41:28] Password reset for mobile: 9445969781 (User: MARY MELSI.M)
[2025-10-13 10:42:31] Password reset for mobile: 6374113015 (User: Poornima S)
[2025-10-13 11:08:23] Password reset for mobile: 9840187119 (User: LATHA DEVARAJULU)
[2025-10-13 11:08:37] Password reset for mobile: 9840187119 (User: LATHA DEVARAJULU)
[2025-10-13 12:04:33] Password reset for mobile: 8608052683 (User: Valarmathi Rathinakumar )
[2025-10-13 12:08:31] Password reset for mobile: 8838498081 (User: CHELLAS TRADERS)
[2025-10-13 13:17:55] Password reset for mobile: 7305540011 (User: RAJASUNDARI)
[2025-10-13 13:36:10] Password reset for mobile: 8973720911 (User: karai Traders)
[2025-10-13 13:37:32] Password reset for mobile: 8973720911 (User: karai Traders)
[2025-10-13 13:53:46] Password reset for mobile: 9489751209 (User: Sharmiladevi)
[2025-10-13 13:54:00] Password reset for mobile: 9578028955 (User: Divya)
[2025-10-13 13:54:18] Password reset for mobile: 9489751209 (User: Sharmiladevi)
[2025-10-13 15:44:26] Password reset for mobile: 6369411789 (User: JAYABHARATHI M)
[2025-10-13 17:06:03] Password reset for mobile: 9884220474 (User: Dharani MV)
[2025-10-13 18:25:04] Password reset for mobile: 9940913635 (User: Fareedha Banu)
[2025-10-13 22:53:35] Password reset for mobile: 8489439687 (User: selvarani I)
[2025-10-14 02:13:29] Password reset for mobile: 6369941979 (User: UMA D)
[2025-10-14 02:15:35] Password reset for mobile: 6369941979 (User: UMA D)
[2025-10-14 03:26:56] Password reset for mobile: 9940913635 (User: Fareedha Banu)
[2025-10-14 04:11:28] Password reset for mobile: 8270212486 (User: Rathi D)
[2025-10-14 04:16:37] Password reset for mobile: 8973720911 (User: karai Traders)
[2025-10-14 05:28:50] Password reset for mobile: 8489439687 (User: selvarani I)
[2025-10-14 05:38:20] Password reset for mobile: 9042110105 (User: Jayanthi)
[2025-10-14 05:39:50] Password reset for mobile: 9159359124 (User: S.Indra)
[2025-10-14 05:39:54] Password reset for mobile: 9042110105 (User: Jayanthi)
[2025-10-14 05:41:03] Password reset for mobile: 9159359124 (User: S.Indra)
[2025-10-14 05:53:09] Password reset for mobile: 9042110105 (User: Jayanthi)
[2025-10-14 05:53:11] Password reset for mobile: 9159359124 (User: S.Indra)
[2025-10-14 06:00:35] Password reset for mobile: 9159359124 (User: S.Indra)
[2025-10-14 06:09:56] Password reset for mobile: 7708844378 (User: MOHAMMAD SITHIK J)
[2025-10-14 06:11:01] Password reset for mobile: 7708844378 (User: MOHAMMAD SITHIK J)
[2025-10-14 06:13:44] Password reset for mobile: 8015152761 (User: Maheswari )
[2025-10-14 06:14:02] Password reset for mobile: 8015152761 (User: Maheswari )
[2025-10-14 06:31:59] Password reset for mobile: 7010328549 (User: LOUIS ANTHONY MARY L)
[2025-10-14 07:06:13] Password reset for mobile: 7305166936 (User: Hasina Barveen)
[2025-10-14 08:08:56] Password reset for mobile: 9943482496 (User: SMITHA O M )
[2025-10-14 08:18:19] Password reset for mobile: 8015152761 (User: Maheswari )
[2025-10-14 08:27:32] Password reset for mobile: 7092967415 (User: ANNAMALAIYYAR TRADERS)
[2025-10-14 08:30:37] Password reset for mobile: 8778865044 (User: RUBA BHARATHI S)
[2025-10-14 08:42:43] Password reset for mobile: 8608052683 (User: Valarmathi Rathinakumar )
[2025-10-14 08:51:17] Password reset for mobile: 8778865044 (User: RUBA BHARATHI S)
[2025-10-14 10:15:37] Password reset for mobile: 8608052683 (User: Valarmathi Rathinakumar )
[2025-10-14 10:15:59] Password reset for mobile: 8608052683 (User: Valarmathi Rathinakumar )
[2025-10-14 10:24:01] Password reset for mobile: 9943482496 (User: SMITHA O M )
[2025-10-14 10:24:02] Password reset for mobile: 9943482496 (User: SMITHA O M )
[2025-10-14 11:42:12] Password reset for mobile: 9788332229 (User: D.Yasmin)
[2025-10-14 11:45:12] Password reset for mobile: 9788332229 (User: D.Yasmin)
[2025-10-14 11:46:21] Password reset for mobile: 8015152761 (User: Maheswari )
[2025-10-14 11:46:31] Password reset for mobile: 9788332229 (User: D.Yasmin)
[2025-10-14 11:46:41] Password reset for mobile: 8015152761 (User: Maheswari )
[2025-10-14 11:47:12] Password reset for mobile: 9788332229 (User: D.Yasmin)
[2025-10-14 11:57:17] Password reset for mobile: 8015152761 (User: Maheswari )
[2025-10-14 12:03:53] Password reset for mobile: 8189896777 (User: A.S.ABDUL HAMEED)
[2025-10-14 12:03:55] Password reset for mobile: 8189896777 (User: A.S.ABDUL HAMEED)
[2025-10-14 12:32:39] Password reset for mobile: 9944285067 (User: Chitra S)
[2025-10-14 12:33:20] Password reset for mobile: 9944285067 (User: Chitra S)
[2025-10-14 12:33:21] Password reset for mobile: 9944285067 (User: Chitra S)
[2025-10-14 12:36:37] Password reset for mobile: 9944285067 (User: Chitra S)
[2025-10-14 12:39:56] Password reset for mobile: 9944285067 (User: Chitra S)
[2025-10-14 12:56:06] Password reset for mobile: 8015152761 (User: Maheswari )
[2025-10-14 13:06:16] Password reset for mobile: 8015152761 (User: Maheswari )
[2025-10-14 13:19:21] Password reset for mobile: 8248674312 (User: SELVAKUMARI G)
[2025-10-14 13:30:31] Password reset for mobile: 8248674312 (User: SELVAKUMARI G)
[2025-10-14 14:22:13] Password reset for mobile: 9080094524 (User: Sathya K)
[2025-10-14 14:22:14] Password reset for mobile: 9080094524 (User: Sathya K)
[2025-10-14 15:24:31] Password reset for mobile: 9786008114 (User: Sathya)
[2025-10-14 15:26:14] Password reset for mobile: 9786008114 (User: Sathya)
[2025-10-14 15:26:33] Password reset for mobile: 9786008114 (User: Sathya)
[2025-10-14 16:23:11] Password reset for mobile: 6369941979 (User: UMA D)
[2025-10-14 16:26:57] Password reset for mobile: 9488370396 (User: Sumathi)
[2025-10-14 16:31:49] Password reset for mobile: 9488370396 (User: Sumathi)
[2025-10-14 16:37:39] Password reset for mobile: 9488370396 (User: Sumathi)
[2025-10-14 23:22:15] Password reset for mobile: 9944285067 (User: Chitra S)
[2025-10-15 00:56:48] Password reset for mobile: 8015152761 (User: Maheswari )
[2025-10-15 03:28:05] Password reset for mobile: 9962920399 (User: AARTHI PRIYADHARSHINI)
[2025-10-15 05:25:06] Password reset for mobile: 7010328549 (User: LOUIS ANTHONY MARY L)
[2025-10-15 05:30:08] Password reset for mobile: 7010328549 (User: LOUIS ANTHONY MARY L)
[2025-10-15 06:16:20] Password reset for mobile: 9489751209 (User: Sharmiladevi)
[2025-10-15 06:16:48] Password reset for mobile: 9489751209 (User: Sharmiladevi)
[2025-10-15 06:17:01] Password reset for mobile: 9489751209 (User: Sharmiladevi)
[2025-10-15 06:18:26] Password reset for mobile: 9489751209 (User: Sharmiladevi)
[2025-10-15 06:19:02] Password reset for mobile: 9150561248 (User: GOPI  R)
[2025-10-15 06:19:46] Password reset for mobile: 9489751209 (User: Sharmiladevi)
[2025-10-15 06:24:06] Password reset for mobile: 7010328549 (User: LOUIS ANTHONY MARY L)
[2025-10-15 06:27:41] Password reset for mobile: 9489751209 (User: Sharmiladevi)
[2025-10-15 06:28:00] Password reset for mobile: 7010328549 (User: LOUIS ANTHONY MARY L)
[2025-10-15 06:28:23] Password reset for mobile: 9489751209 (User: Sharmiladevi)
[2025-10-15 06:28:42] Password reset for mobile: 7010328549 (User: LOUIS ANTHONY MARY L)
[2025-10-15 06:55:39] Password reset for mobile: 9489751209 (User: Sharmiladevi)
[2025-10-15 07:39:52] Password reset for mobile: 7010328549 (User: LOUIS ANTHONY MARY L)
[2025-10-15 07:41:13] Password reset for mobile: 7010328549 (User: LOUIS ANTHONY MARY L)
[2025-10-15 07:43:45] Password reset for mobile: 7010328549 (User: LOUIS ANTHONY MARY L)
[2025-10-15 07:48:05] Password reset for mobile: 8667013442 (User: GUNA SUNDARI GNANAM)
[2025-10-15 07:53:50] Password reset for mobile: 8667013442 (User: GUNA SUNDARI GNANAM)
[2025-10-15 07:55:44] Password reset for mobile: 8667013442 (User: GUNA SUNDARI GNANAM)
[2025-10-15 07:59:18] Password reset for mobile: 8667013442 (User: GUNA SUNDARI GNANAM)
[2025-10-15 07:59:55] Password reset for mobile: 8667013442 (User: GUNA SUNDARI GNANAM)
[2025-10-15 08:59:56] Password reset for mobile: 9943482496 (User: SMITHA O M )
[2025-10-15 09:14:29] Password reset for mobile: 9943482496 (User: SMITHA O M )
[2025-10-15 09:37:17] Password reset for mobile: 9751872267 (User: SURYA   S)
[2025-10-15 09:37:40] Password reset for mobile: 9751872267 (User: SURYA   S)
[2025-10-15 10:36:25] Password reset for mobile: 9751888382 (User: MR.CHANDRU)
[2025-10-15 10:40:50] Password reset for mobile: 9751888382 (User: MR.CHANDRU)
[2025-10-15 10:45:59] Password reset for mobile: 9500450720 (User: SHEELADEVI )
[2025-10-15 10:48:01] Password reset for mobile: 9500450720 (User: SHEELADEVI )
[2025-10-15 11:09:17] Password reset for mobile: 8838032631 (User: J.Sheela)
[2025-10-15 11:09:18] Password reset for mobile: 8838032631 (User: J.Sheela)
[2025-10-15 11:15:17] Password reset for mobile: 9080094524 (User: Sathya K)
[2025-10-15 12:24:15] Password reset for mobile: 8978433696 (User: G.Jayalakshmi )
[2025-10-15 12:26:18] Password reset for mobile: 8978433696 (User: G.Jayalakshmi )
[2025-10-15 12:30:09] Password reset for mobile: 8978433696 (User: G.Jayalakshmi )
[2025-10-15 12:37:42] Password reset for mobile: 8978433696 (User: G.Jayalakshmi )
[2025-10-15 12:39:03] Password reset for mobile: 8978433696 (User: G.Jayalakshmi )
[2025-10-15 13:04:26] Password reset for mobile: 9488370396 (User: Sumathi)
[2025-10-15 13:10:42] Password reset for mobile: 9488370396 (User: Sumathi)
[2025-10-15 13:13:54] Password reset for mobile: 9488370396 (User: Sumathi)
[2025-10-15 13:14:21] Password reset for mobile: 9488370396 (User: Sumathi)
[2025-10-15 14:00:25] Password reset for mobile: 9841616603 (User: ARTHI J)
[2025-10-15 14:01:26] Password reset for mobile: 9841616603 (User: ARTHI J)
[2025-10-15 14:02:01] Password reset for mobile: 9841616603 (User: ARTHI J)
[2025-10-15 14:02:15] Password reset for mobile: 9841616603 (User: ARTHI J)
[2025-10-15 15:08:32] Password reset for mobile: 9092784886 (User: Kavitha S)
[2025-10-15 15:41:33] Password reset for mobile: 8608029129 (User: Abirami.K)
[2025-10-15 17:08:30] Password reset for mobile: 9363896963 (User: Arthi J)
[2025-10-15 17:08:58] Password reset for mobile: 9363896963 (User: Arthi J)
[2025-10-16 05:34:33] Password reset for mobile: 7904615740 (User: M.VIJI Mercury Tradings)
[2025-10-16 05:35:34] Password reset for mobile: 7904615740 (User: M.VIJI Mercury Tradings)
[2025-10-16 05:45:52] Password reset for mobile: 8978433696 (User: G.Jayalakshmi )
[2025-10-16 05:55:41] Password reset for mobile: 9488370396 (User: Sumathi)
[2025-10-16 05:57:00] Password reset for mobile: 9488370396 (User: Sumathi)
[2025-10-16 06:17:35] Password reset for mobile: 8978433696 (User: G.Jayalakshmi )
[2025-10-16 10:01:09] Password reset for mobile: 9092574494 (User: Aarthi Priyadharshini)
[2025-10-16 10:02:41] Password reset for mobile: 9092574494 (User: Aarthi Priyadharshini)
[2025-10-16 10:02:50] Password reset for mobile: 9092574494 (User: Aarthi Priyadharshini)
[2025-10-16 10:03:53] Password reset for mobile: 9092574494 (User: Aarthi Priyadharshini)
[2025-10-16 10:05:59] Password reset for mobile: 9092574494 (User: Aarthi Priyadharshini)
[2025-10-16 10:33:53] Password reset for mobile: 9940273154 (User: PREMA KUMARI)
[2025-10-16 10:35:08] Password reset for mobile: 9940273154 (User: PREMA KUMARI)
[2025-10-16 10:39:59] Password reset for mobile: 9940273154 (User: PREMA KUMARI)
[2025-10-16 11:08:15] Password reset for mobile: 9092574494 (User: Aarthi Priyadharshini)
[2025-10-16 11:12:00] Password reset for mobile: 8760336027 (User: N.yasmin banu)
[2025-10-16 11:12:02] Password reset for mobile: 8760336027 (User: N.yasmin banu)
[2025-10-16 11:20:45] Password reset for mobile: 8760336027 (User: N.yasmin banu)
[2025-10-16 11:21:08] Password reset for mobile: 8760336027 (User: N.yasmin banu)
[2025-10-16 11:27:52] Password reset for mobile: 8760336027 (User: N.yasmin banu)
[2025-10-16 12:51:30] Password reset for mobile: 9486021999 (User: Karunya)
[2025-10-16 12:52:23] Password reset for mobile: 9944285067 (User: Chitra S)
[2025-10-16 12:52:28] Password reset for mobile: 9486021999 (User: Karunya)
[2025-10-16 12:56:11] Password reset for mobile: 9486021999 (User: Karunya)
[2025-10-16 13:08:10] Password reset for mobile: 8946003151 (User: karunya)
[2025-10-16 13:12:58] Password reset for mobile: 8946003151 (User: karunya)
[2025-10-16 13:53:51] Password reset for mobile: 9943766788 (User: SARASWATHI K)
[2025-10-16 13:54:31] Password reset for mobile: 9943766788 (User: SARASWATHI K)
[2025-10-16 13:59:55] Password reset for mobile: 9943766788 (User: SARASWATHI K)
[2025-10-16 14:40:31] Password reset for mobile: 8838640557 (User: Meharakani)
[2025-10-16 15:28:36] Password reset for mobile: 9488370396 (User: Sumathi)
[2025-10-16 16:31:56] Password reset for mobile: 9944285067 (User: Chitra S)
[2025-10-16 16:32:36] Password reset for mobile: 9944285067 (User: Chitra S)
[2025-10-16 16:32:50] Password reset for mobile: 9944285067 (User: Chitra S)
[2025-10-16 16:33:18] Password reset for mobile: 9944285067 (User: Chitra S)
[2025-10-16 16:33:19] Password reset for mobile: 9944285067 (User: Chitra S)
[2025-10-16 16:34:11] Password reset for mobile: 9944285067 (User: Chitra S)
[2025-10-17 04:32:45] Password reset for mobile: 9944285067 (User: Chitra S)
[2025-10-17 04:33:52] Password reset for mobile: 9944285067 (User: Chitra S)
[2025-10-17 04:34:03] Password reset for mobile: 9944285067 (User: Chitra S)
[2025-10-17 05:39:17] Password reset for mobile: 9791396360 (User: B.PAVITHRA)
[2025-10-17 06:59:28] Password reset for mobile: 9488370396 (User: Sumathi)
[2025-10-17 08:09:22] Password reset for mobile: 9092623266 (User: SRS ENTERPRISES)
[2025-10-17 08:41:10] Password reset for mobile: 9942446689 (User: SRI NANDHINI)
[2025-10-17 08:47:45] Password reset for mobile: 9942446689 (User: SRI NANDHINI)
[2025-10-17 08:54:42] Password reset for mobile: 9944285067 (User: Chitra S)
[2025-10-17 09:01:57] Password reset for mobile: 9842404735 (User: CHANDRA P)
[2025-10-17 10:25:32] Password reset for mobile: 8248674312 (User: SELVAKUMARI G)
[2025-10-17 11:22:01] Password reset for mobile: 9488370396 (User: Sumathi)
[2025-10-17 13:04:56] Password reset for mobile: 8838640557 (User: Meharakani)
[2025-10-17 13:06:17] Password reset for mobile: 8838640557 (User: Meharakani)
[2025-10-17 14:37:14] Password reset for mobile: 9488370396 (User: Sumathi)
[2025-10-17 15:16:52] Password reset for mobile: 9488370396 (User: Sumathi)
[2025-10-17 15:19:12] Password reset for mobile: 9488370396 (User: Sumathi)
[2025-10-17 17:52:50] Password reset for mobile: 7538877822 (User: Jansi Rani)
[2025-10-17 18:03:04] Password reset for mobile: 7538877822 (User: Jansi Rani)
[2025-10-18 08:28:59] Password reset for mobile: 9843524444 (User: Revathy)
[2025-10-18 08:31:59] Password reset for mobile: 9843524444 (User: Revathy)
[2025-10-18 08:32:54] Password reset for mobile: 9843524444 (User: Revathy)
[2025-10-18 08:33:08] Password reset for mobile: 9843524444 (User: Revathy)
[2025-10-18 09:12:54] Password reset for mobile: 7904615740 (User: M.VIJI Mercury Tradings)
[2025-10-18 14:36:44] Password reset for mobile: 9944285067 (User: Chitra S)
[2025-10-18 14:36:45] Password reset for mobile: 9944285067 (User: Chitra S)
[2025-10-18 14:36:47] Password reset for mobile: 9944285067 (User: Chitra S)
[2025-10-18 14:37:28] Password reset for mobile: 9944285067 (User: Chitra S)
[2025-10-18 14:37:30] Password reset for mobile: 9944285067 (User: Chitra S)
[2025-10-18 14:37:56] Password reset for mobile: 9944285067 (User: Chitra S)
[2025-10-18 14:37:57] Password reset for mobile: 9944285067 (User: Chitra S)
[2025-10-18 14:37:58] Password reset for mobile: 9944285067 (User: Chitra S)
[2025-10-18 15:01:20] Password reset for mobile: 7538877822 (User: Jansi Rani)
[2025-10-18 15:01:23] Password reset for mobile: 7538877822 (User: Jansi Rani)
[2025-10-18 15:23:57] Password reset for mobile: 9944285067 (User: Chitra S)
[2025-10-18 15:24:11] Password reset for mobile: 9944285067 (User: Chitra S)
[2025-10-18 15:57:37] Password reset for mobile: 7993570656 (User: Ananth M)
[2025-10-19 04:39:49] Password reset for mobile: 9677444444 (User: K. Hariprasath)
[2025-10-19 04:39:50] Password reset for mobile: 9677444444 (User: K. Hariprasath)
[2025-10-19 04:40:02] Password reset for mobile: 9677444444 (User: K. Hariprasath)
[2025-10-19 04:40:45] Password reset for mobile: 9677444444 (User: K. Hariprasath)
[2025-10-19 10:45:04] Password reset for mobile: 9787242313 (User: M Lakshmi )
[2025-10-19 10:47:30] Password reset for mobile: 9787242313 (User: M Lakshmi )
[2025-10-19 10:47:32] Password reset for mobile: 9787242313 (User: M Lakshmi )
[2025-10-19 11:17:43] Password reset for mobile: 9787242313 (User: M Lakshmi )
[2025-10-19 11:20:18] Password reset for mobile: 9787242313 (User: M Lakshmi )
[2025-10-19 16:21:39] Password reset for mobile: 8667013442 (User: GUNA SUNDARI GNANAM)
[2025-10-19 16:22:43] Password reset for mobile: 8667013442 (User: GUNA SUNDARI GNANAM)
[2025-10-21 07:38:50] Password reset for mobile: 9788332229 (User: D.Yasmin)
[2025-10-21 07:42:03] Password reset for mobile: 9788332229 (User: D.Yasmin)
[2025-10-21 07:44:33] Password reset for mobile: 9788332229 (User: D.Yasmin)
[2025-10-21 08:00:43] Password reset for mobile: 9788332229 (User: D.Yasmin)
[2025-10-21 08:14:19] Password reset for mobile: 9788332229 (User: D.Yasmin)
[2025-10-21 08:23:35] Password reset for mobile: 9788332229 (User: D.Yasmin)
[2025-10-21 13:29:57] Password reset for mobile: 9944285067 (User: Chitra S)
[2025-10-21 14:27:46] Password reset for mobile: 8190093323 (User: Maheswari)
[2025-10-21 14:32:54] Password reset for mobile: 8190093323 (User: Maheswari)
[2025-10-21 14:46:06] Password reset for mobile: 8190093323 (User: Maheswari)
[2025-10-21 14:46:28] Password reset for mobile: 8190093323 (User: Maheswari)
[2025-10-21 14:55:25] Password reset for mobile: 8667013442 (User: GUNA SUNDARI GNANAM)
[2025-10-21 14:56:44] Password reset for mobile: 8667013442 (User: GUNA SUNDARI GNANAM)
[2025-10-21 14:57:23] Password reset for mobile: 8667013442 (User: GUNA SUNDARI GNANAM)
[2025-10-21 15:04:21] Password reset for mobile: 8667013442 (User: GUNA SUNDARI GNANAM)
[2025-10-21 16:11:22] Password reset for mobile: 8667013442 (User: GUNA SUNDARI GNANAM)
[2025-10-22 08:34:28] Password reset for mobile: 9787566000 (User: A. sathya)
[2025-10-22 08:40:54] Password reset for mobile: 9787566000 (User: A. sathya)
[2025-10-22 08:41:12] Password reset for mobile: 9787566000 (User: A. sathya)
[2025-10-22 09:52:39] Password reset for mobile: 8667237469 (User: Indrani Parthasarathy)
[2025-10-22 11:53:33] Password reset for mobile: 7904615740 (User: M.VIJI Mercury Tradings)
[2025-10-22 11:54:56] Password reset for mobile: 7904615740 (User: M.VIJI Mercury Tradings)
[2025-10-22 12:28:13] Password reset for mobile: 9042110105 (User: Jayanthi)
[2025-10-22 12:31:05] Password reset for mobile: 9042110105 (User: Jayanthi)
[2025-10-22 12:48:37] Password reset for mobile: 9042110105 (User: Jayanthi)
[2025-10-22 12:56:26] Password reset for mobile: 9042110105 (User: Jayanthi)
[2025-10-22 14:34:33] Password reset for mobile: 8667013442 (User: GUNA SUNDARI GNANAM)
[2025-10-22 17:15:29] Password reset for mobile: 8667013442 (User: GUNA SUNDARI GNANAM)
[2025-10-22 17:21:15] Password reset for mobile: 8667013442 (User: GUNA SUNDARI GNANAM)
[2025-10-22 17:21:48] Password reset for mobile: 8667013442 (User: GUNA SUNDARI GNANAM)
[2025-10-22 17:22:32] Password reset for mobile: 8667013442 (User: GUNA SUNDARI GNANAM)
[2025-10-22 17:22:55] Password reset for mobile: 8667013442 (User: GUNA SUNDARI GNANAM)
[2025-10-22 17:22:57] Password reset for mobile: 8667013442 (User: GUNA SUNDARI GNANAM)
[2025-10-22 17:22:58] Password reset for mobile: 8667013442 (User: GUNA SUNDARI GNANAM)
[2025-10-22 17:22:58] Password reset for mobile: 8667013442 (User: GUNA SUNDARI GNANAM)
[2025-10-22 17:23:13] Password reset for mobile: 6369084969 (User: LATHA KATHIRVEL)
[2025-10-22 17:26:29] Password reset for mobile: 8667013442 (User: GUNA SUNDARI GNANAM)
[2025-10-23 06:25:47] Password reset for mobile: 9751888382 (User: MR.CHANDRU)
[2025-10-23 10:31:18] Password reset for mobile: 9150356615 (User: Mohana J)
[2025-10-23 10:32:35] Password reset for mobile: 9150356615 (User: Mohana J)
[2025-10-23 12:04:48] Password reset for mobile: 9442711312 (User: D. JEYA PRAGASH )
[2025-10-23 12:18:09] Password reset for mobile: 9442711312 (User: D. JEYA PRAGASH )
[2025-10-23 12:20:08] Password reset for mobile: 9442711312 (User: D. JEYA PRAGASH )
[2025-10-23 12:20:37] Password reset for mobile: 9442711312 (User: D. JEYA PRAGASH )
[2025-10-23 12:44:59] Password reset for mobile: 9703756727 (User: Mahilaa Prapacham)
[2025-10-23 12:49:17] Password reset for mobile: 9703756727 (User: Mahilaa Prapacham)
[2025-10-23 12:50:49] Password reset for mobile: 9703756727 (User: Mahilaa Prapacham)
[2025-10-23 12:52:21] Password reset for mobile: 7904292971 (User: RAGHU SATHYA)
[2025-10-24 00:15:11] Password reset for mobile: 9677110788 (User: Vinith Sangavi)
[2025-10-24 00:15:13] Password reset for mobile: 9677110788 (User: Vinith Sangavi)
[2025-10-24 00:21:05] Password reset for mobile: 9843910399 (User: Vinithsangavi S)
[2025-10-24 11:15:13] Password reset for mobile: 9080847151 (User: Karthick)
[2025-10-24 11:17:06] Password reset for mobile: 9080847151 (User: Karthick)
[2025-10-24 11:18:23] Password reset for mobile: 9080847151 (User: Karthick)
[2025-10-24 12:47:23] Password reset for mobile: 9677628629 (User: P.SARAVANAN)
[2025-10-24 15:16:37] Password reset for mobile: 9841433607 (User: K.TAMIZHMOZHI)
[2025-10-24 16:05:42] Password reset for mobile: 9442711312 (User: D. JEYA PRAGASH )
[2025-10-25 04:58:02] Password reset for mobile: 9786008114 (User: Sathya)
[2025-10-25 06:34:46] Password reset for mobile: 8778025090 (User: Sivaranjani S )
[2025-10-25 07:53:58] Password reset for mobile: 9865678112 (User: S. Nadiyammal )
[2025-10-25 07:54:43] Password reset for mobile: 9865678112 (User: S. Nadiyammal )
[2025-10-25 10:04:25] Password reset for mobile: 7092439080 (User: Viji M)
[2025-10-25 11:05:18] Password reset for mobile: 7871795038 (User: Arulmathi Manikandan M)
[2025-10-25 11:09:14] Password reset for mobile: 7871795038 (User: Arulmathi Manikandan M)
[2025-10-25 11:09:58] Password reset for mobile: 7871795038 (User: Arulmathi Manikandan M)
[2025-10-25 11:10:56] Password reset for mobile: 7871795038 (User: Arulmathi Manikandan M)
[2025-10-25 11:13:19] Password reset for mobile: 7871795038 (User: Arulmathi Manikandan M)
[2025-10-25 11:29:10] Password reset for mobile: 7871795038 (User: Arulmathi Manikandan M)
[2025-10-25 11:30:05] Password reset for mobile: 7871795038 (User: Arulmathi Manikandan M)
[2025-10-25 11:31:04] Password reset for mobile: 7871795038 (User: Arulmathi Manikandan M)
[2025-10-25 11:32:36] Password reset for mobile: 7871795038 (User: Arulmathi Manikandan M)
[2025-10-25 16:02:35] Password reset for mobile: 7358210204 (User: M.Gayathri)
[2025-10-25 16:03:46] Password reset for mobile: 7358210204 (User: M.Gayathri)
[2025-10-25 16:04:28] Password reset for mobile: 7358210204 (User: M.Gayathri)
[2025-10-26 02:10:05] Password reset for mobile: 9790295312 (User: S MAHESWARI)
[2025-10-26 02:19:53] Password reset for mobile: 7871795038 (User: Arulmathi Manikandan M)
[2025-10-26 02:22:09] Password reset for mobile: 7871795038 (User: Arulmathi Manikandan M)
[2025-10-26 04:06:48] Password reset for mobile: 8838498081 (User: CHELLAS TRADERS)
[2025-10-26 04:37:00] Password reset for mobile: 9944285067 (User: Chitra S)
[2025-10-26 14:20:50] Password reset for mobile: 9443417230 (User: M YASMIN)
[2025-10-27 05:35:48] Password reset for mobile: 7667709887 (User: LOKESHWARI M)
[2025-10-27 05:36:25] Password reset for mobile: 9943854074 (User: Kannan p)
[2025-10-27 05:38:24] Password reset for mobile: 7667709887 (User: LOKESHWARI M)
[2025-10-27 07:17:03] Password reset for mobile: 9865861803 (User: MAHALAKSHMI-FRIENDS AGENCY)
[2025-10-27 07:23:14] Password reset for mobile: 7667711202 (User: MAHALAKSHMI-FRIENDS AGENCY)
[2025-10-27 08:20:42] Password reset for mobile: 8778249054 (User: N. Revathi)
[2025-10-27 08:21:33] Password reset for mobile: 8778249054 (User: N. Revathi)
[2025-10-27 08:23:35] Password reset for mobile: 8778249054 (User: N. Revathi)
[2025-10-27 10:27:37] Password reset for mobile: 9444281930 (User: UMA SHANKARI.D)
[2025-10-27 10:39:38] Password reset for mobile: 8778249054 (User: N. Revathi)
[2025-10-27 11:56:32] Password reset for mobile: 8778249054 (User: N. Revathi)
[2025-10-27 16:38:45] Password reset for mobile: 9486021999 (User: Karunya)
[2025-10-27 16:39:00] Password reset for mobile: 9486021999 (User: Karunya)
[2025-10-27 17:08:55] Password reset for mobile: 8946003151 (User: karunya)
[2025-10-28 02:09:19] Password reset for mobile: 7904615740 (User: M.VIJI Mercury Tradings)
[2025-10-28 05:57:41] Password reset for mobile: 9344927394 (User: RANI)
[2025-10-28 08:14:15] Password reset for mobile: 7904615740 (User: M.VIJI Mercury Tradings)
[2025-10-28 08:37:01] Password reset for mobile: 7092439080 (User: Viji M)
[2025-10-28 09:11:16] Password reset for mobile: 9962920399 (User: AARTHI PRIYADHARSHINI)
[2025-10-28 09:11:30] Password reset for mobile: 9962920399 (User: AARTHI PRIYADHARSHINI)
[2025-10-28 09:20:20] Password reset for mobile: 9962920399 (User: AARTHI PRIYADHARSHINI)
[2025-10-28 12:14:24] Password reset for mobile: 9865025093 (User: R.Lokesh babu)
[2025-10-28 12:39:27] Password reset for mobile: 9677444444 (User: K. Hariprasath)
[2025-10-28 12:40:45] Password reset for mobile: 9677444444 (User: K. Hariprasath)
[2025-10-28 12:42:13] Password reset for mobile: 9677444444 (User: K. Hariprasath)
[2025-10-28 14:19:30] Password reset for mobile: 7904615740 (User: M.VIJI Mercury Tradings)
[2025-10-29 00:50:20] Password reset for mobile: 8098649520 (User: Saranya V)
[2025-10-29 00:50:21] Password reset for mobile: 8098649520 (User: Saranya V)
[2025-10-29 00:55:32] Password reset for mobile: 8098649520 (User: Saranya V)
[2025-10-29 00:56:17] Password reset for mobile: 8098649520 (User: Saranya V)
[2025-10-29 00:57:24] Password reset for mobile: 8098649520 (User: Saranya V)
[2025-10-29 01:23:50] Password reset for mobile: 7904615740 (User: M.VIJI Mercury Tradings)
[2025-10-29 01:46:31] Password reset for mobile: 8098649520 (User: Saranya V)
[2025-10-29 01:46:59] Password reset for mobile: 8098649520 (User: Saranya V)
[2025-10-29 05:07:21] Password reset for mobile: 9500707495 (User: SIVAGAMI)
[2025-10-29 05:09:35] Password reset for mobile: 9500707495 (User: SIVAGAMI)
[2025-10-29 05:09:48] Password reset for mobile: 9500707495 (User: SIVAGAMI)
[2025-10-29 05:57:29] Password reset for mobile: 9840758062 (User: SHEELA VEERASAMY)
[2025-10-29 05:57:30] Password reset for mobile: 9840758062 (User: SHEELA VEERASAMY)
[2025-10-30 05:26:08] Password reset for mobile: 9943854074 (User: Kannan p)
[2025-10-30 05:27:41] Password reset for mobile: 9943854074 (User: Kannan p)
[2025-10-30 05:27:42] Password reset for mobile: 9943854074 (User: Kannan p)
[2025-10-30 05:27:44] Password reset for mobile: 9943854074 (User: Kannan p)
[2025-10-30 07:31:02] Password reset for mobile: 9703756727 (User: Mahilaa Prapacham)
[2025-10-30 07:49:21] Password reset for mobile: 9865140081 (User: Suriya)
[2025-10-30 09:30:50] Password reset for mobile: 9043436966 (User: Umamurali)
[2025-10-30 09:30:51] Password reset for mobile: 9043436966 (User: Umamurali)
[2025-10-30 09:30:52] Password reset for mobile: 9043436966 (User: Umamurali)
[2025-10-30 11:04:47] Password reset for mobile: 9043436966 (User: Umamurali)
[2025-10-30 11:17:59] Password reset for mobile: 7871795038 (User: Arulmathi Manikandan M)
[2025-10-30 11:19:36] Password reset for mobile: 7871795038 (User: Arulmathi Manikandan M)
[2025-10-30 11:25:09] Password reset for mobile: 7871795038 (User: Arulmathi Manikandan M)
[2025-10-30 12:28:28] Password reset for mobile: 9043436966 (User: Umamurali)
[2025-10-30 12:50:42] Password reset for mobile: 9751888382 (User: MR.CHANDRU)
[2025-10-30 12:51:05] Password reset for mobile: 9751888382 (User: MR.CHANDRU)
[2025-10-30 12:51:35] Password reset for mobile: 9751888382 (User: MR.CHANDRU)
[2025-10-30 12:53:01] Password reset for mobile: 9751888382 (User: MR.CHANDRU)
[2025-10-30 13:19:12] Password reset for mobile: 8825981705 (User: Narayani S)
[2025-10-30 13:27:18] Password reset for mobile: 9361371701 (User: Gomathi M)
[2025-10-30 13:31:39] Password reset for mobile: 8072085729 (User: Suganya Manirajan)
[2025-10-30 13:42:51] Password reset for mobile: 8072085729 (User: Suganya Manirajan)
[2025-10-30 15:26:29] Password reset for mobile: 9841844585 (User: Ananthavalli )
[2025-10-30 15:26:30] Password reset for mobile: 9841844585 (User: Ananthavalli )
[2025-10-30 15:26:31] Password reset for mobile: 9841844585 (User: Ananthavalli )
[2025-10-30 15:26:32] Password reset for mobile: 9841844585 (User: Ananthavalli )
[2025-10-30 15:26:33] Password reset for mobile: 9841844585 (User: Ananthavalli )
[2025-10-30 15:39:09] Password reset for mobile: 9841844585 (User: Ananthavalli )
[2025-10-30 16:12:26] Password reset for mobile: 9384307421 (User: THAMIZHARASI ( POONGUNDRAN ) )
[2025-10-31 01:01:55] Password reset for mobile: 9841844585 (User: Ananthavalli )
[2025-10-31 02:21:04] Password reset for mobile: 9361735280 (User: Jeyasudha M)
[2025-10-31 04:42:36] Password reset for mobile: 9940571615 (User: ANBALAGAN C)
[2025-10-31 06:49:11] Password reset for mobile: 9865861803 (User: MAHALAKSHMI-FRIENDS AGENCY)
[2025-10-31 10:40:57] Password reset for mobile: 9841616603 (User: ARTHI J)
[2025-10-31 13:59:58] Password reset for mobile: 7339379047 (User: dhanalakshmi)
[2025-10-31 14:02:15] Password reset for mobile: 7339379047 (User: dhanalakshmi)
[2025-10-31 14:04:54] Password reset for mobile: 7339379047 (User: dhanalakshmi)
[2025-10-31 14:09:08] Password reset for mobile: 9677987875 (User: Sumitha R)
[2025-10-31 14:09:15] Password reset for mobile: 9500450720 (User: SHEELADEVI )
[2025-10-31 14:10:30] Password reset for mobile: 9750833009 (User: Prema P)
[2025-10-31 14:10:43] Password reset for mobile: 7667709887 (User: LOKESHWARI M)
[2025-10-31 14:13:06] Password reset for mobile: 9677987875 (User: Sumitha R)
[2025-10-31 14:13:56] Password reset for mobile: 9677987875 (User: Sumitha R)
[2025-10-31 14:16:29] Password reset for mobile: 9750833009 (User: Prema P)
[2025-10-31 14:18:07] Password reset for mobile: 9750833009 (User: Prema P)
[2025-10-31 14:28:44] Password reset for mobile: 7339379047 (User: dhanalakshmi)
[2025-10-31 15:35:45] Password reset for mobile: 9150356615 (User: Mohana J)
[2025-10-31 15:37:12] Password reset for mobile: 9150356615 (User: Mohana J)
[2025-10-31 15:37:13] Password reset for mobile: 9150356615 (User: Mohana J)
[2025-10-31 15:37:14] Password reset for mobile: 9150356615 (User: Mohana J)
[2025-10-31 15:39:05] Password reset for mobile: 9150356615 (User: Mohana J)
[2025-11-01 00:24:00] Password reset for mobile: 8098649520 (User: Saranya V)
[2025-11-01 00:24:32] Password reset for mobile: 8098649520 (User: Saranya V)
[2025-11-01 00:25:10] Password reset for mobile: 8098649520 (User: Saranya V)
[2025-11-01 00:25:31] Password reset for mobile: 8098649520 (User: Saranya V)
[2025-11-01 00:26:09] Password reset for mobile: 8098649520 (User: Saranya V)
[2025-11-01 00:26:27] Password reset for mobile: 8098649520 (User: Saranya V)
[2025-11-01 00:26:41] Password reset for mobile: 8098649520 (User: Saranya V)
[2025-11-01 06:57:37] Password reset for mobile: 8778249054 (User: N. Revathi)
[2025-11-01 07:12:26] Password reset for mobile: 8848789467 (User: Selvarathnam)
[2025-11-01 08:59:00] Password reset for mobile: 9094149379 (User: PUNITHA SARAVANAN S)
[2025-11-01 08:59:28] Password reset for mobile: 9094149379 (User: PUNITHA SARAVANAN S)
[2025-11-01 09:04:04] Password reset for mobile: 9094149379 (User: PUNITHA SARAVANAN S)
[2025-11-01 09:04:55] Password reset for mobile: 9094149379 (User: PUNITHA SARAVANAN S)
[2025-11-01 09:45:32] Password reset for mobile: 9094149379 (User: PUNITHA SARAVANAN S)
[2025-11-01 09:45:33] Password reset for mobile: 9094149379 (User: PUNITHA SARAVANAN S)
[2025-11-01 09:45:34] Password reset for mobile: 9094149379 (User: PUNITHA SARAVANAN S)
[2025-11-01 09:45:57] Password reset for mobile: 9094149379 (User: PUNITHA SARAVANAN S)
[2025-11-01 09:46:01] Password reset for mobile: 9094149379 (User: PUNITHA SARAVANAN S)
[2025-11-01 09:46:02] Password reset for mobile: 9094149379 (User: PUNITHA SARAVANAN S)
[2025-11-01 09:46:03] Password reset for mobile: 9094149379 (User: PUNITHA SARAVANAN S)
[2025-11-01 09:46:04] Password reset for mobile: 9094149379 (User: PUNITHA SARAVANAN S)
[2025-11-01 09:46:05] Password reset for mobile: 9094149379 (User: PUNITHA SARAVANAN S)
[2025-11-01 09:47:18] Password reset for mobile: 9094149379 (User: PUNITHA SARAVANAN S)
[2025-11-01 09:59:26] Password reset for mobile: 9094149379 (User: PUNITHA SARAVANAN S)
[2025-11-01 09:59:59] Password reset for mobile: 9094149379 (User: PUNITHA SARAVANAN S)
[2025-11-01 10:52:59] Password reset for mobile: 9150356615 (User: Mohana J)
[2025-11-01 13:09:52] Password reset for mobile: 8807519642 (User: N. Revathi)
[2025-11-01 13:11:57] Password reset for mobile: 8807519642 (User: N. Revathi)
[2025-11-01 13:56:07] Password reset for mobile: 9677987875 (User: Sumitha R)
[2025-11-01 13:57:14] Password reset for mobile: 9677987875 (User: Sumitha R)
[2025-11-01 13:57:27] Password reset for mobile: 9677987875 (User: Sumitha R)
[2025-11-02 04:42:07] Password reset for mobile: 7904292971 (User: RAGHU SATHYA)
[2025-11-03 03:16:53] Password reset for mobile: 9363896963 (User: Arthi J)
[2025-11-03 03:16:55] Password reset for mobile: 9363896963 (User: Arthi J)
[2025-11-03 03:19:12] Password reset for mobile: 9363896963 (User: Arthi J)
[2025-11-03 03:26:56] Password reset for mobile: 9597839837 (User: Sivakamasundari S)
[2025-11-03 03:28:54] Password reset for mobile: 9597839837 (User: Sivakamasundari S)
[2025-11-03 03:29:38] Password reset for mobile: 9597839837 (User: Sivakamasundari S)
[2025-11-03 03:36:29] Password reset for mobile: 9597839837 (User: Sivakamasundari S)
[2025-11-03 07:34:53] Password reset for mobile: 7667709887 (User: LOKESHWARI M)
[2025-11-03 11:30:58] Password reset for mobile: 9159216655 (User: S.C.Rajeswari)
[2025-11-03 11:31:09] Password reset for mobile: 9159216655 (User: S.C.Rajeswari)
[2025-11-03 16:17:53] Password reset for mobile: 9150356615 (User: Mohana J)
[2025-11-03 16:20:00] Password reset for mobile: 9150356615 (User: Mohana J)
[2025-11-03 16:20:24] Password reset for mobile: 9150356615 (User: Mohana J)
[2025-11-04 00:46:26] Password reset for mobile: 8098649520 (User: Saranya V)
[2025-11-04 00:47:03] Password reset for mobile: 8098649520 (User: Saranya V)
[2025-11-04 06:21:20] Password reset for mobile: 8122266617 (User: MANI M)
[2025-11-04 06:23:28] Password reset for mobile: 8122266617 (User: MANI M)
[2025-11-04 07:22:54] Password reset for mobile: 6381043233 (User: KOWSALYA)
[2025-11-04 08:10:07] Password reset for mobile: 8220375799 (User: S.C.Rajeswari)
[2025-11-04 08:10:12] Password reset for mobile: 8220375799 (User: S.C.Rajeswari)
[2025-11-04 09:25:07] Password reset for mobile: 9677628629 (User: P.SARAVANAN)
[2025-11-04 14:19:15] Password reset for mobile: 9597839837 (User: Sivakamasundari S)
[2025-11-04 14:20:36] Password reset for mobile: 9597839837 (User: Sivakamasundari S)
[2025-11-04 14:20:47] Password reset for mobile: 9597839837 (User: Sivakamasundari S)
[2025-11-04 14:21:56] Password reset for mobile: 9597839837 (User: Sivakamasundari S)
[2025-11-04 14:35:44] Password reset for mobile: 9597839837 (User: Sivakamasundari S)
[2025-11-04 16:25:55] Password reset for mobile: 7358210204 (User: M.Gayathri)
[2025-11-04 16:29:13] Password reset for mobile: 7358210204 (User: M.Gayathri)
[2025-11-04 16:29:30] Password reset for mobile: 7358210204 (User: M.Gayathri)
[2025-11-04 16:39:45] Password reset for mobile: 7358210204 (User: M.Gayathri)
[2025-11-05 05:00:51] Password reset for mobile: 7358210204 (User: M.Gayathri)
[2025-11-05 05:01:08] Password reset for mobile: 7358210204 (User: M.Gayathri)
[2025-11-05 05:01:11] Password reset for mobile: 7358210204 (User: M.Gayathri)
[2025-11-05 13:23:00] Password reset for mobile: 8098876800 (User: K. THILAGAN )
[2025-11-05 15:10:08] Password reset for mobile: 8825509732 (User: RAJESH KANNAN.K)
[2025-11-05 17:01:15] Password reset for mobile: 9943766788 (User: SARASWATHI K)
[2025-11-06 02:07:15] Password reset for mobile: 9843965614 (User: Subiktcha)
[2025-11-06 02:07:16] Password reset for mobile: 9843965614 (User: Subiktcha)
[2025-11-06 02:07:57] Password reset for mobile: 9843965614 (User: Subiktcha)
[2025-11-06 07:09:12] Password reset for mobile: 9841844585 (User: Ananthavalli )
[2025-11-06 07:09:14] Password reset for mobile: 9841844585 (User: Ananthavalli )
[2025-11-06 08:08:05] Password reset for mobile: 9176907152 (User: KUIL MARY L)
[2025-11-06 09:20:16] Password reset for mobile: 9159216655 (User: S.C.Rajeswari)
[2025-11-06 11:34:55] Password reset for mobile: 9543118162 (User: M. Valli)
[2025-11-06 11:40:42] Password reset for mobile: 9543118162 (User: M. Valli)
[2025-11-06 11:41:21] Password reset for mobile: 9543118162 (User: M. Valli)
[2025-11-06 12:10:13] Password reset for mobile: 9543118162 (User: M. Valli)
[2025-11-06 12:12:57] Password reset for mobile: 9543118162 (User: M. Valli)
[2025-11-06 12:15:42] Password reset for mobile: 9543118162 (User: M. Valli)
[2025-11-06 12:23:48] Password reset for mobile: 9543118162 (User: M. Valli)
[2025-11-06 12:33:44] Password reset for mobile: 9543118162 (User: M. Valli)
[2025-11-06 12:35:46] Password reset for mobile: 9543118162 (User: M. Valli)
[2025-11-06 12:35:47] Password reset for mobile: 9543118162 (User: M. Valli)
[2025-11-06 12:37:36] Password reset for mobile: 9543118162 (User: M. Valli)
[2025-11-06 12:39:35] Password reset for mobile: 9543118162 (User: M. Valli)
[2025-11-06 12:55:12] Password reset for mobile: 9543118162 (User: M. Valli)
[2025-11-06 12:57:27] Password reset for mobile: 9543118162 (User: M. Valli)
[2025-11-06 12:57:52] Password reset for mobile: 8668045893 (User: MALATHI SRINIVASAN)
[2025-11-06 12:58:25] Password reset for mobile: 9543118162 (User: M. Valli)
[2025-11-06 13:00:27] Password reset for mobile: 9543118162 (User: M. Valli)
[2025-11-06 13:07:21] Password reset for mobile: 9543118162 (User: M. Valli)
[2025-11-06 13:08:05] Password reset for mobile: 9543118162 (User: M. Valli)
[2025-11-06 13:08:06] Password reset for mobile: 9543118162 (User: M. Valli)
[2025-11-06 15:34:21] Password reset for mobile: 9677444444 (User: K. Hariprasath)
[2025-11-07 03:57:07] Password reset for mobile: 9841616603 (User: ARTHI J)
[2025-11-07 03:57:57] Password reset for mobile: 9841616603 (User: ARTHI J)
[2025-11-07 05:14:54] Password reset for mobile: 8098649520 (User: Saranya V)
[2025-11-07 11:45:37] Password reset for mobile: 8807519642 (User: N. Revathi)
[2025-11-07 12:51:50] Password reset for mobile: 8144522219 (User: Rajappan A)
[2025-11-07 13:15:05] Password reset for mobile: 8098649520 (User: Saranya V)
[2025-11-07 13:29:22] Password reset for mobile: 8098649520 (User: Saranya V)
[2025-11-07 13:30:15] Password reset for mobile: 8098649520 (User: Saranya V)
[2025-11-07 13:30:39] Password reset for mobile: 8098649520 (User: Saranya V)
[2025-11-07 13:31:08] Password reset for mobile: 8098649520 (User: Saranya V)
[2025-11-07 16:55:39] Password reset for mobile: 7339379047 (User: dhanalakshmi)
[2025-11-09 05:18:04] Password reset for mobile: 9865140081 (User: Suriya)
[2025-11-09 14:15:20] Password reset for mobile: 9884531285 (User: S.Geetha)
[2025-11-09 14:16:25] Password reset for mobile: 9884531285 (User: S.Geetha)
[2025-11-09 14:54:21] Password reset for mobile: 8838032631 (User: J.Sheela)
[2025-11-09 14:54:39] Password reset for mobile: 8838032631 (User: J.Sheela)
[2025-11-10 15:23:25] Password reset for mobile: 9486021999 (User: Karunya)
[2025-11-10 15:31:38] Password reset for mobile: 8946003151 (User: karunya)
[2025-11-11 05:11:10] Password reset for mobile: 7639668989 (User: Indhu C)
[2025-11-11 15:51:41] Password reset for mobile: 8098649520 (User: Saranya V)
[2025-11-11 15:51:42] Password reset for mobile: 8098649520 (User: Saranya V)
[2025-11-11 15:51:43] Password reset for mobile: 8098649520 (User: Saranya V)
[2025-11-11 15:51:44] Password reset for mobile: 8098649520 (User: Saranya V)
[2025-11-11 15:51:45] Password reset for mobile: 8098649520 (User: Saranya V)
[2025-11-11 15:53:46] Password reset for mobile: 8075286012 (User: Kavitha .K)
[2025-11-11 15:56:57] Password reset for mobile: 8075286012 (User: Kavitha .K)
[2025-11-12 10:27:47] Password reset for mobile: 9500450720 (User: SHEELADEVI )
[2025-11-12 10:30:41] Password reset for mobile: 9500450720 (User: SHEELADEVI )
[2025-11-13 04:08:26] Password reset for mobile: 9791007968 (User: SHOBA NANDHAKUMAR)
[2025-11-13 04:08:59] Password reset for mobile: 9791007968 (User: SHOBA NANDHAKUMAR)
[2025-11-13 04:12:55] Password reset for mobile: 9791007968 (User: SHOBA NANDHAKUMAR)
[2025-11-13 09:24:52] Password reset for mobile: 9751888382 (User: MR.CHANDRU)
[2025-11-13 16:56:51] Password reset for mobile: 7339379047 (User: dhanalakshmi)
[2025-11-13 16:58:44] Password reset for mobile: 7339379047 (User: dhanalakshmi)
[2025-11-14 13:50:54] Password reset for mobile: 8668000901 (User: P.Shanmugavalli)
[2025-11-14 13:50:56] Password reset for mobile: 8668000901 (User: P.Shanmugavalli)
[2025-11-14 13:52:00] Password reset for mobile: 9943766788 (User: SARASWATHI K)
[2025-11-14 13:52:05] Password reset for mobile: 8668000901 (User: P.Shanmugavalli)
[2025-11-14 13:52:07] Password reset for mobile: 8668000901 (User: P.Shanmugavalli)
[2025-11-14 13:52:07] Password reset for mobile: 8668000901 (User: P.Shanmugavalli)
[2025-11-14 13:52:51] Password reset for mobile: 9943766788 (User: SARASWATHI K)
[2025-11-14 13:52:52] Password reset for mobile: 9943766788 (User: SARASWATHI K)
[2025-11-14 13:52:54] Password reset for mobile: 9943766788 (User: SARASWATHI K)
[2025-11-14 13:52:55] Password reset for mobile: 9943766788 (User: SARASWATHI K)
[2025-11-14 14:50:46] Password reset for mobile: 9943766788 (User: SARASWATHI K)
[2025-11-14 14:51:21] Password reset for mobile: 9943766788 (User: SARASWATHI K)
[2025-11-15 08:37:26] Password reset for mobile: 9445969781 (User: MARY MELSI.M)
[2025-11-15 08:37:55] Password reset for mobile: 9445969781 (User: MARY MELSI.M)
[2025-11-15 11:42:07] Password reset for mobile: 6379234263 (User: NARMADHA)
[2025-11-15 11:43:30] Password reset for mobile: 6379234263 (User: NARMADHA)
[2025-11-17 01:57:09] Password reset for mobile: 9843965614 (User: Subiktcha)
[2025-11-17 01:58:31] Password reset for mobile: 9843965614 (User: Subiktcha)
[2025-11-17 16:24:19] Password reset for mobile: 8838032631 (User: J.Sheela)
[2025-11-17 16:24:20] Password reset for mobile: 8838032631 (User: J.Sheela)
[2025-11-17 16:24:21] Password reset for mobile: 8838032631 (User: J.Sheela)
[2025-11-17 16:24:22] Password reset for mobile: 8838032631 (User: J.Sheela)
[2025-11-17 16:24:22] Password reset for mobile: 8838032631 (User: J.Sheela)
[2025-11-19 17:04:17] Password reset for mobile: 7339379047 (User: dhanalakshmi)
[2025-11-19 18:14:40] Password reset for mobile: 9965877908 (User: Thivya E)
[2025-11-19 18:15:06] Password reset for mobile: 9965877908 (User: Thivya E)
[2025-11-22 11:44:15] Password reset for mobile: 9159662727 (User: Kowshika)
[2025-11-22 13:40:13] Password reset for mobile: 7339379047 (User: dhanalakshmi)
[2025-11-22 13:40:17] Password reset for mobile: 7339379047 (User: dhanalakshmi)
[2025-11-22 13:40:20] Password reset for mobile: 7339379047 (User: dhanalakshmi)
[2025-11-22 13:42:49] Password reset for mobile: 7339379047 (User: dhanalakshmi)
[2025-11-22 13:42:55] Password reset for mobile: 7339379047 (User: dhanalakshmi)
[2025-11-24 08:13:27] Password reset for mobile: 9943766788 (User: SARASWATHI K)
[2025-11-24 10:04:23] Password reset for mobile: 8760336027 (User: N.yasmin banu)
[2025-11-24 10:05:27] Password reset for mobile: 8760336027 (User: N.yasmin banu)
[2025-11-25 11:40:23] Password reset for mobile: 7094185642 (User: Anitha Karthik)
[2025-11-25 14:51:24] Password reset for mobile: 7339379047 (User: dhanalakshmi)
[2025-11-25 14:51:53] Password reset for mobile: 7339379047 (User: dhanalakshmi)
[2025-11-25 14:52:33] Password reset for mobile: 7339379047 (User: dhanalakshmi)
[2025-11-26 12:27:37] Password reset for mobile: 9443488661 (User: GNANA JOTHI USHA - THULEEP TRADERS)
[2025-11-26 12:42:30] Password reset for mobile: 9443488661 (User: GNANA JOTHI USHA - THULEEP TRADERS)
[2025-11-26 13:33:15] Password reset for mobile: 9443488661 (User: GNANA JOTHI USHA - THULEEP TRADERS)
[2025-11-26 13:38:49] Password reset for mobile: 9443488661 (User: GNANA JOTHI USHA - THULEEP TRADERS)
[2025-11-27 11:12:06] Password reset for mobile: 9092784886 (User: Kavitha S)
[2025-11-28 07:57:08] Password reset for mobile: 8489088958 (User: Muthulakshmi Thangamani)
[2025-11-28 07:57:23] Password reset for mobile: 8489088958 (User: Muthulakshmi Thangamani)
[2025-11-28 09:06:19] Password reset for mobile: 9751888382 (User: MR.CHANDRU)
[2025-11-29 15:49:12] Password reset for mobile: 9677110788 (User: Vinith Sangavi)
[2025-12-01 04:21:37] Password reset for mobile: 9677110788 (User: Vinith Sangavi)
[2025-12-01 04:21:52] Password reset for mobile: 9677110788 (User: Vinith Sangavi)
[2025-12-04 05:55:49] Password reset for mobile: 9677110788 (User: Vinith Sangavi)
[2025-12-05 16:26:23] Password reset for mobile: 9965518550 (User: Gayathri Radhakrishnan)
[2025-12-10 07:55:05] Password reset for mobile: 8668000901 (User: P.Shanmugavalli)
[2025-12-13 07:53:31] Password reset for mobile: 7094185642 (User: Anitha Karthik)
[2025-12-15 12:31:01] Password reset for mobile: 9865025093 (User: R.Lokesh babu)
[2025-12-18 16:40:09] Password reset for mobile: 9940273154 (User: PREMA KUMARI)
[2025-12-20 00:07:37] Password reset for mobile: 9940273154 (User: PREMA KUMARI)
[2025-12-20 00:08:00] Password reset for mobile: 9940273154 (User: PREMA KUMARI)
[2025-12-20 00:10:06] Password reset for mobile: 9940273154 (User: PREMA KUMARI)
[2025-12-20 00:12:15] Password reset for mobile: 9940273154 (User: PREMA KUMARI)
[2025-12-20 00:13:30] Password reset for mobile: 9940273154 (User: PREMA KUMARI)
[2025-12-20 05:00:34] Password reset for mobile: 9965877908 (User: Thivya E)
[2025-12-20 05:00:46] Password reset for mobile: 9965877908 (User: Thivya E)
[2025-12-20 05:01:04] Password reset for mobile: 9965877908 (User: Thivya E)
[2025-12-20 14:36:11] Password reset for mobile: 9363896963 (User: Arthi J)
[2025-12-24 03:09:00] Password reset for mobile: 6380350701 (User: Subathra Krishnasamy )
[2025-12-24 03:09:34] Password reset for mobile: 6380350701 (User: Subathra Krishnasamy )
[2025-12-24 03:10:58] Password reset for mobile: 6380350701 (User: Subathra Krishnasamy )
[2025-12-24 03:11:31] Password reset for mobile: 6380350701 (User: Subathra Krishnasamy )
[2025-12-24 17:22:02] Password reset for mobile: 9940273154 (User: PREMA KUMARI)
[2025-12-24 17:23:45] Password reset for mobile: 9940273154 (User: PREMA KUMARI)
[2025-12-24 17:25:34] Password reset for mobile: 9940273154 (User: PREMA KUMARI)
[2026-01-02 05:02:17] Password reset for mobile: 9384307421 (User: THAMIZHARASI ( POONGUNDRAN ) )
[2026-01-02 05:02:44] Password reset for mobile: 9384307421 (User: THAMIZHARASI ( POONGUNDRAN ) )
[2026-01-02 10:09:59] Password reset for mobile: 9025447679 (User: SARANYA SHAKTHIVEL)
[2026-01-02 10:13:24] Password reset for mobile: 9025447679 (User: SARANYA SHAKTHIVEL)
[2026-01-02 10:22:19] Password reset for mobile: 9025447679 (User: SARANYA SHAKTHIVEL)
[2026-01-03 14:20:21] Password reset for mobile: 9489809336 (User: POWSIA.K)
[2026-01-03 16:49:36] Password reset for mobile: 9843965614 (User: Subiktcha)
[2026-01-03 16:50:12] Password reset for mobile: 9843965614 (User: Subiktcha)
[2026-01-05 03:50:55] Password reset for mobile: 8248991006 (User: RAMYA V)
[2026-01-05 11:04:29] Password reset for mobile: 8695969646 (User: ANBU MARRY DOMINC)
[2026-01-05 14:35:13] Password reset for mobile: 8344062527 (User: POWSIA.K)
[2026-01-05 14:44:22] Password reset for mobile: 9597839837 (User: Sivakamasundari S)
[2026-01-05 14:45:14] Password reset for mobile: 9597839837 (User: Sivakamasundari S)
[2026-01-05 14:48:08] Password reset for mobile: 9597839837 (User: Sivakamasundari S)
[2026-01-05 17:47:38] Password reset for mobile: 9786008114 (User: Sathya)
[2026-01-05 17:48:10] Password reset for mobile: 9786008114 (User: Sathya)
[2026-01-06 16:51:48] Password reset for mobile: 7871795038 (User: Arulmathi Manikandan M)
[2026-01-07 06:29:03] Password reset for mobile: 8344062527 (User: POWSIA.K)
[2026-01-07 06:29:06] Password reset for mobile: 8344062527 (User: POWSIA.K)
[2026-01-07 06:45:50] Password reset for mobile: 8344062527 (User: POWSIA.K)
[2026-01-07 06:50:21] Password reset for mobile: 8344062527 (User: POWSIA.K)
[2026-01-07 06:55:53] Password reset for mobile: 8344062527 (User: POWSIA.K)
[2026-01-07 07:01:41] Password reset for mobile: 8344062527 (User: POWSIA.K)
[2026-01-07 15:56:18] Password reset for mobile: 8344062527 (User: POWSIA.K)
[2026-01-08 08:35:39] Password reset for mobile: 8695969646 (User: ANBU MARRY DOMINC)
[2026-01-08 12:32:31] Password reset for mobile: 6381186769 (User: Varalakshimi)
[2026-01-08 12:38:33] Password reset for mobile: 6381186769 (User: Varalakshimi)
[2026-01-08 12:40:08] Password reset for mobile: 6381186769 (User: Varalakshimi)
[2026-01-09 04:48:41] Password reset for mobile: 8825570370 (User: SIVAGAMI)
[2026-01-09 04:50:27] Password reset for mobile: 8825570370 (User: SIVAGAMI)
[2026-01-09 06:31:27] Password reset for mobile: 7708155919 (User: ZYMAA PURE HERBALS PRIVATE LIMITED)
[2026-01-09 06:32:54] Password reset for mobile: 7708155919 (User: ZYMAA PURE HERBALS PRIVATE LIMITED)
[2026-01-09 06:37:18] Password reset for mobile: 8825934760 (User: ABARUBA K)
[2026-01-09 06:37:19] Password reset for mobile: 8825934760 (User: ABARUBA K)
[2026-01-09 06:37:21] Password reset for mobile: 8825934760 (User: ABARUBA K)
[2026-01-09 06:37:22] Password reset for mobile: 8825934760 (User: ABARUBA K)
[2026-01-09 06:37:23] Password reset for mobile: 8825934760 (User: ABARUBA K)
[2026-01-09 06:43:25] Password reset for mobile: 7708155919 (User: ZYMAA PURE HERBALS PRIVATE LIMITED)
[2026-01-09 08:07:50] Password reset for mobile: 9884448599 (User: SOWMIYA DEVI . P)
[2026-01-09 08:10:41] Password reset for mobile: 9884448599 (User: SOWMIYA DEVI . P)
[2026-01-09 08:11:00] Password reset for mobile: 9884448599 (User: SOWMIYA DEVI . P)
[2026-01-09 09:22:54] Password reset for mobile: 9884448599 (User: SOWMIYA DEVI . P)
[2026-01-09 09:23:04] Password reset for mobile: 9884448599 (User: SOWMIYA DEVI . P)
[2026-01-10 07:11:55] Password reset for mobile: 7418127104 (User: D.LEENAVIDHYA)
[2026-01-10 07:12:16] Password reset for mobile: 7418127104 (User: D.LEENAVIDHYA)
[2026-01-10 16:43:29] Password reset for mobile: 8248674312 (User: SELVAKUMARI. G)
[2026-01-10 16:44:46] Password reset for mobile: 8248674312 (User: SELVAKUMARI. G)
[2026-01-11 06:10:22] Password reset for mobile: 8248674312 (User: SELVAKUMARI. G)
[2026-01-11 06:10:23] Password reset for mobile: 8248674312 (User: SELVAKUMARI. G)
[2026-01-11 06:18:02] Password reset for mobile: 8248674312 (User: SELVAKUMARI. G)
[2026-01-12 10:04:55] Password reset for mobile: 8248674312 (User: SELVAKUMARI. G)
[2026-01-13 13:13:30] Password reset for mobile: 7538877822 (User: Jansi Rani)
[2026-01-13 20:22:05] Password reset for mobile: 8978433696 (User: G.Jayalakshmi)
[2026-01-13 20:23:54] Password reset for mobile: 8978433696 (User: G.Jayalakshmi)
[2026-01-13 20:25:35] Password reset for mobile: 8978433696 (User: G.Jayalakshmi)
[2026-01-13 20:27:02] Password reset for mobile: 8978433696 (User: G.Jayalakshmi)
[2026-01-13 20:27:31] Password reset for mobile: 8978433696 (User: G.Jayalakshmi)
[2026-01-13 20:28:39] Password reset for mobile: 8978433696 (User: G.Jayalakshmi)
[2026-01-13 20:29:39] Password reset for mobile: 8978433696 (User: G.Jayalakshmi)
[2026-01-13 22:32:21] Password reset for mobile: 8978433696 (User: G.Jayalakshmi)
[2026-01-13 22:33:11] Password reset for mobile: 8978433696 (User: G.Jayalakshmi)
[2026-01-13 22:34:21] Password reset for mobile: 8978433696 (User: G.Jayalakshmi)
[2026-01-13 22:36:28] Password reset for mobile: 8978433696 (User: G.Jayalakshmi)
[2026-01-13 22:37:57] Password reset for mobile: 8978433696 (User: G.Jayalakshmi)
[2026-01-13 22:41:41] Password reset for mobile: 8978433696 (User: G.Jayalakshmi)
[2026-01-14 08:18:20] Password reset for mobile: 7993570656 (User: Ananth M)
[2026-01-14 10:00:26] Password reset for mobile: 8978433696 (User: G.Jayalakshmi)
[2026-01-14 10:12:14] Password reset for mobile: 7993570656 (User: Ananth M)
[2026-01-14 10:13:03] Password reset for mobile: 7993570656 (User: Ananth M)
[2026-01-14 10:13:04] Password reset for mobile: 7993570656 (User: Ananth M)
[2026-01-14 10:13:18] Password reset for mobile: 7993570656 (User: Ananth M)
[2026-01-14 10:19:19] Password reset for mobile: 7993570656 (User: Ananth M)
[2026-01-14 12:18:00] Password reset for mobile: 7993570656 (User: Ananth M)
[2026-01-14 12:18:34] Password reset for mobile: 7993570656 (User: Ananth M)
[2026-01-14 12:19:07] Password reset for mobile: 7993570656 (User: Ananth M)
[2026-01-16 05:54:47] Password reset for mobile: 8978433696 (User: G.Jayalakshmi)
[2026-01-16 09:58:29] Password reset for mobile: 9943854074 (User: Kannan p)
[2026-01-19 08:14:35] Password reset for mobile: 9159443301 (User: Lathaa Murugesan)
[2026-01-19 08:18:29] Password reset for mobile: 9159443301 (User: Lathaa Murugesan)
[2026-01-19 10:35:14] Password reset for mobile: 9159443301 (User: Lathaa Murugesan)
[2026-01-21 09:25:13] Password reset for mobile: 9843965614 (User: Subiktcha)
[2026-01-24 07:30:42] Password reset for mobile: 9865861803 (User: MAHALAKSHMI-FRIENDS AGENCY)
[2026-01-24 07:30:44] Password reset for mobile: 9865861803 (User: MAHALAKSHMI-FRIENDS AGENCY)
[2026-01-24 07:31:15] Password reset for mobile: 9865861803 (User: MAHALAKSHMI-FRIENDS AGENCY)
[2026-01-24 08:12:51] Password reset for mobile: 7667711202 (User: MAHALAKSHMI-FRIENDS AGENCY)
[2026-01-26 05:02:02] Password reset for mobile: 9092623266 (User: SRS ENTERPRISES)
[2026-01-30 02:53:18] Password reset for mobile: 9080844930 (User: Malathi)
[2026-01-30 02:54:31] Password reset for mobile: 9080844930 (User: Malathi)
[2026-01-31 16:33:42] Password reset for mobile: 7339379047 (User: dhanalakshmi)
[2026-02-02 14:10:32] Password reset for mobile: 7339379047 (User: dhanalakshmi)
[2026-02-02 14:11:00] Password reset for mobile: 7339379047 (User: dhanalakshmi)
[2026-02-02 14:11:55] Password reset for mobile: 7339379047 (User: dhanalakshmi)
[2026-02-02 14:12:36] Password reset for mobile: 7339379047 (User: dhanalakshmi)
[2026-02-02 14:46:41] Password reset for mobile: 7339379047 (User: dhanalakshmi)
[2026-02-02 17:14:26] Password reset for mobile: 7871795038 (User: Arulmathi Manikandan M)
[2026-02-03 15:06:22] Password reset for mobile: 7871795038 (User: Arulmathi Manikandan M)
[2026-02-03 15:06:24] Password reset for mobile: 7871795038 (User: Arulmathi Manikandan M)
[2026-02-03 15:06:26] Password reset for mobile: 7871795038 (User: Arulmathi Manikandan M)
[2026-02-03 15:06:49] Password reset for mobile: 7871795038 (User: Arulmathi Manikandan M)
[2026-02-03 15:06:50] Password reset for mobile: 7871795038 (User: Arulmathi Manikandan M)
[2026-02-04 14:35:29] Password reset for mobile: 7339379047 (User: dhanalakshmi)
[2026-02-07 08:17:54] Password reset for mobile: 9361371701 (User: Gomathi M)
[2026-02-08 12:46:02] Password reset for mobile: 9710604433 (User: S.Kaamini)
[2026-02-13 04:26:00] Password reset for mobile: 9843965614 (User: Subiktcha)
[2026-02-14 07:10:48] Password reset for mobile: 9514666422 (User: Piriya J)
[2026-02-14 09:10:52] Password reset for mobile: 9940571615 (User: ANBALAGAN C)
[2026-02-26 09:36:33] Password reset for mobile: 7993570656 (User: Ananth M)
[2026-02-28 14:03:06] Password reset for mobile: 8667525736 (User: SHABANA BEGAM A)
[2026-03-01 04:36:05] Password reset for mobile: 8667525736 (User: SHABANA BEGAM A)
[2026-03-01 17:32:49] Password reset for mobile: 8667525736 (User: SHABANA BEGAM A)
[2026-03-03 08:17:21] Password reset for mobile: 9092784886 (User: Kavitha S)
[2026-03-04 03:09:46] Password reset for mobile: 9543118162 (User: M. Valli)
[2026-03-06 00:26:37] Password reset for mobile: 8098649520 (User: Saranya V)
[2026-03-07 06:38:53] Password reset for mobile: 9092784886 (User: Kavitha S)
[2026-03-08 09:17:41] Password reset for mobile: 8098649520 (User: Saranya V)
[2026-03-08 09:17:42] Password reset for mobile: 8098649520 (User: Saranya V)
[2026-03-08 09:19:58] Password reset for mobile: 8098649520 (User: Saranya V)
[2026-03-08 09:20:47] Password reset for mobile: 8098649520 (User: Saranya V)
[2026-03-08 09:21:06] Password reset for mobile: 8098649520 (User: Saranya V)
[2026-03-08 13:58:56] Password reset for mobile: 8072551603 (User: CHANDRAKALA)
[2026-03-08 13:58:57] Password reset for mobile: 8072551603 (User: CHANDRAKALA)
[2026-03-08 13:59:25] Password reset for mobile: 8072551603 (User: CHANDRAKALA)
[2026-03-08 13:59:26] Password reset for mobile: 8072551603 (User: CHANDRAKALA)
[2026-03-08 14:00:44] Password reset for mobile: 8072551603 (User: CHANDRAKALA)
[2026-03-09 12:22:08] Password reset for mobile: 9840758062 (User: SHEELA VEERASAMY)
[2026-03-09 12:27:12] Password reset for mobile: 9840758062 (User: SHEELA VEERASAMY)
[2026-03-09 12:28:52] Password reset for mobile: 9840758062 (User: SHEELA VEERASAMY)
[2026-03-09 13:31:14] Password reset for mobile: 9840758062 (User: SHEELA VEERASAMY)
[2026-03-13 10:24:46] Password reset for mobile: 6369941979 (User: UMA D)
[2026-03-13 10:25:09] Password reset for mobile: 6369941979 (User: UMA D)
[2026-03-16 10:53:08] Password reset for mobile: 9543118162 (User: M. Valli)
[2026-03-16 13:52:17] Password reset for mobile: 9578028955 (User: Divya)
[2026-03-16 13:52:18] Password reset for mobile: 9578028955 (User: Divya)
[2026-03-16 13:52:18] Password reset for mobile: 9578028955 (User: Divya)
[2026-03-16 13:53:53] Password reset for mobile: 9578028955 (User: Divya)
[2026-03-16 13:54:11] Password reset for mobile: 9578028955 (User: Divya)
[2026-03-16 13:57:12] Password reset for mobile: 9578028955 (User: Divya)
[2026-03-17 05:41:26] Password reset for mobile: 9578028955 (User: Divya)
[2026-03-18 06:01:39] Password reset for mobile: 7993570656 (User: Jayasree Ananth)
[2026-03-18 06:02:06] Password reset for mobile: 7993570656 (User: Jayasree Ananth)
[2026-03-18 06:02:24] Password reset for mobile: 7993570656 (User: Jayasree Ananth)
[2026-03-18 06:03:10] Password reset for mobile: 7993570656 (User: Jayasree Ananth)
[2026-03-18 06:05:10] Password reset for mobile: 7993570656 (User: Jayasree Ananth)
[2026-03-19 16:32:28] Password reset for mobile: 8608029129 (User: Abirami.K)
[2026-03-22 12:58:33] Password reset for mobile: 8098649520 (User: Saranya V)
[2026-03-22 12:58:49] Password reset for mobile: 8098649520 (User: Saranya V)
[2026-03-22 12:59:09] Password reset for mobile: 8098649520 (User: Saranya V)
[2026-03-22 12:59:10] Password reset for mobile: 8098649520 (User: Saranya V)
[2026-03-22 12:59:10] Password reset for mobile: 8098649520 (User: Saranya V)
[2026-03-23 15:08:42] Password reset for mobile: 9543118162 (User: M. Valli)
[2026-03-23 15:10:15] Password reset for mobile: 9543118162 (User: M. Valli)
[2026-03-23 15:11:10] Password reset for mobile: 9543118162 (User: M. Valli)
[2026-03-27 18:41:30] Password reset for mobile: 9841616603 (User: ARTHI J)
[2026-03-27 18:42:01] Password reset for mobile: 9363896963 (User: Arthi J)
[2026-03-28 04:01:28] Password reset for mobile: 9363896963 (User: Arthi J)
[2026-03-28 04:02:29] Password reset for mobile: 9841616603 (User: ARTHI J)
[2026-03-28 04:06:21] Password reset for mobile: 9841616603 (User: ARTHI J)
[2026-03-28 04:07:18] Password reset for mobile: 9363896963 (User: Arthi J)
[2026-03-31 12:44:25] Password reset for mobile: 8760336027 (User: N.yasmin banu)
[2026-03-31 12:44:46] Password reset for mobile: 8760336027 (User: N.yasmin banu)
[2026-03-31 12:45:33] Password reset for mobile: 8760336027 (User: N.yasmin banu)
[2026-03-31 12:48:18] Password reset for mobile: 8760336027 (User: N.yasmin banu)
[2026-03-31 12:49:57] Password reset for mobile: 8760336027 (User: N.yasmin banu)
[2026-03-31 17:09:08] Password reset for mobile: 9003196500 (User: Tamilselvi)
[2026-04-01 17:19:02] Password reset for mobile: 8667525736 (User: SHABANA BEGAM A)
[2026-04-01 17:19:56] Password reset for mobile: 8667525736 (User: SHABANA BEGAM A)
[2026-04-01 17:21:17] Password reset for mobile: 8667525736 (User: SHABANA BEGAM A)
[2026-04-01 17:22:39] Password reset for mobile: 8667525736 (User: SHABANA BEGAM A)
[2026-04-01 17:23:16] Password reset for mobile: 8667525736 (User: SHABANA BEGAM A)
[2026-04-02 11:03:35] Password reset for mobile: 8667525736 (User: SHABANA BEGAM A)
[2026-04-02 11:04:28] Password reset for mobile: 8667525736 (User: SHABANA BEGAM A)
[2026-04-02 11:08:26] Password reset for mobile: 8667525736 (User: SHABANA BEGAM A)
[2026-04-02 11:11:25] Password reset for mobile: 8667525736 (User: SHABANA BEGAM A)
[2026-04-02 11:43:40] Password reset for mobile: 9940913635 (User: Fareedha Banu)
[2026-04-02 17:01:54] Password reset for mobile: 9940913635 (User: Fareedha Banu)
[2026-04-02 17:08:43] Password reset for mobile: 9786008114 (User: Sathya)
[2026-04-02 17:09:25] Password reset for mobile: 9786008114 (User: Sathya)
[2026-04-02 17:13:54] Password reset for mobile: 8667525736 (User: SHABANA BEGAM A)
[2026-04-02 17:14:20] Password reset for mobile: 9786008114 (User: Sathya)
[2026-04-02 17:16:33] Password reset for mobile: 8667525736 (User: SHABANA BEGAM A)
[2026-04-02 17:16:37] Password reset for mobile: 8667525736 (User: SHABANA BEGAM A)
[2026-04-02 17:16:48] Password reset for mobile: 8667525736 (User: SHABANA BEGAM A)
[2026-04-02 17:16:55] Password reset for mobile: 8667525736 (User: SHABANA BEGAM A)
[2026-04-03 03:37:16] Password reset for mobile: 7993570656 (User: Jayasree Ananth)
[2026-04-03 03:38:44] Password reset for mobile: 7993570656 (User: Jayasree Ananth)
[2026-04-03 04:33:46] Password reset for mobile: 9940913635 (User: Fareedha Banu)
[2026-04-03 04:44:00] Password reset for mobile: 9003196500 (User: Tamilselvi)
[2026-04-04 10:51:06] Password reset for mobile: 9865025093 (User: R.Lokesh babu)
[2026-04-04 10:51:23] Password reset for mobile: 9865025093 (User: R.Lokesh babu)
[2026-04-04 10:52:01] Password reset for mobile: 9865025093 (User: R.Lokesh babu)
[2026-04-04 10:52:16] Password reset for mobile: 9865025093 (User: R.Lokesh babu)
[2026-04-05 14:42:38] Password reset for mobile: 8098649520 (User: Saranya V)
[2026-04-05 14:42:56] Password reset for mobile: 8098649520 (User: Saranya V)
[2026-04-05 14:43:43] Password reset for mobile: 8098649520 (User: Saranya V)
[2026-04-05 14:43:53] Password reset for mobile: 8098649520 (User: Saranya V)
[2026-04-05 14:44:04] Password reset for mobile: 8098649520 (User: Saranya V)
[2026-04-08 03:33:05] Password reset for mobile: 8248991006 (User: RAMYA V)
[2026-04-08 03:33:47] Password reset for mobile: 8248991006 (User: RAMYA V)
[2026-04-08 06:11:31] Password reset for mobile: 9865025093 (User: R.Lokesh babu)
[2026-04-08 06:12:45] Password reset for mobile: 9865025093 (User: R.Lokesh babu)
[2026-04-08 06:13:53] Password reset for mobile: 9865025093 (User: R.Lokesh babu)
[2026-04-09 06:01:13] Password reset for mobile: 9865025093 (User: R.Lokesh babu)
[2026-04-09 06:05:52] Password reset for mobile: 9865025093 (User: R.Lokesh babu)
[2026-04-13 09:34:01] Password reset for mobile: 9042371105 (User: Suganya)
[2026-04-13 09:34:17] Password reset for mobile: 9042371105 (User: Suganya)
[2026-04-13 09:36:13] Password reset for mobile: 9042371105 (User: Suganya)
[2026-04-13 09:36:31] Password reset for mobile: 9042371105 (User: Suganya)
[2026-04-13 16:08:25] Password reset for mobile: 8667525736 (User: SHABANA BEGAM A)
[2026-04-13 16:09:12] Password reset for mobile: 8667525736 (User: SHABANA BEGAM A)
[2026-04-14 16:44:32] Password reset for mobile: 8667525736 (User: SHABANA BEGAM A)
[2026-04-14 16:45:30] Password reset for mobile: 8667525736 (User: SHABANA BEGAM A)
[2026-04-14 16:46:28] Password reset for mobile: 8667525736 (User: SHABANA BEGAM A)
[2026-04-15 04:32:04] Password reset for mobile: 8778865044 (User: RUBA BHARATHI S)
[2026-04-15 04:32:35] Password reset for mobile: 8778865044 (User: RUBA BHARATHI S)
[2026-04-15 04:34:01] Password reset for mobile: 8778865044 (User: RUBA BHARATHI S)
[2026-04-17 07:45:21] Password reset for mobile: 9865025093 (User: R.Lokesh babu)
[2026-04-17 07:45:33] Password reset for mobile: 9865025093 (User: R.Lokesh babu)
[2026-04-22 06:43:51] Password reset for mobile: 7092967415 (User: ANNAMALAIYYAR TRADERS)
[2026-04-22 06:44:01] Password reset for mobile: 7092967415 (User: ANNAMALAIYYAR TRADERS)
[2026-04-22 07:49:08] Password reset for mobile: 8248991006 (User: RAMYA V)
[2026-04-22 08:18:19] Password reset for mobile: 7993570656 (User: Jayasree Ananth)
[2026-04-22 08:30:05] Password reset for mobile: 9059955156 (User: Rizwana Yasmeen)
[2026-04-22 08:33:25] Password reset for mobile: 9059955156 (User: Rizwana Yasmeen)
[2026-04-22 08:34:25] Password reset for mobile: 9059955156 (User: Rizwana Yasmeen)
[2026-04-22 10:03:03] Password reset for mobile: 7993570656 (User: Jayasree Ananth)
[2026-04-23 07:51:54] Password reset for mobile: 6381184545 (User: JAYAGOMATHI)
[2026-04-27 11:35:22] Password reset for mobile: 9952409085 (User: V.Anbarasi Vijayalingam)
[2026-04-27 11:37:25] Password reset for mobile: 9952409085 (User: V.Anbarasi Vijayalingam)
[2026-04-27 11:39:16] Password reset for mobile: 9952409085 (User: V.Anbarasi Vijayalingam)
[2026-04-27 11:40:06] Password reset for mobile: 9952409085 (User: V.Anbarasi Vijayalingam)
[2026-04-29 15:59:29] Password reset for mobile: 6381184545 (User: JAYAGOMATHI)
[2026-04-30 05:51:14] Password reset for mobile: 7993570656 (User: Jayasree Ananth)
[2026-04-30 05:51:56] Password reset for mobile: 7993570656 (User: Jayasree Ananth)
[2026-04-30 12:57:24] Password reset for mobile: 9363896963 (User: Arthi J)
[2026-05-01 06:05:23] Password reset for mobile: 6381184545 (User: JAYAGOMATHI)
[2026-05-01 06:21:29] Password reset for mobile: 6381184545 (User: JAYAGOMATHI)
[2026-05-01 06:26:04] Password reset for mobile: 6381184545 (User: JAYAGOMATHI)
[2026-05-01 06:32:06] Password reset for mobile: 6381184545 (User: JAYAGOMATHI)
[2026-05-01 08:12:04] Password reset for mobile: 6381184545 (User: JAYAGOMATHI)
[2026-05-01 16:22:19] Password reset for mobile: 6381184545 (User: JAYAGOMATHI)
[2026-05-02 11:13:11] Password reset for mobile: 9003394958 (User: G.Jayalakshmi )
[2026-05-03 16:20:32] Password reset for mobile: 6381184545 (User: JAYAGOMATHI)
[2026-05-03 16:21:16] Password reset for mobile: 6381184545 (User: JAYAGOMATHI)
[2026-05-04 16:21:06] Password reset for mobile: 6381184545 (User: JAYAGOMATHI)
[2026-05-06 07:14:53] Password reset for mobile: 8760336027 (User: N.yasmin banu)
[2026-05-06 07:15:35] Password reset for mobile: 8760336027 (User: N.yasmin banu)
[2026-05-06 07:15:47] Password reset for mobile: 8760336027 (User: N.yasmin banu)
[2026-05-06 07:15:48] Password reset for mobile: 8760336027 (User: N.yasmin banu)
[2026-05-06 07:16:02] Password reset for mobile: 8760336027 (User: N.yasmin banu)
[2026-05-06 15:56:46] Password reset for mobile: 6381184545 (User: JAYAGOMATHI)
[2026-05-07 04:34:24] Password reset for mobile: 8015152761 (User: Maheswari )
[2026-05-07 04:34:41] Password reset for mobile: 8015152761 (User: Maheswari )
[2026-05-11 04:59:52] Password reset for mobile: 9443417230 (User: M YASMIN)
[2026-05-11 07:16:51] Password reset for mobile: 8072551603 (User: CHANDRAKALA)
[2026-05-11 07:31:09] Password reset for mobile: 8072551603 (User: CHANDRAKALA)
[2026-05-11 07:32:25] Password reset for mobile: 8072551603 (User: CHANDRAKALA)
[2026-05-12 11:13:20] Password reset for mobile: 8075286012 (User: Kavitha .K)
[2026-05-20 11:33:25] Password reset for mobile: 9840946944 (User: Thillainayagi Nagarajan)
[2026-05-21 04:22:29] Password reset for mobile: 9443417230 (User: M YASMIN)
[2026-05-27 14:02:42] Password reset for mobile: 9902044359 (User:  Kevin A Dass )
[2026-05-27 14:05:15] Password reset for mobile: 9902044359 (User:  Kevin A Dass )
[2026-05-28 07:34:54] Password reset for mobile: 9902044359 (User:  Kevin A Dass )
[2026-05-30 10:41:53] Password reset for mobile: 7993570656 (User: Jayasree Ananth)
