[2025-10-08 00:00:01] Database connection established
[2025-10-08 00:00:01] Found 0 receipt records needing updates
[2025-10-08 00:00:01] No updates needed. All receipt records are synchronized.
[2025-10-08 00:00:01] === SCRIPT COMPLETED (NO UPDATES NEEDED) ===
[2025-10-08 00:15:01] === AUTOMATIC RECEIPT SYNC STARTED ===
[2025-10-08 00:15:01] Database connection established
[2025-10-08 00:15:01] Found 0 receipt records needing updates
[2025-10-08 00:15:01] No updates needed. All receipt records are synchronized.
[2025-10-08 00:15:01] === SCRIPT COMPLETED (NO UPDATES NEEDED) ===
[2025-10-08 00:30:01] === AUTOMATIC RECEIPT SYNC STARTED ===
[2025-10-08 00:30:01] Database connection established
[2025-10-08 00:30:01] Found 0 receipt records needing updates
[2025-10-08 00:30:01] No updates needed. All receipt records are synchronized.
[2025-10-08 00:30:01] === SCRIPT COMPLETED (NO UPDATES NEEDED) ===
[2025-10-08 00:45:01] === AUTOMATIC RECEIPT SYNC STARTED ===
[2025-10-08 00:45:01] Database connection established
[2025-10-08 00:45:01] Found 0 receipt records needing updates
[2025-10-08 00:45:01] No updates needed. All receipt records are synchronized.
[2025-10-08 00:45:01] === SCRIPT COMPLETED (NO UPDATES NEEDED) ===
[2025-10-08 01:00:01] === AUTOMATIC RECEIPT SYNC STARTED ===
[2025-10-08 01:00:01] Database connection established
[2025-10-08 01:00:01] Found 0 receipt records needing updates
[2025-10-08 01:00:01] No updates needed. All receipt records are synchronized.
[2025-10-08 01:00:01] === SCRIPT COMPLETED (NO UPDATES NEEDED) ===
[2025-10-08 01:15:01] === AUTOMATIC RECEIPT SYNC STARTED ===
[2025-10-08 01:15:01] Database connection established
[2025-10-08 01:15:01] Found 0 receipt records needing updates
[2025-10-08 01:15:01] No updates needed. All receipt records are synchronized.
[2025-10-08 01:15:01] === SCRIPT COMPLETED (NO UPDATES NEEDED) ===
[2025-10-08 01:30:01] === AUTOMATIC RECEIPT SYNC STARTED ===
[2025-10-08 01:30:01] Database connection established
[2025-10-08 01:30:01] Found 0 receipt records needing updates
[2025-10-08 01:30:01] No updates needed. All receipt records are synchronized.
[2025-10-08 01:30:01] === SCRIPT COMPLETED (NO UPDATES NEEDED) ===
[2025-10-08 01:45:01] === AUTOMATIC RECEIPT SYNC STARTED ===
[2025-10-08 01:45:01] Database connection established
[2025-10-08 01:45:01] Found 0 receipt records needing updates
[2025-10-08 01:45:01] No updates needed. All receipt records are synchronized.
[2025-10-08 01:45:01] === SCRIPT COMPLETED (NO UPDATES NEEDED) ===
[2025-10-08 02:00:01] === AUTOMATIC RECEIPT SYNC STARTED ===
[2025-10-08 02:00:01] Database connection established
[2025-10-08 02:00:01] Found 0 receipt records needing updates
[2025-10-08 02:00:01] No updates needed. All receipt records are synchronized.
[2025-10-08 02:00:01] === SCRIPT COMPLETED (NO UPDATES NEEDED) ===
[2025-10-08 02:15:02] === AUTOMATIC RECEIPT SYNC STARTED ===
[2025-10-08 02:15:02] Database connection established
[2025-10-08 02:15:02] Found 0 receipt records needing updates
[2025-10-08 02:15:02] No updates needed. All receipt records are synchronized.
[2025-10-08 02:15:02] === SCRIPT COMPLETED (NO UPDATES NEEDED) ===
[2025-10-08 02:30:01] === AUTOMATIC RECEIPT SYNC STARTED ===
[2025-10-08 02:30:01] Database connection established
[2025-10-08 02:30:01] Found 0 receipt records needing updates
[2025-10-08 02:30:01] No updates needed. All receipt records are synchronized.
[2025-10-08 02:30:01] === SCRIPT COMPLETED (NO UPDATES NEEDED) ===
[2025-10-08 02:45:01] === AUTOMATIC RECEIPT SYNC STARTED ===
[2025-10-08 02:45:01] Database connection established
[2025-10-08 02:45:01] Found 0 receipt records needing updates
[2025-10-08 02:45:01] No updates needed. All receipt records are synchronized.
[2025-10-08 02:45:01] === SCRIPT COMPLETED (NO UPDATES NEEDED) ===
[2025-10-08 03:00:01] === AUTOMATIC RECEIPT SYNC STARTED ===
[2025-10-08 03:00:01] Database connection established
[2025-10-08 03:00:01] Found 0 receipt records needing updates
[2025-10-08 03:00:01] No updates needed. All receipt records are synchronized.
[2025-10-08 03:00:01] === SCRIPT COMPLETED (NO UPDATES NEEDED) ===
[2025-10-08 03:15:01] === AUTOMATIC RECEIPT SYNC STARTED ===
[2025-10-08 03:15:01] Database connection established
[2025-10-08 03:15:01] Found 0 receipt records needing updates
[2025-10-08 03:15:01] No updates needed. All receipt records are synchronized.
[2025-10-08 03:15:01] === SCRIPT COMPLETED (NO UPDATES NEEDED) ===
[2025-10-08 03:30:01] === AUTOMATIC RECEIPT SYNC STARTED ===
[2025-10-08 03:30:01] Database connection established
[2025-10-08 03:30:01] Found 0 receipt records needing updates
[2025-10-08 03:30:01] No updates needed. All receipt records are synchronized.
[2025-10-08 03:30:01] === SCRIPT COMPLETED (NO UPDATES NEEDED) ===
[2025-10-08 03:45:01] === AUTOMATIC RECEIPT SYNC STARTED ===
[2025-10-08 03:45:01] Database connection established
[2025-10-08 03:45:01] Found 0 receipt records needing updates
[2025-10-08 03:45:01] No updates needed. All receipt records are synchronized.
[2025-10-08 03:45:01] === SCRIPT COMPLETED (NO UPDATES NEEDED) ===
[2025-10-08 04:00:01] === AUTOMATIC RECEIPT SYNC STARTED ===
[2025-10-08 04:00:01] Database connection established
[2025-10-08 04:00:01] Found 0 receipt records needing updates
[2025-10-08 04:00:01] No updates needed. All receipt records are synchronized.
[2025-10-08 04:00:01] === SCRIPT COMPLETED (NO UPDATES NEEDED) ===
[2025-10-08 04:15:01] === AUTOMATIC RECEIPT SYNC STARTED ===
[2025-10-08 04:15:01] Database connection established
[2025-10-08 04:15:01] Found 0 receipt records needing updates
[2025-10-08 04:15:01] No updates needed. All receipt records are synchronized.
[2025-10-08 04:15:01] === SCRIPT COMPLETED (NO UPDATES NEEDED) ===
[2025-10-08 04:30:01] === AUTOMATIC RECEIPT SYNC STARTED ===
[2025-10-08 04:30:01] Database connection established
[2025-10-08 04:30:01] Found 1 receipt records needing updates
[2025-10-08 04:30:01] Processing up to 1 records in batches of 1000
[2025-10-08 04:30:01] Processing batch #1 (size: 1)
[2025-10-08 04:30:01] Batch #1: 1 records updated in 0.03s
[2025-10-08 04:30:02] === UPDATE COMPLETED ===
[2025-10-08 04:30:02] Records updated: 1
[2025-10-08 04:30:02] Records remaining: 0
[2025-10-08 04:30:02] Execution time: 0.19s
[2025-10-08 04:30:02] Peak memory: 0.54MB
[2025-10-08 04:30:02] Database connection closed
[2025-10-08 04:30:02] === SCRIPT COMPLETED ===
[2025-10-08 04:45:01] === AUTOMATIC RECEIPT SYNC STARTED ===
[2025-10-08 04:45:01] Database connection established
[2025-10-08 04:45:01] Found 0 receipt records needing updates
[2025-10-08 04:45:01] No updates needed. All receipt records are synchronized.
[2025-10-08 04:45:01] === SCRIPT COMPLETED (NO UPDATES NEEDED) ===
[2025-10-08 05:00:01] === AUTOMATIC RECEIPT SYNC STARTED ===
[2025-10-08 05:00:01] Database connection established
[2025-10-08 05:00:01] Found 0 receipt records needing updates
[2025-10-08 05:00:01] No updates needed. All receipt records are synchronized.
[2025-10-08 05:00:01] === SCRIPT COMPLETED (NO UPDATES NEEDED) ===
[2025-10-08 05:15:01] === AUTOMATIC RECEIPT SYNC STARTED ===
[2025-10-08 05:15:01] Database connection established
[2025-10-08 05:15:01] Found 0 receipt records needing updates
[2025-10-08 05:15:01] No updates needed. All receipt records are synchronized.
[2025-10-08 05:15:01] === SCRIPT COMPLETED (NO UPDATES NEEDED) ===
[2025-10-08 05:30:01] === AUTOMATIC RECEIPT SYNC STARTED ===
[2025-10-08 05:30:01] Database connection established
[2025-10-08 05:30:01] Found 0 receipt records needing updates
[2025-10-08 05:30:01] No updates needed. All receipt records are synchronized.
[2025-10-08 05:30:01] === SCRIPT COMPLETED (NO UPDATES NEEDED) ===
