[2025-10-11 07:55:17] Password reset for mobile: 9952428768 (User: Test distributor)
[2025-10-11 11:31:00] Password reset for mobile: 9894122819 (User: Karpagam.B)
[2025-10-11 11:31:32] Password reset for mobile: 9894122819 (User: Karpagam.B)
[2025-10-11 12:41:09] Password reset for mobile: 9994170979 (User: R. Geetha)
[2025-10-11 12:41:36] Password reset for mobile: 9994170979 (User: R. Geetha)
[2025-10-11 12:41:40] Password reset for mobile: 9994181678 (User: KARPAGAM)
[2025-10-11 12:41:44] Password reset for mobile: 9094519627 (User: S. GAJALAKSHMI)
[2025-10-11 12:42:08] Password reset for mobile: 7094583131 (User: SUDHA KARTHIKEYAN)
[2025-10-11 12:42:12] Password reset for mobile: 9994170979 (User: R. Geetha)
[2025-10-11 12:42:18] Password reset for mobile: 9094519627 (User: S. GAJALAKSHMI)
[2025-10-11 12:43:28] Password reset for mobile: 9994170979 (User: R. Geetha)
[2025-10-11 12:44:02] Password reset for mobile: 9994170979 (User: R. Geetha)
[2025-10-11 12:44:05] Password reset for mobile: 9994181678 (User: KARPAGAM)
[2025-10-11 13:06:05] Password reset for mobile: 7094583131 (User: SUDHA KARTHIKEYAN)
[2025-10-11 13:19:32] Password reset for mobile: 9585813680 (User: Santhadevi)
[2025-10-11 14:04:49] Password reset for mobile: 8608116492 (User: Vithya A)
[2025-10-11 14:06:46] Password reset for mobile: 8608116492 (User: Vithya A)
[2025-10-11 15:36:09] Password reset for mobile: 9944506606 (User: P. SELVARAJ)
[2025-10-11 17:12:22] Password reset for mobile: 9994213333 (User: N.Jayasree)
[2025-10-11 17:15:39] Password reset for mobile: 9994213333 (User: N.Jayasree)
[2025-10-11 17:16:24] Password reset for mobile: 9994213333 (User: N.Jayasree)
[2025-10-11 17:33:42] Password reset for mobile: 9894122819 (User: Karpagam.B)
[2025-10-11 19:59:25] Password reset for mobile: 9606778478 (User: V. Nadhini)
[2025-10-12 02:55:40] Password reset for mobile: 8220109957 (User: N.PRATHAP)
[2025-10-12 05:54:08] Password reset for mobile: 8754008042 (User: Suganya K)
[2025-10-12 05:54:57] Password reset for mobile: 8754008042 (User: Suganya K)
[2025-10-12 05:54:58] Password reset for mobile: 8754008042 (User: Suganya K)
[2025-10-12 05:55:41] Password reset for mobile: 7094583131 (User: SUDHA KARTHIKEYAN)
[2025-10-12 05:57:47] Password reset for mobile: 8754008042 (User: Suganya K)
[2025-10-12 05:57:54] Password reset for mobile: 8754008042 (User: Suganya K)
[2025-10-12 06:33:38] Password reset for mobile: 8807743780 (User: Megala)
[2025-10-12 07:22:39] Password reset for mobile: 8056347684 (User: S. Sangeetha )
[2025-10-12 07:23:30] Password reset for mobile: 8056347684 (User: S. Sangeetha )
[2025-10-12 07:24:55] Password reset for mobile: 8056347684 (User: S. Sangeetha )
[2025-10-12 08:26:05] Password reset for mobile: 9442824751 (User: T. M. Bhubaneswari )
[2025-10-12 08:26:51] Password reset for mobile: 9442824751 (User: T. M. Bhubaneswari )
[2025-10-12 09:05:46] Password reset for mobile: 7200200337 (User: Yogambal)
[2025-10-12 09:07:11] Password reset for mobile: 7200200337 (User: Yogambal)
[2025-10-12 09:07:27] Password reset for mobile: 7200200337 (User: Yogambal)
[2025-10-12 09:10:08] Password reset for mobile: 7200200337 (User: Yogambal)
[2025-10-12 09:11:09] Password reset for mobile: 7200200337 (User: Yogambal)
[2025-10-12 11:40:43] Password reset for mobile: 9003250809 (User: Mrs R.Geethanjali Ilakiyan)
[2025-10-12 11:40:59] Password reset for mobile: 9003250809 (User: Mrs R.Geethanjali Ilakiyan)
[2025-10-12 11:44:17] Password reset for mobile: 7094583131 (User: SUDHA KARTHIKEYAN)
[2025-10-12 11:58:39] Password reset for mobile: 9003250809 (User: Mrs R.Geethanjali Ilakiyan)
[2025-10-12 15:56:16] Password reset for mobile: 8122454140 (User: E. Kanagalakshmi)
[2025-10-12 16:26:54] Password reset for mobile: 9786089463 (User: Sudha thiyagu)
[2025-10-12 16:27:25] Password reset for mobile: 9786089463 (User: Sudha thiyagu)
[2025-10-12 17:22:44] Password reset for mobile: 9487847438 (User: Prema V)
[2025-10-12 17:23:45] Password reset for mobile: 9487847438 (User: Prema V)
[2025-10-12 17:25:33] Password reset for mobile: 9487847438 (User: Prema V)
[2025-10-12 17:25:57] Password reset for mobile: 9487847438 (User: Prema V)
[2025-10-12 17:32:34] Password reset for mobile: 9789901075 (User: Tamil selvi Balaguru  )
[2025-10-12 17:42:47] Password reset for mobile: 9789901075 (User: Tamil selvi Balaguru  )
[2025-10-13 04:12:07] Password reset for mobile: 8608116492 (User: Vithya A)
[2025-10-13 07:54:35] Password reset for mobile: 9487847438 (User: Prema V)
[2025-10-13 08:00:43] Password reset for mobile: 9360986357 (User: Gajalakshmi.J)
[2025-10-13 08:05:30] Password reset for mobile: 9360986357 (User: Gajalakshmi.J)
[2025-10-13 08:48:11] Password reset for mobile: 9360986357 (User: Gajalakshmi.J)
[2025-10-13 08:49:07] Password reset for mobile: 9360986357 (User: Gajalakshmi.J)
[2025-10-13 09:27:51] Password reset for mobile: 7010138355 (User: Sivasankari J)
[2025-10-13 09:27:52] Password reset for mobile: 7010138355 (User: Sivasankari J)
[2025-10-13 09:27:53] Password reset for mobile: 7010138355 (User: Sivasankari J)
[2025-10-13 09:49:55] Password reset for mobile: 7010138355 (User: Sivasankari J)
[2025-10-13 11:29:45] Password reset for mobile: 6384778574 (User: S S Karthika karthi)
[2025-10-13 11:45:44] Password reset for mobile: 6384778574 (User: S S Karthika karthi)
[2025-10-13 11:46:17] Password reset for mobile: 6384778574 (User: S S Karthika karthi)
[2025-10-13 12:17:46] Password reset for mobile: 7639182496 (User: Ponmalar)
[2025-10-13 12:17:47] Password reset for mobile: 9442761721 (User: KAVITHA  A)
[2025-10-13 12:19:53] Password reset for mobile: 7639182496 (User: Ponmalar)
[2025-10-13 12:25:42] Password reset for mobile: 7639182496 (User: Ponmalar)
[2025-10-13 12:26:17] Password reset for mobile: 7639182496 (User: Ponmalar)
[2025-10-13 12:27:36] Password reset for mobile: 7639182496 (User: Ponmalar)
[2025-10-13 13:30:08] Password reset for mobile: 9080037597 (User: Mrs. L.Gopalasubbuthai )
[2025-10-13 13:50:14] Password reset for mobile: 9080037597 (User: Mrs. L.Gopalasubbuthai )
[2025-10-13 13:50:58] Password reset for mobile: 9080037597 (User: Mrs. L.Gopalasubbuthai )
[2025-10-13 14:48:47] Password reset for mobile: 9003914215 (User: Saranya vinoth)
[2025-10-13 15:10:44] Password reset for mobile: 9445248247 (User: SRI RAMANA TRADERS)
[2025-10-13 15:11:21] Password reset for mobile: 9445248247 (User: SRI RAMANA TRADERS)
[2025-10-14 03:25:12] Password reset for mobile: 7639182496 (User: Ponmalar)
[2025-10-14 03:25:38] Password reset for mobile: 7639182496 (User: Ponmalar)
[2025-10-14 07:42:01] Password reset for mobile: 7708206408 (User: MURUGESWARI P)
[2025-10-14 12:42:12] Password reset for mobile: 9944285067 (User: S. Chitra )
[2025-10-14 12:42:43] Password reset for mobile: 9944285067 (User: S. Chitra )
[2025-10-14 13:56:55] Password reset for mobile: 7845364764 (User: K.Shanthi)
[2025-10-14 14:00:04] Password reset for mobile: 7845364764 (User: K.Shanthi)
[2025-10-14 14:11:44] Password reset for mobile: 7845364764 (User: K.Shanthi)
[2025-10-14 16:30:32] Password reset for mobile: 9944111834 (User: Anusiyadevi.s)
[2025-10-14 16:32:39] Password reset for mobile: 9003196500 (User: Tamilselvi )
[2025-10-15 05:30:47] Password reset for mobile: 9080584855 (User: Sangeetha.R)
[2025-10-15 05:41:46] Password reset for mobile: 9500251657 (User: REKHA .S)
[2025-10-15 05:41:47] Password reset for mobile: 9500251657 (User: REKHA .S)
[2025-10-15 12:26:09] Password reset for mobile: 9342048455 (User: Padmaja T)
[2025-10-15 13:42:37] Password reset for mobile: 9500055453 (User: Anandavalli.  M)
[2025-10-15 13:42:57] Password reset for mobile: 9500055453 (User: Anandavalli.  M)
[2025-10-15 13:51:05] Password reset for mobile: 9500055453 (User: Anandavalli.  M)
[2025-10-15 13:51:46] Password reset for mobile: 9500055453 (User: Anandavalli.  M)
[2025-10-15 13:54:10] Password reset for mobile: 9500055453 (User: Anandavalli.  M)
[2025-10-15 13:54:11] Password reset for mobile: 9500055453 (User: Anandavalli.  M)
[2025-10-15 13:54:12] Password reset for mobile: 9500055453 (User: Anandavalli.  M)
[2025-10-15 13:54:13] Password reset for mobile: 9500055453 (User: Anandavalli.  M)
[2025-10-15 16:07:22] Password reset for mobile: 8056798199 (User: Saranya)
[2025-10-16 05:27:56] Password reset for mobile: 9786089463 (User: Sudha thiyagu)
[2025-10-16 05:28:29] Password reset for mobile: 9786089463 (User: Sudha thiyagu)
[2025-10-16 05:46:48] Password reset for mobile: 9080584855 (User: Sangeetha.R)
[2025-10-16 06:10:55] Password reset for mobile: 8300944923 (User: Arul jothi )
[2025-10-16 06:11:20] Password reset for mobile: 8300944923 (User: Arul jothi )
[2025-10-16 06:47:29] Password reset for mobile: 9080465118 (User: RIGANA)
[2025-10-16 06:50:30] Password reset for mobile: 9080465118 (User: RIGANA)
[2025-10-16 06:56:35] Password reset for mobile: 9080465118 (User: RIGANA)
[2025-10-16 06:58:51] Password reset for mobile: 8098239906 (User: K.Kalpana)
[2025-10-16 06:59:33] Password reset for mobile: 8098239906 (User: K.Kalpana)
[2025-10-16 07:00:12] Password reset for mobile: 8098239906 (User: K.Kalpana)
[2025-10-16 07:01:05] Password reset for mobile: 8098239906 (User: K.Kalpana)
[2025-10-16 07:02:25] Password reset for mobile: 9080465118 (User: RIGANA)
[2025-10-16 07:17:52] Password reset for mobile: 9080465118 (User: RIGANA)
[2025-10-16 07:20:39] Password reset for mobile: 9080465118 (User: RIGANA)
[2025-10-16 10:00:00] Password reset for mobile: 7639182496 (User: Ponmalar)
[2025-10-16 10:00:00] Password reset for mobile: 7639182496 (User: Ponmalar)
[2025-10-16 10:00:01] Password reset for mobile: 7639182496 (User: Ponmalar)
[2025-10-16 10:00:02] Password reset for mobile: 7639182496 (User: Ponmalar)
[2025-10-16 10:00:03] Password reset for mobile: 7639182496 (User: Ponmalar)
[2025-10-16 10:00:04] Password reset for mobile: 7639182496 (User: Ponmalar)
[2025-10-16 10:00:05] Password reset for mobile: 7639182496 (User: Ponmalar)
[2025-10-16 10:00:05] Password reset for mobile: 7639182496 (User: Ponmalar)
[2025-10-16 10:00:06] Password reset for mobile: 7639182496 (User: Ponmalar)
[2025-10-16 16:12:06] Password reset for mobile: 9944285067 (User: S. Chitra )
[2025-10-16 16:35:51] Password reset for mobile: 9944285067 (User: S. Chitra )
[2025-10-16 16:36:10] Password reset for mobile: 9944285067 (User: S. Chitra )
[2025-10-16 16:38:51] Password reset for mobile: 9944285067 (User: S. Chitra )
[2025-10-16 16:38:53] Password reset for mobile: 9944285067 (User: S. Chitra )
[2025-10-16 16:41:32] Password reset for mobile: 9944285067 (User: S. Chitra )
[2025-10-16 17:29:33] Password reset for mobile: 9578536691 (User: Jayalakshmi)
[2025-10-16 17:30:27] Password reset for mobile: 9578536691 (User: Jayalakshmi)
[2025-10-17 04:06:40] Password reset for mobile: 9944285067 (User: S. Chitra )
[2025-10-17 04:06:54] Password reset for mobile: 9944285067 (User: S. Chitra )
[2025-10-17 04:06:56] Password reset for mobile: 9944285067 (User: S. Chitra )
[2025-10-17 04:07:43] Password reset for mobile: 9944285067 (User: S. Chitra )
[2025-10-17 04:08:40] Password reset for mobile: 9944285067 (User: S. Chitra )
[2025-10-17 04:22:35] Password reset for mobile: 9944285067 (User: S. Chitra )
[2025-10-17 04:23:56] Password reset for mobile: 9944285067 (User: S. Chitra )
[2025-10-17 04:23:57] Password reset for mobile: 9944285067 (User: S. Chitra )
[2025-10-17 04:24:43] Password reset for mobile: 9944285067 (User: S. Chitra )
[2025-10-17 04:25:15] Password reset for mobile: 9944285067 (User: S. Chitra )
[2025-10-17 04:25:36] Password reset for mobile: 9944285067 (User: S. Chitra )
[2025-10-17 04:25:37] Password reset for mobile: 9944285067 (User: S. Chitra )
[2025-10-17 04:25:38] Password reset for mobile: 9944285067 (User: S. Chitra )
[2025-10-17 04:25:45] Password reset for mobile: 9944285067 (User: S. Chitra )
[2025-10-17 08:57:42] Password reset for mobile: 9944285067 (User: S. Chitra )
[2025-10-17 08:59:43] Password reset for mobile: 9944285067 (User: S. Chitra )
[2025-10-17 12:09:34] Password reset for mobile: 9087272945 (User: S.Sowndarya)
[2025-10-17 12:10:45] Password reset for mobile: 9087272945 (User: S.Sowndarya)
[2025-10-17 12:53:32] Password reset for mobile: 8807743780 (User: Megala)
[2025-10-17 12:53:57] Password reset for mobile: 8807743780 (User: Megala)
[2025-10-17 12:54:38] Password reset for mobile: 8807743780 (User: Megala)
[2025-10-17 13:00:30] Password reset for mobile: 8807743780 (User: Megala)
[2025-10-17 15:32:50] Password reset for mobile: 9443805770 (User: Selvi )
[2025-10-17 15:36:58] Password reset for mobile: 9443805770 (User: Selvi )
[2025-10-17 16:54:25] Password reset for mobile: 9659626959 (User: Bharani devanathan)
[2025-10-17 17:00:07] Password reset for mobile: 9962964151 (User: A Devanathan)
[2025-10-17 17:02:25] Password reset for mobile: 9962964151 (User: A Devanathan)
[2025-10-18 02:24:40] Password reset for mobile: 9944285067 (User: S. Chitra )
[2025-10-18 02:24:50] Password reset for mobile: 9944285067 (User: S. Chitra )
[2025-10-18 02:24:51] Password reset for mobile: 9944285067 (User: S. Chitra )
[2025-10-18 03:14:39] Password reset for mobile: 9442761721 (User: KAVITHA  A)
[2025-10-18 03:14:40] Password reset for mobile: 9442761721 (User: KAVITHA  A)
[2025-10-18 03:14:41] Password reset for mobile: 9442761721 (User: KAVITHA  A)
[2025-10-18 03:14:41] Password reset for mobile: 9442761721 (User: KAVITHA  A)
[2025-10-18 03:14:42] Password reset for mobile: 9442761721 (User: KAVITHA  A)
[2025-10-18 03:15:39] Password reset for mobile: 9442761721 (User: KAVITHA  A)
[2025-10-18 03:16:05] Password reset for mobile: 9442761721 (User: KAVITHA  A)
[2025-10-18 11:07:54] Password reset for mobile: 9488808249 (User: R. Ramapriya)
[2025-10-18 11:08:41] Password reset for mobile: 9488808249 (User: R. Ramapriya)
[2025-10-18 11:09:25] Password reset for mobile: 9488808249 (User: R. Ramapriya)
[2025-10-18 14:54:01] Password reset for mobile: 9944285067 (User: S. Chitra )
[2025-10-18 14:54:21] Password reset for mobile: 9944285067 (User: S. Chitra )
[2025-10-18 14:54:22] Password reset for mobile: 9944285067 (User: S. Chitra )
[2025-10-21 10:03:55] Password reset for mobile: 8122454140 (User: E. Kanagalakshmi)
[2025-10-21 13:23:51] Password reset for mobile: 9962340293 (User: Vanitha.V)
[2025-10-21 13:24:53] Password reset for mobile: 9962340293 (User: Vanitha.V)
[2025-10-21 13:39:15] Password reset for mobile: 9944285067 (User: S. Chitra )
[2025-10-21 13:39:17] Password reset for mobile: 9944285067 (User: S. Chitra )
[2025-10-21 13:39:29] Password reset for mobile: 9944285067 (User: S. Chitra )
[2025-10-21 13:42:38] Password reset for mobile: 9884331338 (User: Velusamy)
[2025-10-21 13:45:10] Password reset for mobile: 9884331338 (User: Velusamy)
[2025-10-21 13:55:46] Password reset for mobile: 9840194865 (User: Jayalakshmi.N)
[2025-10-21 15:07:56] Password reset for mobile: 9865393623 (User: Rajkumar)
[2025-10-22 05:01:06] Password reset for mobile: 9500055453 (User: Anandavalli.  M)
[2025-10-22 05:02:06] Password reset for mobile: 9500055453 (User: Anandavalli.  M)
[2025-10-22 05:12:04] Password reset for mobile: 9500055453 (User: Anandavalli.  M)
[2025-10-22 05:12:30] Password reset for mobile: 9500055453 (User: Anandavalli.  M)
[2025-10-22 08:17:38] Password reset for mobile: 9843936743 (User: G. Gowsikadevi)
[2025-10-22 08:17:57] Password reset for mobile: 9843936743 (User: G. Gowsikadevi)
[2025-10-22 12:50:02] Password reset for mobile: 9080465118 (User: RIGANA)
[2025-10-22 12:59:54] Password reset for mobile: 9342048455 (User: Padmaja T)
[2025-10-23 03:05:38] Password reset for mobile: 9952912544 (User: SUGANTHI)
[2025-10-23 03:06:34] Password reset for mobile: 9952912544 (User: SUGANTHI)
[2025-10-23 03:07:12] Password reset for mobile: 9952912544 (User: SUGANTHI)
[2025-10-23 03:07:12] Password reset for mobile: 9952912544 (User: SUGANTHI)
[2025-10-23 03:07:52] Password reset for mobile: 9952912544 (User: SUGANTHI)
[2025-10-24 10:33:01] Password reset for mobile: 8015410650 (User: Ghousia Fathima )
[2025-10-24 10:33:58] Password reset for mobile: 8015410650 (User: Ghousia Fathima )
[2025-10-24 10:48:45] Password reset for mobile: 8015410650 (User: Ghousia Fathima )
[2025-10-24 10:49:37] Password reset for mobile: 8015410650 (User: Ghousia Fathima )
[2025-10-24 12:37:41] Password reset for mobile: 9976568108 (User: S Kohila)
[2025-10-24 13:14:51] Password reset for mobile: 9345020910 (User: Aysha Mohammad Ali )
[2025-10-24 13:15:27] Password reset for mobile: 9345020910 (User: Aysha Mohammad Ali )
[2025-10-24 14:16:12] Password reset for mobile: 9345020910 (User: Aysha Mohammad Ali )
[2025-10-24 14:44:14] Password reset for mobile: 9894036707 (User: JEYALEKSHMI C.M)
[2025-10-24 14:46:26] Password reset for mobile: 6380210299 (User: Bhuvaneswari. P)
[2025-10-24 15:46:07] Password reset for mobile: 9841433607 (User: K Tamizhmozhi)
[2025-10-24 15:49:09] Password reset for mobile: 7358912684 (User: E Sundarrajan)
[2025-10-24 16:09:36] Password reset for mobile: 7358912684 (User: E Sundarrajan)
[2025-10-25 00:50:57] Password reset for mobile: 9952912544 (User: SUGANTHI)
[2025-10-25 01:31:57] Password reset for mobile: 7418041510 (User: KAMACHI A)
[2025-10-25 01:32:36] Password reset for mobile: 7418041510 (User: KAMACHI A)
[2025-10-25 05:45:56] Password reset for mobile: 8778287447 (User: Revathi.I)
[2025-10-25 05:47:54] Password reset for mobile: 9865566110 (User: Kanimozhi M)
[2025-10-25 06:30:34] Password reset for mobile: 9444124487 (User: G.sivachandraleka)
[2025-10-25 06:31:33] Password reset for mobile: 9444124487 (User: G.sivachandraleka)
[2025-10-25 09:51:16] Password reset for mobile: 9488488143 (User: A.Kamatchi)
[2025-10-25 10:35:20] Password reset for mobile: 9585813680 (User: Santhadevi)
[2025-10-25 10:55:05] Password reset for mobile: 9585813680 (User: Santhadevi)
[2025-10-25 12:28:33] Password reset for mobile: 8637680716 (User: T.MUTHURAKKU)
[2025-10-25 12:29:14] Password reset for mobile: 8637680716 (User: T.MUTHURAKKU)
[2025-10-25 14:06:58] Password reset for mobile: 9444124487 (User: G.sivachandraleka)
[2025-10-25 14:07:50] Password reset for mobile: 9444124487 (User: G.sivachandraleka)
[2025-10-25 14:07:52] Password reset for mobile: 9444124487 (User: G.sivachandraleka)
[2025-10-25 14:09:08] Password reset for mobile: 9444124487 (User: G.sivachandraleka)
[2025-10-25 14:11:17] Password reset for mobile: 9444124487 (User: G.sivachandraleka)
[2025-10-25 14:11:18] Password reset for mobile: 9444124487 (User: G.sivachandraleka)
[2025-10-25 14:23:37] Password reset for mobile: 9942719888 (User: K. Sharmiladevi)
[2025-10-25 14:24:13] Password reset for mobile: 9942719888 (User: K. Sharmiladevi)
[2025-10-25 14:56:55] Password reset for mobile: 9942719888 (User: K. Sharmiladevi)
[2025-10-26 02:50:44] Password reset for mobile: 9894036707 (User: JEYALEKSHMI C.M)
[2025-10-26 02:53:11] Password reset for mobile: 9894036707 (User: JEYALEKSHMI C.M)
[2025-10-26 02:53:30] Password reset for mobile: 9894036707 (User: JEYALEKSHMI C.M)
[2025-10-26 02:53:54] Password reset for mobile: 9894036707 (User: JEYALEKSHMI C.M)
[2025-10-26 04:33:14] Password reset for mobile: 9944285067 (User: S. Chitra )
[2025-10-26 04:34:05] Password reset for mobile: 9944285067 (User: S. Chitra )
[2025-10-26 04:34:53] Password reset for mobile: 9944285067 (User: S. Chitra )
[2025-10-26 04:40:14] Password reset for mobile: 9944285067 (User: S. Chitra )
[2025-10-26 12:10:21] Password reset for mobile: 9944652212 (User: Asmathulla)
[2025-10-26 15:11:12] Password reset for mobile: 9742456083 (User: Savitha )
[2025-10-27 12:59:19] Password reset for mobile: 9025978152 (User: Shaajan)
[2025-10-27 13:00:57] Password reset for mobile: 9025978152 (User: Shaajan)
[2025-10-27 13:04:10] Password reset for mobile: 9025978152 (User: Shaajan)
[2025-10-27 14:27:33] Password reset for mobile: 8754008042 (User: Suganya K)
[2025-10-27 14:29:03] Password reset for mobile: 8754008042 (User: Suganya K)
[2025-10-29 06:15:41] Password reset for mobile: 9087272945 (User: S.Sowndarya)
[2025-10-29 06:16:07] Password reset for mobile: 9087272945 (User: S.Sowndarya)
[2025-10-29 08:00:41] Password reset for mobile: 7395894272 (User: C.Divya )
[2025-10-29 10:54:16] Password reset for mobile: 7418848590 (User: Rajeswari )
[2025-10-29 10:54:17] Password reset for mobile: 7418848590 (User: Rajeswari )
[2025-10-29 10:54:18] Password reset for mobile: 7418848590 (User: Rajeswari )
[2025-10-29 10:54:20] Password reset for mobile: 7418848590 (User: Rajeswari )
[2025-10-29 10:54:21] Password reset for mobile: 7418848590 (User: Rajeswari )
[2025-10-29 11:14:19] Password reset for mobile: 9342048455 (User: Padmaja T)
[2025-10-29 11:20:32] Password reset for mobile: 9342048455 (User: Padmaja T)
[2025-10-29 13:17:01] Password reset for mobile: 6380350701 (User: K Subathra )
[2025-10-29 13:17:02] Password reset for mobile: 6380350701 (User: K Subathra )
[2025-10-29 14:52:06] Password reset for mobile: 9865393623 (User: Rajkumar)
[2025-10-29 14:52:33] Password reset for mobile: 9865393623 (User: Rajkumar)
[2025-10-29 15:49:39] Password reset for mobile: 9342048455 (User: Padmaja T)
[2025-10-30 13:05:41] Password reset for mobile: 9789901075 (User: Tamil selvi Balaguru  )
[2025-10-30 13:07:31] Password reset for mobile: 9789901075 (User: Tamil selvi Balaguru  )
[2025-10-30 13:28:21] Password reset for mobile: 9789901075 (User: Tamil selvi Balaguru  )
[2025-10-31 11:04:07] Password reset for mobile: 9342048455 (User: Padmaja T)
[2025-10-31 14:07:08] Password reset for mobile: 7708484777 (User: K. Geethapriya)
[2025-10-31 14:08:22] Password reset for mobile: 9677086104 (User: K. P. Dhanalaksmi)
[2025-10-31 14:08:43] Password reset for mobile: 6380350701 (User: K Subathra )
[2025-10-31 14:09:00] Password reset for mobile: 6380350701 (User: K Subathra )
[2025-10-31 14:10:26] Password reset for mobile: 9677086104 (User: K. P. Dhanalaksmi)
[2025-10-31 14:10:46] Password reset for mobile: 9677086104 (User: K. P. Dhanalaksmi)
[2025-10-31 14:11:45] Password reset for mobile: 9677086104 (User: K. P. Dhanalaksmi)
[2025-10-31 14:16:24] Password reset for mobile: 9342574162 (User: Asha parvin)
[2025-10-31 14:19:05] Password reset for mobile: 9342574162 (User: Asha parvin)
[2025-10-31 22:47:09] Password reset for mobile: 9080584855 (User: Sangeetha.R)
[2025-10-31 22:48:32] Password reset for mobile: 9080584855 (User: Sangeetha.R)
[2025-11-01 08:09:53] Password reset for mobile: 8056499595 (User: Mani)
[2025-11-01 08:17:24] Password reset for mobile: 8056499595 (User: Mani)
[2025-11-01 08:18:51] Password reset for mobile: 8056499595 (User: Mani)
[2025-11-01 08:19:46] Password reset for mobile: 8056499595 (User: Mani)
[2025-11-01 08:19:47] Password reset for mobile: 8056499595 (User: Mani)
[2025-11-01 08:19:48] Password reset for mobile: 8056499595 (User: Mani)
[2025-11-01 10:36:38] Password reset for mobile: 9342048455 (User: Padmaja T)
[2025-11-01 16:24:11] Password reset for mobile: 8940193665 (User: S.Poonguzhali)
[2025-11-01 16:24:49] Password reset for mobile: 8940193665 (User: S.Poonguzhali)
[2025-11-02 12:05:55] Password reset for mobile: 8015410650 (User: Ghousia Fathima )
[2025-11-02 12:07:01] Password reset for mobile: 8015410650 (User: Ghousia Fathima )
[2025-11-03 05:44:57] Password reset for mobile: 9894170305 (User: Vanitha murugesan )
[2025-11-03 05:45:45] Password reset for mobile: 9894170305 (User: Vanitha murugesan )
[2025-11-03 06:20:54] Password reset for mobile: 9894170305 (User: Vanitha murugesan )
[2025-11-03 06:28:42] Password reset for mobile: 9894170305 (User: Vanitha murugesan )
[2025-11-03 06:36:48] Password reset for mobile: 9894170305 (User: Vanitha murugesan )
[2025-11-03 10:14:06] Password reset for mobile: 9566596663 (User: N.Jaya bharathi )
[2025-11-03 13:56:25] Password reset for mobile: 9894170305 (User: Vanitha murugesan )
[2025-11-03 14:16:14] Password reset for mobile: 9894170305 (User: Vanitha murugesan )
[2025-11-03 14:22:57] Password reset for mobile: 9894170305 (User: Vanitha murugesan )
[2025-11-03 14:23:25] Password reset for mobile: 9894170305 (User: Vanitha murugesan )
[2025-11-04 04:21:38] Password reset for mobile: 9894170305 (User: Vanitha murugesan )
[2025-11-04 04:26:14] Password reset for mobile: 9894170305 (User: Vanitha murugesan )
[2025-11-04 04:28:55] Password reset for mobile: 9894170305 (User: Vanitha murugesan )
[2025-11-04 05:47:57] Password reset for mobile: 9786316449 (User: Kavitha)
[2025-11-04 09:24:41] Password reset for mobile: 9994181678 (User: KARPAGAM)
[2025-11-04 10:53:04] Password reset for mobile: 6380350701 (User: K Subathra )
[2025-11-04 10:55:46] Password reset for mobile: 6380350701 (User: K Subathra )
[2025-11-04 10:56:00] Password reset for mobile: 6380350701 (User: K Subathra )
[2025-11-05 10:03:11] Password reset for mobile: 9994181678 (User: KARPAGAM)
[2025-11-05 13:14:33] Password reset for mobile: 9786316449 (User: Kavitha)
[2025-11-06 07:16:56] Password reset for mobile: 8015410650 (User: Ghousia Fathima )
[2025-11-06 07:17:20] Password reset for mobile: 8015410650 (User: Ghousia Fathima )
[2025-11-06 12:23:03] Password reset for mobile: 9445577358 (User: V. Sandhiya )
[2025-11-06 16:54:04] Password reset for mobile: 9025978152 (User: Shaajan)
[2025-11-06 16:54:33] Password reset for mobile: 9025978152 (User: Shaajan)
[2025-11-07 03:59:48] Password reset for mobile: 8903007864 (User: ABDUL KADHER JAILANI)
[2025-11-07 04:00:09] Password reset for mobile: 8903007864 (User: ABDUL KADHER JAILANI)
[2025-11-07 04:00:49] Password reset for mobile: 8903007864 (User: ABDUL KADHER JAILANI)
[2025-11-07 04:03:52] Password reset for mobile: 8903007864 (User: ABDUL KADHER JAILANI)
[2025-11-07 06:15:40] Password reset for mobile: 8270548698 (User: VISHNUPRIYA  C)
[2025-11-07 10:01:27] Password reset for mobile: 9944498048 (User: Suganthi)
[2025-11-07 10:09:53] Password reset for mobile: 9944498048 (User: Suganthi)
[2025-11-07 10:25:49] Password reset for mobile: 9944498048 (User: Suganthi)
[2025-11-07 13:10:22] Password reset for mobile: 7604905449 (User: Sangeetha)
[2025-11-08 02:51:13] Password reset for mobile: 8939155050 (User: Bharathi)
[2025-11-08 20:48:15] Password reset for mobile: 8220003663 (User: SURYA M)
[2025-11-09 09:49:12] Password reset for mobile: 8144568542 (User: Sasikalagopalkrishnan)
[2025-11-09 10:06:45] Password reset for mobile: 8144568542 (User: Sasikalagopalkrishnan)
[2025-11-09 11:35:37] Password reset for mobile: 9443072162 (User: Jayalakshmi )
[2025-11-09 12:20:02] Password reset for mobile: 9742456083 (User: Savitha )
[2025-11-09 14:57:48] Password reset for mobile: 6385484556 (User: G.Viveha)
[2025-11-09 14:58:23] Password reset for mobile: 6385484556 (User: G.Viveha)
[2025-11-10 06:47:27] Password reset for mobile: 8072185501 (User: Kokila)
[2025-11-10 09:25:07] Password reset for mobile: 9994181678 (User: KARPAGAM)
[2025-11-10 09:37:56] Password reset for mobile: 7339393678 (User: KARPAGAM)
[2025-11-10 09:39:16] Password reset for mobile: 7339393678 (User: KARPAGAM)
[2025-11-10 13:54:40] Password reset for mobile: 9994969919 (User: Ismail beevi )
[2025-11-10 13:55:21] Password reset for mobile: 9994969919 (User: Ismail beevi )
[2025-11-10 13:55:53] Password reset for mobile: 9994969919 (User: Ismail beevi )
[2025-11-11 07:12:28] Password reset for mobile: 6384778574 (User: S S Karthika karthi)
[2025-11-11 07:13:13] Password reset for mobile: 6384778574 (User: S S Karthika karthi)
[2025-11-11 07:13:14] Password reset for mobile: 6384778574 (User: S S Karthika karthi)
[2025-11-11 07:18:34] Password reset for mobile: 6384778574 (User: S S Karthika karthi)
[2025-11-11 07:39:59] Password reset for mobile: 7904667535 (User: Mohanapriya)
[2025-11-11 07:40:30] Password reset for mobile: 7904667535 (User: Mohanapriya)
[2025-11-11 15:34:47] Password reset for mobile: 9578536691 (User: Jayalakshmi)
[2025-11-11 17:25:04] Password reset for mobile: 9677086104 (User: K. P. Dhanalaksmi)
[2025-11-11 17:25:46] Password reset for mobile: 9677086104 (User: K. P. Dhanalaksmi)
[2025-11-11 17:27:01] Password reset for mobile: 9677086104 (User: K. P. Dhanalaksmi)
[2025-11-12 13:08:43] Password reset for mobile: 7397671459 (User: Deepa)
[2025-11-12 13:09:14] Password reset for mobile: 7397671459 (User: Deepa)
[2025-11-13 06:07:14] Password reset for mobile: 6381186769 (User: Varalakshmi R)
[2025-11-13 09:17:43] Password reset for mobile: 9659626959 (User: Bharani devanathan)
[2025-11-13 09:18:12] Password reset for mobile: 9659626959 (User: Bharani devanathan)
[2025-11-13 09:20:51] Password reset for mobile: 9659626959 (User: Bharani devanathan)
[2025-11-13 09:21:05] Password reset for mobile: 9659626959 (User: Bharani devanathan)
[2025-11-13 09:23:10] Password reset for mobile: 9659626959 (User: Bharani devanathan)
[2025-11-13 13:39:38] Password reset for mobile: 6380210742 (User: P. sowmiya )
[2025-11-13 13:40:02] Password reset for mobile: 6380210742 (User: P. sowmiya )
[2025-11-13 13:40:33] Password reset for mobile: 6380210742 (User: P. sowmiya )
[2025-11-14 08:32:29] Password reset for mobile: 7397671459 (User: Deepa)
[2025-11-14 08:32:50] Password reset for mobile: 7397671459 (User: Deepa)
[2025-11-15 06:24:37] Password reset for mobile: 9941353357 (User: K. DHANALAKSHMI)
[2025-11-15 06:24:38] Password reset for mobile: 9941353357 (User: K. DHANALAKSHMI)
[2025-11-16 06:06:10] Password reset for mobile: 9894906727 (User: Tamilzharasi)
[2025-11-16 09:42:36] Password reset for mobile: 9840194865 (User: Jayalakshmi.N)
[2025-11-16 13:52:36] Password reset for mobile: 9894170305 (User: Vanitha murugesan )
[2025-11-17 10:07:16] Password reset for mobile: 9788195245 (User: U.SAFRINA THAKSEEM )
[2025-11-17 10:07:46] Password reset for mobile: 9788195245 (User: U.SAFRINA THAKSEEM )
[2025-11-17 10:09:37] Password reset for mobile: 9788195245 (User: U.SAFRINA THAKSEEM )
[2025-11-19 07:41:08] Password reset for mobile: 9677086104 (User: K. P. Dhanalaksmi)
[2025-11-19 07:42:45] Password reset for mobile: 9677086104 (User: K. P. Dhanalaksmi)
[2025-11-19 07:43:22] Password reset for mobile: 9677086104 (User: K. P. Dhanalaksmi)
[2025-11-19 07:44:10] Password reset for mobile: 9677086104 (User: K. P. Dhanalaksmi)
[2025-11-19 08:36:46] Password reset for mobile: 9677086104 (User: K. P. Dhanalaksmi)
[2025-11-19 10:04:46] Password reset for mobile: 9677086104 (User: K. P. Dhanalaksmi)
[2025-11-19 10:05:46] Password reset for mobile: 9677086104 (User: K. P. Dhanalaksmi)
[2025-11-19 10:06:10] Password reset for mobile: 9677086104 (User: K. P. Dhanalaksmi)
[2025-11-19 10:07:58] Password reset for mobile: 9677086104 (User: K. P. Dhanalaksmi)
[2025-11-19 10:48:48] Password reset for mobile: 6381980901 (User: Muthu bahavathi devi)
[2025-11-20 11:20:52] Password reset for mobile: 6380833501 (User: Soniya )
[2025-11-20 11:21:33] Password reset for mobile: 6380833501 (User: Soniya )
[2025-11-20 11:23:23] Password reset for mobile: 6380833501 (User: Soniya )
[2025-11-20 11:23:44] Password reset for mobile: 6380833501 (User: Soniya )
[2025-11-20 11:36:44] Password reset for mobile: 9965789822 (User: R.Soniya)
[2025-11-20 11:49:23] Password reset for mobile: 9840194865 (User: Jayalakshmi.N)
[2025-11-21 04:06:32] Password reset for mobile: 9965789822 (User: R.Soniya)
[2025-11-21 04:07:26] Password reset for mobile: 9965789822 (User: R.Soniya)
[2025-11-21 04:08:29] Password reset for mobile: 9965789822 (User: R.Soniya)
[2025-11-21 04:08:38] Password reset for mobile: 9965789822 (User: R.Soniya)
[2025-11-21 04:09:32] Password reset for mobile: 9965789822 (User: R.Soniya)
[2025-11-21 11:00:54] Password reset for mobile: 6384778574 (User: S S Karthika karthi)
[2025-11-21 11:02:14] Password reset for mobile: 6384778574 (User: S S Karthika karthi)
[2025-11-21 11:02:15] Password reset for mobile: 6384778574 (User: S S Karthika karthi)
[2025-11-21 11:02:16] Password reset for mobile: 6384778574 (User: S S Karthika karthi)
[2025-11-21 11:02:17] Password reset for mobile: 6384778574 (User: S S Karthika karthi)
[2025-11-21 13:45:26] Password reset for mobile: 6384778574 (User: S S Karthika karthi)
[2025-11-22 07:22:12] Password reset for mobile: 9159359124 (User: Indira.s)
[2025-11-22 07:22:47] Password reset for mobile: 9159359124 (User: Indira.s)
[2025-11-22 16:21:18] Password reset for mobile: 9442696544 (User: Juslin Juno )
[2025-11-22 16:22:18] Password reset for mobile: 9442696544 (User: Juslin Juno )
[2025-11-22 16:22:26] Password reset for mobile: 9442696544 (User: Juslin Juno )
[2025-11-24 15:21:02] Password reset for mobile: 9442696544 (User: J Juslin Juno )
[2025-11-25 12:00:04] Password reset for mobile: 9123564928 (User: K.GOMATHI)
[2025-11-25 12:00:05] Password reset for mobile: 9123564928 (User: K.GOMATHI)
[2025-11-25 12:01:38] Password reset for mobile: 9123564928 (User: K.GOMATHI)
[2025-11-25 12:01:39] Password reset for mobile: 9123564928 (User: K.GOMATHI)
[2025-11-25 14:44:06] Password reset for mobile: 9659626959 (User: Bharani devanathan)
[2025-11-25 14:51:45] Password reset for mobile: 9655112226 (User: Uma Maheshwari)
[2025-11-25 15:28:22] Password reset for mobile: 9585813680 (User: Santhadevi)
[2025-11-26 10:33:09] Password reset for mobile: 7373218999 (User: P.Balasaraswathi)
[2025-11-27 08:24:25] Password reset for mobile: 6380210742 (User: P. sowmiya )
[2025-11-27 15:15:51] Password reset for mobile: 9092901738 (User: Shafeeka parvin.M)
[2025-11-27 15:19:46] Password reset for mobile: 9092901738 (User: Shafeeka parvin.M)
[2025-11-27 15:23:03] Password reset for mobile: 9943704560 (User: B.Nithya)
[2025-11-28 14:42:16] Password reset for mobile: 9600234410 (User: வனிதா )
[2025-11-28 14:42:44] Password reset for mobile: 9600234410 (User: வனிதா )
[2025-11-28 14:42:59] Password reset for mobile: 9600234410 (User: வனிதா )
[2025-11-28 14:43:53] Password reset for mobile: 9600234410 (User: வனிதா )
[2025-11-28 14:46:33] Password reset for mobile: 9600234410 (User: வனிதா )
[2025-11-28 15:40:17] Password reset for mobile: 9600234410 (User: வனிதா )
[2025-11-29 07:12:42] Password reset for mobile: 9092901738 (User: Shafeeka parvin.M)
[2025-11-29 07:13:46] Password reset for mobile: 9092901738 (User: Shafeeka parvin.M)
[2025-11-29 07:14:11] Password reset for mobile: 9092901738 (User: Shafeeka parvin.M)
[2025-11-29 07:14:44] Password reset for mobile: 9092901738 (User: Shafeeka parvin.M)
[2025-11-30 01:56:51] Password reset for mobile: 9443805770 (User: Selvi )
[2025-11-30 14:16:56] Password reset for mobile: 9443072162 (User: Jayalakshmi )
[2025-11-30 14:17:57] Password reset for mobile: 9443072162 (User: Jayalakshmi )
[2025-11-30 14:18:52] Password reset for mobile: 9342489385 (User: பாரதி)
[2025-11-30 14:20:46] Password reset for mobile: 9342489385 (User: பாரதி)
[2025-11-30 14:30:38] Password reset for mobile: 8807743780 (User: Megala)
[2025-11-30 14:30:55] Password reset for mobile: 8807743780 (User: Megala)
[2025-11-30 14:31:50] Password reset for mobile: 8807743780 (User: Megala)
[2025-11-30 14:32:22] Password reset for mobile: 8807743780 (User: Megala)
[2025-12-01 15:03:05] Password reset for mobile: 9342489385 (User: பாரதி)
[2025-12-02 08:54:03] Password reset for mobile: 9840194865 (User: Jayalakshmi.N)
[2025-12-02 08:54:46] Password reset for mobile: 9840194865 (User: Jayalakshmi.N)
[2025-12-02 08:55:23] Password reset for mobile: 9840194865 (User: Jayalakshmi.N)
[2025-12-02 09:23:12] Password reset for mobile: 9840194865 (User: Jayalakshmi.N)
[2025-12-02 09:24:41] Password reset for mobile: 9043318530 (User: Dasarathi )
[2025-12-02 10:16:54] Password reset for mobile: 9788579076 (User: Muthu bahavathi devi)
[2025-12-02 16:44:29] Password reset for mobile: 9025251088 (User: Amutha Shiva)
[2025-12-02 16:45:49] Password reset for mobile: 9025251088 (User: Amutha Shiva)
[2025-12-04 10:27:49] Password reset for mobile: 8807743780 (User: Megala)
[2025-12-04 10:28:12] Password reset for mobile: 8807743780 (User: Megala)
[2025-12-04 10:28:26] Password reset for mobile: 8807743780 (User: Megala)
[2025-12-04 10:28:47] Password reset for mobile: 8807743780 (User: Megala)
[2025-12-04 13:05:54] Password reset for mobile: 9443805770 (User: Selvi )
[2025-12-05 02:59:22] Password reset for mobile: 9443805770 (User: Selvi )
[2025-12-05 02:59:23] Password reset for mobile: 9443805770 (User: Selvi )
[2025-12-05 07:02:09] Password reset for mobile: 9791185823 (User: Sheela)
[2025-12-05 07:02:31] Password reset for mobile: 9791185823 (User: Sheela)
[2025-12-05 10:12:55] Password reset for mobile: 8124347464 (User: Varshini )
[2025-12-05 10:13:15] Password reset for mobile: 8124347464 (User: Varshini )
[2025-12-05 10:13:17] Password reset for mobile: 8124347464 (User: Varshini )
[2025-12-06 01:11:36] Password reset for mobile: 9566340562 (User: Subathra. D)
[2025-12-06 01:11:37] Password reset for mobile: 9566340562 (User: Subathra. D)
[2025-12-06 07:53:22] Password reset for mobile: 8072185501 (User: Kokila)
[2025-12-06 07:54:09] Password reset for mobile: 8072185501 (User: Kokila)
[2025-12-06 14:17:07] Password reset for mobile: 9025251088 (User: Amutha Shiva)
[2025-12-06 14:22:51] Password reset for mobile: 9025251088 (User: Amutha Shiva)
[2025-12-07 04:37:48] Password reset for mobile: 8220180436 (User: Subulakshmi)
[2025-12-07 07:01:18] Password reset for mobile: 9578536691 (User: Jayalakshmi)
[2025-12-07 07:07:43] Password reset for mobile: 9578536691 (User: Jayalakshmi)
[2025-12-08 07:00:23] Password reset for mobile: 6380833501 (User: Soniya )
[2025-12-08 07:00:40] Password reset for mobile: 6380833501 (User: Soniya )
[2025-12-08 07:04:03] Password reset for mobile: 6380833501 (User: Soniya )
[2025-12-08 07:04:24] Password reset for mobile: 6380833501 (User: Soniya )
[2025-12-08 07:05:48] Password reset for mobile: 6380833501 (User: Soniya )
[2025-12-10 04:41:58] Password reset for mobile: 9965338887 (User: Uma Maheswari )
[2025-12-10 15:18:44] Password reset for mobile: 9442696544 (User: J Juslin Juno )
[2025-12-10 15:50:30] Password reset for mobile: 9442696544 (User: J Juslin Juno )
[2025-12-10 15:51:45] Password reset for mobile: 9442696544 (User: J Juslin Juno )
[2025-12-13 04:54:33] Password reset for mobile: 9677518680 (User: Muthammal)
[2025-12-13 04:54:45] Password reset for mobile: 9677518680 (User: Muthammal)
[2025-12-13 08:14:51] Password reset for mobile: 7502259823 (User: S.Gomathy)
[2025-12-13 08:14:52] Password reset for mobile: 7502259823 (User: S.Gomathy)
[2025-12-13 08:14:54] Password reset for mobile: 7502259823 (User: S.Gomathy)
[2025-12-13 08:15:49] Password reset for mobile: 7502259823 (User: S.Gomathy)
[2025-12-13 08:16:09] Password reset for mobile: 7502259823 (User: S.Gomathy)
[2025-12-15 10:10:23] Password reset for mobile: 6380833501 (User: Soniya )
[2025-12-16 08:13:21] Password reset for mobile: 9842105190 (User: Tamilselvi)
[2025-12-16 13:01:37] Password reset for mobile: 9578536691 (User: Jayalakshmi)
[2025-12-16 13:02:30] Password reset for mobile: 9578536691 (User: Jayalakshmi)
[2025-12-16 14:00:13] Password reset for mobile: 7708484777 (User: K. Geethapriya)
[2025-12-17 08:19:48] Password reset for mobile: 7502259823 (User: S.Gomathy)
[2025-12-17 08:19:49] Password reset for mobile: 7502259823 (User: S.Gomathy)
[2025-12-17 08:19:50] Password reset for mobile: 7502259823 (User: S.Gomathy)
[2025-12-17 10:14:12] Password reset for mobile: 9043296836 (User: K sariyaameema)
[2025-12-17 10:14:33] Password reset for mobile: 9043296836 (User: K sariyaameema)
[2025-12-17 10:15:32] Password reset for mobile: 9043296836 (User: K sariyaameema)
[2025-12-17 10:19:18] Password reset for mobile: 9894036707 (User: JEYALEKSHMI C.M)
[2025-12-17 12:26:40] Password reset for mobile: 7502259823 (User: S.Gomathy)
[2025-12-17 12:26:58] Password reset for mobile: 7502259823 (User: S.Gomathy)
[2025-12-17 14:30:11] Password reset for mobile: 7502259823 (User: S.Gomathy)
[2025-12-17 14:32:56] Password reset for mobile: 7502259823 (User: S.Gomathy)
[2025-12-17 14:36:08] Password reset for mobile: 7502259823 (User: S.Gomathy)
[2025-12-17 14:37:03] Password reset for mobile: 7502259823 (User: S.Gomathy)
[2025-12-17 14:43:33] Password reset for mobile: 7502259823 (User: S.Gomathy)
[2025-12-18 06:37:20] Password reset for mobile: 9025978152 (User: Shaajan)
[2025-12-18 07:59:38] Password reset for mobile: 7502259823 (User: S.Gomathy)
[2025-12-20 06:50:24] Password reset for mobile: 8124347464 (User: Varshini )
[2025-12-20 06:50:42] Password reset for mobile: 8124347464 (User: Varshini )
[2025-12-20 08:37:06] Password reset for mobile: 7339393678 (User: KARPAGAM)
[2025-12-20 08:39:46] Password reset for mobile: 7339393678 (User: KARPAGAM)
[2025-12-20 14:36:30] Password reset for mobile: 8526307335 (User: R.KAYALVIZHI ILAYARAJA)
[2025-12-20 14:44:20] Password reset for mobile: 8526307335 (User: R.KAYALVIZHI ILAYARAJA)
[2025-12-22 06:25:04] Password reset for mobile: 9943704560 (User: B.Nithya)
[2025-12-22 06:25:06] Password reset for mobile: 9943704560 (User: B.Nithya)
[2025-12-22 15:23:14] Password reset for mobile: 7373218999 (User: P.Balasaraswathi)
[2025-12-22 15:23:34] Password reset for mobile: 7373218999 (User: P.Balasaraswathi)
[2025-12-22 15:25:22] Password reset for mobile: 7373218999 (User: P.Balasaraswathi)
[2025-12-22 15:25:52] Password reset for mobile: 7373218999 (User: P.Balasaraswathi)
[2025-12-22 15:33:29] Password reset for mobile: 7373218999 (User: P.Balasaraswathi)
[2025-12-23 07:21:04] Password reset for mobile: 6380210299 (User: Bhuvaneswari P)
[2025-12-23 07:21:32] Password reset for mobile: 6380210299 (User: Bhuvaneswari P)
[2025-12-24 08:05:26] Password reset for mobile: 8144568542 (User: Sasikalagopalkrishnan)
[2025-12-24 08:05:28] Password reset for mobile: 8144568542 (User: Sasikalagopalkrishnan)
[2026-01-02 07:22:20] Password reset for mobile: 9489384201 (User: Abinayakairasu )
[2026-01-02 07:23:54] Password reset for mobile: 9489384201 (User: Abinayakairasu )
[2026-01-02 07:24:03] Password reset for mobile: 9489384201 (User: Abinayakairasu )
[2026-01-02 07:27:14] Password reset for mobile: 9489384201 (User: Abinayakairasu )
[2026-01-02 07:28:14] Password reset for mobile: 9489384201 (User: Abinayakairasu )
[2026-01-02 14:53:33] Password reset for mobile: 9025251088 (User: Amutha Shiva)
[2026-01-02 15:23:52] Password reset for mobile: 9025251088 (User: Amutha Shiva)
[2026-01-02 16:07:35] Password reset for mobile: 9025251088 (User: Amutha Shiva)
[2026-01-03 11:41:15] Password reset for mobile: 7358912684 (User: E Sundarrajan)
[2026-01-03 11:42:13] Password reset for mobile: 7358912684 (User: E Sundarrajan)
[2026-01-03 11:50:40] Password reset for mobile: 7358912684 (User: E Sundarrajan)
[2026-01-05 10:20:19] Password reset for mobile: 9865566110 (User: Kanimozhi M)
[2026-01-05 10:21:27] Password reset for mobile: 9865566110 (User: Kanimozhi M)
[2026-01-06 12:58:45] Password reset for mobile: 9965789822 (User: R.Soniya)
[2026-01-06 16:12:07] Password reset for mobile: 6380833501 (User: Soniya )
[2026-01-06 17:20:47] Password reset for mobile: 9677518680 (User: Muthammal)
[2026-01-07 15:42:40] Password reset for mobile: 9566340562 (User: Subathra. D)
[2026-01-07 15:53:19] Password reset for mobile: 9566340562 (User: Subathra. D)
[2026-01-07 15:53:53] Password reset for mobile: 9566340562 (User: Subathra. D)
[2026-01-07 16:57:09] Password reset for mobile: 7397256746 (User: Prema priya )
[2026-01-08 09:57:14] Password reset for mobile: 9994454718 (User: Priya)
[2026-01-08 09:57:16] Password reset for mobile: 9994454718 (User: Priya)
[2026-01-08 09:57:43] Password reset for mobile: 9994454718 (User: Priya)
[2026-01-08 09:58:47] Password reset for mobile: 9994454718 (User: Priya)
[2026-01-09 09:14:30] Password reset for mobile: 9962964151 (User: A Devanathan)
[2026-01-09 09:21:33] Password reset for mobile: 9962964151 (User: A Devanathan)
[2026-01-09 11:16:59] Password reset for mobile: 9677518680 (User: Muthammal)
[2026-01-09 11:17:42] Password reset for mobile: 9677518680 (User: Muthammal)
[2026-01-10 03:00:37] Password reset for mobile: 9025978152 (User: Shaajan)
[2026-01-12 04:03:00] Password reset for mobile: 9092901738 (User: Shafeeka parvin.M)
[2026-01-12 04:03:17] Password reset for mobile: 9092901738 (User: Shafeeka parvin.M)
[2026-01-12 04:04:25] Password reset for mobile: 9092901738 (User: Shafeeka parvin.M)
[2026-01-12 04:05:25] Password reset for mobile: 9092901738 (User: Shafeeka parvin.M)
[2026-01-12 04:05:57] Password reset for mobile: 9092901738 (User: Shafeeka parvin.M)
[2026-01-12 13:46:54] Password reset for mobile: 9942737320 (User: S.Rethinamala)
[2026-01-12 13:47:09] Password reset for mobile: 9942737320 (User: S.Rethinamala)
[2026-01-12 13:47:21] Password reset for mobile: 9942737320 (User: S.Rethinamala)
[2026-01-12 14:09:37] Password reset for mobile: 7010018262 (User: Divya Ravikumar)
[2026-01-12 14:59:59] Password reset for mobile: 7010018262 (User: Divya Ravikumar)
[2026-01-12 16:09:58] Password reset for mobile: 7708484777 (User: K. Geethapriya)
[2026-01-12 16:16:50] Password reset for mobile: 7708484777 (User: K. Geethapriya)
[2026-01-12 16:19:41] Password reset for mobile: 7708484777 (User: K. Geethapriya)
[2026-01-15 16:58:56] Password reset for mobile: 9942737320 (User: S.Rethinamala)
[2026-01-15 17:02:34] Password reset for mobile: 9942737320 (User: S.Rethinamala)
[2026-01-16 03:07:10] Password reset for mobile: 9942737320 (User: S.Rethinamala)
[2026-01-16 03:27:04] Password reset for mobile: 9942737320 (User: S.Rethinamala)
[2026-01-16 03:28:55] Password reset for mobile: 9942737320 (User: S.Rethinamala)
[2026-01-19 07:21:58] Password reset for mobile: 9994181678 (User: KARPAGAM S)
[2026-01-19 07:22:24] Password reset for mobile: 7339393678 (User: KARPAGAM)
[2026-01-21 03:37:02] Password reset for mobile: 9688572222 (User: B.SANGEETHA)
[2026-01-21 03:38:43] Password reset for mobile: 9688572222 (User: B.SANGEETHA)
[2026-01-21 03:40:31] Password reset for mobile: 9688572222 (User: B.SANGEETHA)
[2026-01-22 07:32:26] Password reset for mobile: 7305268604 (User: Karthika. K)
[2026-01-22 07:33:19] Password reset for mobile: 7305268604 (User: Karthika. K)
[2026-01-22 10:37:18] Password reset for mobile: 9597285750 (User: G. Priyadharshini)
[2026-01-22 10:37:57] Password reset for mobile: 9597285750 (User: G. Priyadharshini)
[2026-01-22 14:08:17] Password reset for mobile: 9500899653 (User: NM Akila Balaganesh)
[2026-01-22 14:08:49] Password reset for mobile: 9500899653 (User: NM Akila Balaganesh)
[2026-01-22 14:10:31] Password reset for mobile: 9500899653 (User: NM Akila Balaganesh)
[2026-01-22 15:19:58] Password reset for mobile: 9095148251 (User: CHITRA N)
[2026-01-22 15:20:34] Password reset for mobile: 9095148251 (User: CHITRA N)
[2026-01-23 11:18:53] Password reset for mobile: 9500899653 (User: NM Akila Balaganesh)
[2026-01-23 11:21:08] Password reset for mobile: 9500899653 (User: NM Akila Balaganesh)
[2026-01-25 05:41:51] Password reset for mobile: 9095148251 (User: CHITRA N)
[2026-01-25 07:41:04] Password reset for mobile: 9095148251 (User: CHITRA N)
[2026-01-25 14:09:53] Password reset for mobile: 9095148251 (User: CHITRA N)
[2026-01-25 14:09:55] Password reset for mobile: 9095148251 (User: CHITRA N)
[2026-01-26 06:19:35] Password reset for mobile: 8220568757 (User: Nithya )
[2026-01-26 06:24:54] Password reset for mobile: 8220568757 (User: Nithya )
[2026-01-26 06:26:01] Password reset for mobile: 8220568757 (User: Nithya )
[2026-01-26 11:00:41] Password reset for mobile: 8220568757 (User: Nithya )
[2026-01-26 11:30:59] Password reset for mobile: 9688572222 (User: B.SANGEETHA)
[2026-01-26 11:32:10] Password reset for mobile: 9688572222 (User: B.SANGEETHA)
[2026-01-26 11:54:22] Password reset for mobile: 9688572222 (User: B.SANGEETHA)
[2026-01-26 11:55:10] Password reset for mobile: 9688572222 (User: B.SANGEETHA)
[2026-01-26 11:57:18] Password reset for mobile: 9688572222 (User: B.SANGEETHA)
[2026-01-26 14:18:07] Password reset for mobile: 9566340562 (User: Subathra. D)
[2026-01-26 14:36:46] Password reset for mobile: 8220012069 (User: Nithya )
[2026-01-26 14:39:20] Password reset for mobile: 8220012069 (User: Nithya )
[2026-01-26 14:42:28] Password reset for mobile: 8220012069 (User: Nithya )
[2026-01-26 14:44:07] Password reset for mobile: 8220012069 (User: Nithya )
[2026-01-27 14:01:02] Password reset for mobile: 7358259688 (User: Vijaya Bharathi)
[2026-01-27 16:57:14] Password reset for mobile: 9095148251 (User: CHITRA N)
[2026-01-28 08:01:56] Password reset for mobile: 9025978152 (User: Shaajan)
[2026-01-28 10:00:20] Password reset for mobile: 9994540373 (User: Sri Lekha)
[2026-01-30 13:40:06] Password reset for mobile: 9710682208 (User: Sasikala)
[2026-01-31 08:51:22] Password reset for mobile: 7094075177 (User: R sathya)
[2026-01-31 10:15:40] Password reset for mobile: 7094075177 (User: R sathya)
[2026-01-31 11:58:29] Password reset for mobile: 9444340845 (User: Uma)
[2026-02-02 14:13:58] Password reset for mobile: 8122662166 (User: Saranya)
[2026-02-05 04:29:29] Password reset for mobile: 9786089463 (User: Sudha thiyagu)
[2026-02-06 05:34:13] Password reset for mobile: 9585668135 (User: Rekha m)
[2026-02-06 05:36:43] Password reset for mobile: 9585668135 (User: Rekha m)
[2026-02-07 17:36:07] Password reset for mobile: 9578536691 (User: Jayalakshmi)
[2026-02-07 17:39:56] Password reset for mobile: 9578536691 (User: Jayalakshmi)
[2026-02-07 17:46:56] Password reset for mobile: 9578536691 (User: Jayalakshmi)
[2026-02-07 17:53:14] Password reset for mobile: 9578536691 (User: Jayalakshmi)
[2026-02-08 11:56:09] Password reset for mobile: 9600274100 (User: Nagashree Hemalakshmi)
[2026-02-09 13:54:26] Password reset for mobile: 9245150765 (User: Shobana S)
[2026-02-09 15:22:50] Password reset for mobile: 9600274100 (User: Nagashree Hemalakshmi)
[2026-02-10 17:44:20] Password reset for mobile: 8220012069 (User: Nithya )
[2026-02-10 17:46:53] Password reset for mobile: 8220012069 (User: Nithya )
[2026-02-10 17:47:54] Password reset for mobile: 8220012069 (User: Nithya )
[2026-02-10 17:51:58] Password reset for mobile: 8220012069 (User: Nithya )
[2026-02-11 17:08:42] Password reset for mobile: 8220012069 (User: Nithya )
[2026-02-11 17:09:27] Password reset for mobile: 8220012069 (User: Nithya )
[2026-02-11 17:14:20] Password reset for mobile: 8220012069 (User: Nithya )
[2026-02-13 15:00:44] Password reset for mobile: 8220012069 (User: Nithya )
[2026-02-13 15:02:31] Password reset for mobile: 8220012069 (User: Nithya )
[2026-02-13 15:12:46] Password reset for mobile: 8220012069 (User: Nithya )
[2026-02-13 15:13:57] Password reset for mobile: 8220012069 (User: Nithya )
[2026-02-15 04:46:37] Password reset for mobile: 9585668135 (User: Rekha m)
[2026-02-20 06:34:25] Password reset for mobile: 6380673062 (User: Bhakya K)
[2026-02-20 06:34:30] Password reset for mobile: 6380673062 (User: Bhakya K)
[2026-02-20 11:51:46] Password reset for mobile: 6380673062 (User: Bhakya K)
[2026-02-20 11:52:15] Password reset for mobile: 6380673062 (User: Bhakya K)
[2026-02-20 11:52:44] Password reset for mobile: 6380673062 (User: Bhakya K)
[2026-02-20 11:53:02] Password reset for mobile: 6380673062 (User: Bhakya K)
[2026-02-20 11:53:08] Password reset for mobile: 6380673062 (User: Bhakya K)
[2026-02-24 05:11:34] Password reset for mobile: 6380210742 (User: P. sowmiya )
[2026-02-26 02:21:47] Password reset for mobile: 8220003663 (User: SURYA M)
[2026-02-26 10:28:10] Password reset for mobile: 9751872343 (User: Kowsalya )
[2026-02-28 07:07:42] Password reset for mobile: 9361994332 (User: Dharshini P)
[2026-02-28 11:12:13] Password reset for mobile: 9095148251 (User: CHITRA N)
[2026-03-03 15:48:39] Password reset for mobile: 9600274100 (User: Nagashree Hemalakshmi)
[2026-03-03 15:48:41] Password reset for mobile: 9600274100 (User: Nagashree Hemalakshmi)
[2026-03-03 15:53:10] Password reset for mobile: 9600274100 (User: Nagashree Hemalakshmi)
[2026-03-06 11:42:43] Password reset for mobile: 6380673062 (User: Bhakya K)
[2026-03-06 11:44:07] Password reset for mobile: 6380673062 (User: Bhakya K)
[2026-03-06 11:48:17] Password reset for mobile: 6380673062 (User: Bhakya K)
[2026-03-06 11:48:47] Password reset for mobile: 6380673062 (User: Bhakya K)
[2026-03-06 11:48:54] Password reset for mobile: 6380673062 (User: Bhakya K)
[2026-03-10 05:16:06] Password reset for mobile: 9095148251 (User: CHITRA N)
[2026-03-10 05:16:22] Password reset for mobile: 9095148251 (User: CHITRA N)
[2026-03-10 07:04:53] Password reset for mobile: 9566340562 (User: Subathra. D)
[2026-03-10 07:05:30] Password reset for mobile: 9566340562 (User: Subathra. D)
[2026-03-10 07:05:31] Password reset for mobile: 9566340562 (User: Subathra. D)
[2026-03-10 07:05:31] Password reset for mobile: 9566340562 (User: Subathra. D)
[2026-03-10 07:05:33] Password reset for mobile: 9566340562 (User: Subathra. D)
[2026-03-11 09:36:26] Password reset for mobile: 8098623488 (User: E. Anbarasi)
[2026-03-11 09:36:58] Password reset for mobile: 8098623488 (User: E. Anbarasi)
[2026-03-12 17:08:45] Password reset for mobile: 9741430203 (User: B. Kiruthika)
[2026-03-12 17:10:19] Password reset for mobile: 9741430203 (User: B. Kiruthika)
[2026-03-17 06:27:14] Password reset for mobile: 9741430203 (User: B. Kiruthika)
[2026-03-18 14:28:11] Password reset for mobile: 9600274100 (User: Nagashree Hemalakshmi)
[2026-03-18 14:30:20] Password reset for mobile: 9600274100 (User: Nagashree Hemalakshmi)
[2026-03-18 14:30:21] Password reset for mobile: 9600274100 (User: Nagashree Hemalakshmi)
[2026-03-18 14:31:12] Password reset for mobile: 9600274100 (User: Nagashree Hemalakshmi)
[2026-03-18 15:02:55] Password reset for mobile: 9600274100 (User: Nagashree Hemalakshmi)
[2026-03-18 15:03:29] Password reset for mobile: 9600274100 (User: Nagashree Hemalakshmi)
[2026-03-19 04:31:49] Password reset for mobile: 9600274100 (User: Nagashree Hemalakshmi)
[2026-03-19 04:32:53] Password reset for mobile: 9600274100 (User: Nagashree Hemalakshmi)
[2026-03-19 04:35:51] Password reset for mobile: 9600274100 (User: Nagashree Hemalakshmi)
[2026-03-19 04:37:02] Password reset for mobile: 9600274100 (User: Nagashree Hemalakshmi)
[2026-03-19 04:38:58] Password reset for mobile: 9600274100 (User: Nagashree Hemalakshmi)
[2026-03-19 08:07:37] Password reset for mobile: 9600274100 (User: Nagashree Hemalakshmi)
[2026-03-20 12:06:28] Password reset for mobile: 7418041510 (User: KAMACHI A)
[2026-03-20 12:24:00] Password reset for mobile: 7418041510 (User: KAMACHI A)
[2026-03-21 04:36:20] Password reset for mobile: 9600274100 (User: Nagashree Hemalakshmi)
[2026-03-21 04:36:42] Password reset for mobile: 9600274100 (User: Nagashree Hemalakshmi)
[2026-03-21 04:37:48] Password reset for mobile: 9600274100 (User: Nagashree Hemalakshmi)
[2026-03-21 04:42:07] Password reset for mobile: 9600274100 (User: Nagashree Hemalakshmi)
[2026-03-21 05:23:59] Password reset for mobile: 8072137736 (User: S. Sharmila)
[2026-03-21 05:24:54] Password reset for mobile: 8072137736 (User: S. Sharmila)
[2026-03-21 05:32:52] Password reset for mobile: 8072137736 (User: S. Sharmila)
[2026-03-21 05:33:07] Password reset for mobile: 8072137736 (User: S. Sharmila)
[2026-03-26 09:37:26] Password reset for mobile: 9840086104 (User: K. P. Dhanalaksmi)
[2026-03-26 09:37:53] Password reset for mobile: 9840086104 (User: K. P. Dhanalaksmi)
[2026-03-31 15:32:35] Password reset for mobile: 9514580100 (User: Ranjana.R)
[2026-04-01 13:32:37] Password reset for mobile: 8072185501 (User: Kokila)
[2026-04-01 13:33:58] Password reset for mobile: 8072185501 (User: Kokila)
[2026-04-01 14:18:21] Password reset for mobile: 9994578159 (User: K.s sathiya)
[2026-04-02 02:23:13] Password reset for mobile: 8072185501 (User: Kokila)
[2026-04-02 05:31:03] Password reset for mobile: 8072185501 (User: Kokila)
[2026-04-04 12:47:21] Password reset for mobile: 9994591826 (User: Kavitha S)
[2026-04-04 12:47:56] Password reset for mobile: 9994591826 (User: Kavitha S)
[2026-04-04 12:48:54] Password reset for mobile: 9994591826 (User: Kavitha S)
[2026-04-05 13:43:45] Password reset for mobile: 7200200337 (User: Yogambal)
[2026-04-05 13:44:09] Password reset for mobile: 7200200337 (User: Yogambal)
[2026-04-05 13:44:31] Password reset for mobile: 7200200337 (User: Yogambal)
[2026-04-05 13:45:36] Password reset for mobile: 7200200337 (User: Yogambal)
[2026-04-07 05:57:21] Password reset for mobile: 7200200337 (User: Yogambal)
[2026-04-07 05:57:48] Password reset for mobile: 7200200337 (User: Yogambal)
[2026-04-07 05:59:28] Password reset for mobile: 7200200337 (User: Yogambal)
[2026-04-07 06:01:27] Password reset for mobile: 7200200337 (User: Yogambal)
[2026-04-07 06:01:40] Password reset for mobile: 7200200337 (User: Yogambal)
[2026-04-07 06:01:50] Password reset for mobile: 7200200337 (User: Yogambal)
[2026-04-07 13:21:07] Password reset for mobile: 9994540373 (User: Sri Lekha)
[2026-04-08 02:33:14] Password reset for mobile: 8072185501 (User: Kokila)
[2026-04-08 05:24:58] Password reset for mobile: 8072185501 (User: Kokila)
[2026-04-08 05:28:02] Password reset for mobile: 8072185501 (User: Kokila)
[2026-04-08 05:36:00] Password reset for mobile: 7200200337 (User: Yogambal)
[2026-04-08 05:36:10] Password reset for mobile: 7200200337 (User: Yogambal)
[2026-04-08 05:37:24] Password reset for mobile: 7200200337 (User: Yogambal)
[2026-04-08 06:16:35] Password reset for mobile: 8072185501 (User: Kokila)
[2026-04-08 13:27:57] Password reset for mobile: 9994540373 (User: Sri Lekha)
[2026-04-08 14:07:00] Password reset for mobile: 9994540373 (User: Sri Lekha)
[2026-04-09 17:54:01] Password reset for mobile: 9600383334 (User: J.Bhuvaneswari Karthikeyan)
[2026-04-09 17:54:57] Password reset for mobile: 9600383334 (User: J.Bhuvaneswari Karthikeyan)
[2026-04-10 06:26:13] Password reset for mobile: 9600383334 (User: J.Bhuvaneswari Karthikeyan)
[2026-04-11 10:12:18] Password reset for mobile: 7502444092 (User: K.S SANTHIYA)
[2026-04-11 10:14:25] Password reset for mobile: 7502444092 (User: K.S SANTHIYA)
[2026-04-11 10:14:44] Password reset for mobile: 7502444092 (User: K.S SANTHIYA)
[2026-04-11 10:16:22] Password reset for mobile: 7502444092 (User: K.S SANTHIYA)
[2026-04-11 10:16:22] Password reset for mobile: 7502444092 (User: K.S SANTHIYA)
[2026-04-11 14:55:42] Password reset for mobile: 9360830057 (User: D.Jayalakshmi)
[2026-04-14 11:40:31] Password reset for mobile: 9361095963 (User: ANUSHYA)
[2026-04-15 09:48:19] Password reset for mobile: 9489384201 (User: Abinayakairasu )
[2026-04-17 13:14:25] Password reset for mobile: 9943302683 (User: P Anitha)
[2026-04-17 13:14:46] Password reset for mobile: 9943302683 (User: P Anitha)
[2026-04-22 07:52:59] Password reset for mobile: 8940362705 (User: Kalaiyarasi)
[2026-04-22 08:05:24] Password reset for mobile: 8940362705 (User: Kalaiyarasi)
[2026-04-22 08:06:14] Password reset for mobile: 8940362705 (User: Kalaiyarasi)
[2026-04-22 14:34:39] Password reset for mobile: 7200200337 (User: Yogambal)
[2026-04-22 14:40:40] Password reset for mobile: 7200200337 (User: Yogambal)
[2026-04-22 14:42:18] Password reset for mobile: 7200200337 (User: Yogambal)
[2026-04-23 07:52:14] Password reset for mobile: 6380210742 (User: P. sowmiya )
[2026-05-02 01:40:03] Password reset for mobile: 9361340042 (User: Meena R)
[2026-05-02 01:41:17] Password reset for mobile: 9361340042 (User: Meena R)
[2026-05-02 01:52:25] Password reset for mobile: 9361340042 (User: Meena R)
[2026-05-02 01:55:21] Password reset for mobile: 9361340042 (User: Meena R)
[2026-05-02 01:55:53] Password reset for mobile: 9361340042 (User: Meena R)
[2026-05-03 03:33:04] Password reset for mobile: 9361340042 (User: Meena R)
[2026-05-03 03:44:09] Password reset for mobile: 9361340042 (User: Meena R)
[2026-05-03 08:24:25] Password reset for mobile: 9361340042 (User: Meena R)
[2026-05-03 08:37:57] Password reset for mobile: 9361340042 (User: Meena R)
[2026-05-03 08:46:49] Password reset for mobile: 9361340042 (User: Meena R)
[2026-05-05 08:34:59] Password reset for mobile: 8438347708 (User: R.Varalakshmi )
[2026-05-09 06:09:26] Password reset for mobile: 9361340042 (User: Meena R)
[2026-05-12 07:25:42] Password reset for mobile: 9361340042 (User: Meena R)
[2026-05-12 15:22:51] Password reset for mobile: 9361340042 (User: Meena R)
[2026-05-13 07:45:41] Password reset for mobile: 9361340042 (User: Meena R)
[2026-05-13 11:39:19] Password reset for mobile: 9361340042 (User: Meena R)
[2026-05-13 11:39:21] Password reset for mobile: 9361340042 (User: Meena R)
[2026-05-13 11:39:22] Password reset for mobile: 9361340042 (User: Meena R)
[2026-05-13 11:39:23] Password reset for mobile: 9361340042 (User: Meena R)
[2026-05-13 11:39:24] Password reset for mobile: 9361340042 (User: Meena R)
[2026-05-13 15:22:41] Password reset for mobile: 9865393623 (User: Rajkumar)
[2026-05-13 15:23:25] Password reset for mobile: 9865393623 (User: Rajkumar)
[2026-05-13 15:23:27] Password reset for mobile: 9865393623 (User: Rajkumar)
[2026-05-15 06:42:31] Password reset for mobile: 9597805879 (User: GowthamiBharath)
[2026-05-16 09:49:51] Password reset for mobile: 7667903750 (User: Thanalakshmi )
[2026-05-17 01:53:00] Password reset for mobile: 9865393623 (User: Rajkumar)
[2026-05-17 01:53:01] Password reset for mobile: 9865393623 (User: Rajkumar)
[2026-05-17 01:53:20] Password reset for mobile: 9865393623 (User: Rajkumar)
[2026-05-20 13:04:03] Password reset for mobile: 7639182496 (User: Ponmalar)
[2026-05-21 11:09:58] Password reset for mobile: 9361340042 (User: Meena R)
[2026-05-21 11:12:06] Password reset for mobile: 9361340042 (User: Meena R)
[2026-05-21 13:31:22] Password reset for mobile: 6383664081 (User: Ambika  Raja)
[2026-05-26 14:06:27] Password reset for mobile: 9865393623 (User: Rajkumar)
[2026-05-26 14:07:17] Password reset for mobile: 9865393623 (User: Rajkumar)
