[2025-10-11 06:26:53] Password reset for mobile: 9952428768 (User: Abhinesh)
[2025-10-11 12:39:14] Password reset for mobile: 9655214239 (User: T.Indumathi)
[2025-10-11 12:39:55] Password reset for mobile: 9655214239 (User: T.Indumathi)
[2025-10-11 13:18:28] Password reset for mobile: 9514934145 (User: Kavithamani B)
[2025-10-11 13:19:14] Password reset for mobile: 9514934145 (User: Kavithamani B)
[2025-10-11 13:44:24] Password reset for mobile: 8098660077 (User: JEYANTHI K)
[2025-10-11 13:58:06] Password reset for mobile: 8098660077 (User: JEYANTHI K)
[2025-10-11 14:03:50] Password reset for mobile: 8098660077 (User: JEYANTHI K)
[2025-10-11 14:14:16] Password reset for mobile: 9840187119 (User: LATHA DEVARAJULU)
[2025-10-11 14:14:22] Password reset for mobile: 9514934145 (User: Kavithamani B)
[2025-10-11 14:15:02] Password reset for mobile: 9840187119 (User: LATHA DEVARAJULU)
[2025-10-11 14:20:07] Password reset for mobile: 9585277111 (User: CHITRA AVINASH A R)
[2025-10-11 14:21:08] Password reset for mobile: 9514934145 (User: Kavithamani B)
[2025-10-11 16:06:27] Password reset for mobile: 7558116622 (User: SANTHIYA N)
[2025-10-12 12:37:55] Password reset for mobile: 9629339829 (User: SUMATHI L)
[2025-10-13 06:17:43] Password reset for mobile: 8754750079 (User: M.Rajalakshmi)
[2025-10-13 06:18:07] Password reset for mobile: 8754750079 (User: M.Rajalakshmi)
[2025-10-13 06:32:03] Password reset for mobile: 9384925222 (User: MUKIL ARASI MARIRAJAN)
[2025-10-13 06:32:17] Password reset for mobile: 9384925222 (User: MUKIL ARASI MARIRAJAN)
[2025-10-13 06:32:51] Password reset for mobile: 9384925222 (User: MUKIL ARASI MARIRAJAN)
[2025-10-13 07:01:37] Password reset for mobile: 9943482496 (User: SMITHA O M )
[2025-10-13 07:04:22] Password reset for mobile: 9943482496 (User: SMITHA O M )
[2025-10-13 08:55:33] Password reset for mobile: 9443383555 (User: VIJAYAKUMAR )
[2025-10-13 08:58:18] Password reset for mobile: 9443383555 (User: VIJAYAKUMAR )
[2025-10-13 10:02:11] Password reset for mobile: 7667709887 (User: LOKESHWARI M)
[2025-10-13 12:12:37] Password reset for mobile: 8608052683 (User: R.Valarmathi)
[2025-10-13 18:13:52] Password reset for mobile: 9444744700 (User: FIVE HANDS TRADERS)
[2025-10-13 18:22:54] Password reset for mobile: 9345004704 (User: FIVE HANDS TRADERS)
[2025-10-14 05:51:34] Password reset for mobile: 8778865044 (User: RUBA BHARATHI S)
[2025-10-14 05:53:19] Password reset for mobile: 8778865044 (User: RUBA BHARATHI S)
[2025-10-14 06:52:51] Password reset for mobile: 9840094984 (User: KANMANI EMPRESS)
[2025-10-14 07:13:42] Password reset for mobile: 9840094984 (User: KANMANI EMPRESS)
[2025-10-14 08:01:45] Password reset for mobile: 9943482496 (User: SMITHA O M )
[2025-10-14 08:02:49] Password reset for mobile: 9943482496 (User: SMITHA O M )
[2025-10-14 08:44:24] Password reset for mobile: 8778865044 (User: RUBA BHARATHI S)
[2025-10-14 09:02:36] Password reset for mobile: 9840094984 (User: KANMANI EMPRESS)
[2025-10-14 09:14:39] Password reset for mobile: 9962920399 (User: AARTHI PRIYADHARSHINI)
[2025-10-14 09:15:21] Password reset for mobile: 9962920399 (User: AARTHI PRIYADHARSHINI)
[2025-10-14 11:51:52] Password reset for mobile: 8608052683 (User: R.Valarmathi)
[2025-10-14 15:18:22] Password reset for mobile: 7904112143 (User: R.RAMESH)
[2025-10-15 07:25:32] Password reset for mobile: 6374841563 (User: FIVE HANDS TRADERS)
[2025-10-15 15:20:08] Password reset for mobile: 9585523332 (User: CHITRA AVINASH A R)
[2025-10-15 15:24:38] Password reset for mobile: 9585523332 (User: CHITRA AVINASH A R)
[2025-10-16 09:22:20] Password reset for mobile: 9585523332 (User: CHITRA AVINASH A R)
[2025-10-17 05:45:16] Password reset for mobile: 9791396360 (User: B.PAVITHRA)
[2025-10-17 07:58:08] Password reset for mobile: 9894006417 (User: POONGODI M)
[2025-10-17 07:58:52] Password reset for mobile: 9894006417 (User: POONGODI M)
[2025-10-17 08:04:45] Password reset for mobile: 9894006417 (User: POONGODI M)
[2025-10-17 08:51:05] Password reset for mobile: 6380386848 (User: CHANDRA P)
[2025-10-19 05:18:01] Password reset for mobile: 8300099499 (User: NORTH POLE TRADERS, HARIPRASATH)
[2025-10-19 11:50:31] Password reset for mobile: 7904112143 (User: R.RAMESH)
[2025-10-19 11:56:44] Password reset for mobile: 7904112143 (User: R.RAMESH)
[2025-10-21 12:57:49] Password reset for mobile: 9025273076 (User: Sonia. M)
[2025-10-22 07:45:57] Password reset for mobile: 7904112143 (User: R.RAMESH)
[2025-10-23 08:30:33] Password reset for mobile: 7904112143 (User: R.RAMESH)
[2025-10-25 10:24:25] Password reset for mobile: 7667709887 (User: LOKESHWARI M)
[2025-10-25 10:25:19] Password reset for mobile: 7667709887 (User: LOKESHWARI M)
[2025-10-27 07:36:19] Password reset for mobile: 9840633849 (User: MANISHA M)
[2025-10-27 07:48:07] Password reset for mobile: 9840633849 (User: MANISHA M)
[2025-10-28 08:33:24] Password reset for mobile: 9962920399 (User: AARTHI PRIYADHARSHINI)
[2025-10-28 08:35:25] Password reset for mobile: 9962920399 (User: AARTHI PRIYADHARSHINI)
[2025-10-29 14:19:25] Password reset for mobile: 7667709887 (User: LOKESHWARI M)
[2025-10-29 14:21:38] Password reset for mobile: 7667709887 (User: LOKESHWARI M)
[2025-10-29 15:31:46] Password reset for mobile: 9840176279 (User: SUMITHRA)
[2025-10-29 15:31:47] Password reset for mobile: 9840176279 (User: SUMITHRA)
[2025-10-29 15:31:48] Password reset for mobile: 9840176279 (User: SUMITHRA)
[2025-10-29 15:41:02] Password reset for mobile: 9840176279 (User: SUMITHRA)
[2025-10-29 15:42:16] Password reset for mobile: 9840176279 (User: SUMITHRA)
[2025-10-29 15:42:16] Password reset for mobile: 9840176279 (User: SUMITHRA)
[2025-10-30 05:32:38] Password reset for mobile: 9585123124 (User: SATHYAM TRADERS)
[2025-12-03 10:22:42] Password reset for mobile: 7550055631 (User: Anuvarshini V)
[2026-01-02 09:08:43] Password reset for mobile: 7598638669 (User: SMITHA O M)
[2026-01-07 17:13:58] Password reset for mobile: 9840176279 (User: SUMITHRA)
[2026-01-07 17:13:59] Password reset for mobile: 9840176279 (User: SUMITHRA)
[2026-01-10 07:38:36] Password reset for mobile: 7598638669 (User: SMITHA O M)
[2026-01-26 06:05:37] Password reset for mobile: 9840176279 (User: SUMITHRA)
[2026-01-26 06:06:29] Password reset for mobile: 9840176279 (User: SUMITHRA)
[2026-03-14 07:28:53] Password reset for mobile: 6384778574 (User: S. S. KARTHIKA KARTHI )
[2026-03-14 07:29:32] Password reset for mobile: 6384778574 (User: S. S. KARTHIKA KARTHI )
[2026-03-17 11:54:15] Password reset for mobile: 6384778574 (User: S. S. KARTHIKA KARTHI )
[2026-03-26 07:29:38] Password reset for mobile: 6380386848 (User: CHANDRA P)
